[  1%] Built target sorting_interfaces__rosidl_generator_type_description
[  1%] Built target ament_cmake_python_copy_sorting_interfaces
[ 23%] Built target sorting_interfaces__rosidl_generator_c
[ 25%] Built target sorting_interfaces__cpp
[ 34%] Built target sorting_interfaces__rosidl_typesupport_introspection_c
[ 43%] Built target sorting_interfaces__rosidl_typesupport_fastrtps_cpp
[ 53%] Built target sorting_interfaces__rosidl_typesupport_fastrtps_c
[ 62%] Built target sorting_interfaces__rosidl_typesupport_introspection_cpp
[ 71%] Built target sorting_interfaces__rosidl_typesupport_c
[ 81%] Built target sorting_interfaces__rosidl_typesupport_cpp
[ 81%] Built target sorting_interfaces
[ 82%] Built target sorting_interfaces__py
[ 90%] Built target sorting_interfaces__rosidl_generator_py
[ 96%] Built target sorting_interfaces_s__rosidl_typesupport_c
[ 96%] Built target sorting_interfaces_s__rosidl_typesupport_introspection_c
[100%] Built target sorting_interfaces_s__rosidl_typesupport_fastrtps_c
running egg_info
writing sorting_interfaces.egg-info/PKG-INFO
writing dependency_links to sorting_interfaces.egg-info/dependency_links.txt
writing top-level names to sorting_interfaces.egg-info/top_level.txt
reading manifest file 'sorting_interfaces.egg-info/SOURCES.txt'
writing manifest file 'sorting_interfaces.egg-info/SOURCES.txt'
[100%] Built target ament_cmake_python_build_sorting_interfaces_egg
-- Install configuration: ""
-- Up-to-date: /home/rcli/ws_sorting_final/install/sorting_interfaces/share/ament_index/resource_index/rosidl_interfaces/sorting_interfaces
-- Up-to-date: /home/rcli/ws_sorting_final/install/sorting_interfaces/share/sorting_interfaces/msg/DetectedObject.json
-- Up-to-date: /home/rcli/ws_sorting_final/install/sorting_interfaces/share/sorting_interfaces/msg/DetectedObjectArray.json
-- Up-to-date: /home/rcli/ws_sorting_final/install/sorting_interfaces/share/sorting_interfaces/msg/SortTask.json
-- Up-to-date: /home/rcli/ws_sorting_final/install/sorting_interfaces/share/sorting_interfaces/msg/ExecutionStatus.json
-- Up-to-date: /home/rcli/ws_sorting_final/install/sorting_interfaces/include/sorting_interfaces/sorting_interfaces
-- Up-to-date: /home/rcli/ws_sorting_final/install/sorting_interfaces/include/sorting_interfaces/sorting_interfaces/msg
-- Up-to-date: /home/rcli/ws_sorting_final/install/sorting_interfaces/include/sorting_interfaces/sorting_interfaces/msg/detail
-- Up-to-date: /home/rcli/ws_sorting_final/install/sorting_interfaces/include/sorting_interfaces/sorting_interfaces/msg/detail/detected_object__struct.h
-- Up-to-date: /home/rcli/ws_sorting_final/install/sorting_interfaces/include/sorting_interfaces/sorting_interfaces/msg/detail/detected_object__functions.c
-- Up-to-date: /home/rcli/ws_sorting_final/install/sorting_interfaces/include/sorting_interfaces/sorting_interfaces/msg/detail/detected_object_array__description.c
-- Up-to-date: /home/rcli/ws_sorting_final/install/sorting_interfaces/include/sorting_interfaces/sorting_interfaces/msg/detail/detected_object_array__functions.c
-- Up-to-date: /home/rcli/ws_sorting_final/install/sorting_interfaces/include/sorting_interfaces/sorting_interfaces/msg/detail/detected_object_array__type_support.c
-- Up-to-date: /home/rcli/ws_sorting_final/install/sorting_interfaces/include/sorting_interfaces/sorting_interfaces/msg/detail/detected_object__description.c
-- Up-to-date: /home/rcli/ws_sorting_final/install/sorting_interfaces/include/sorting_interfaces/sorting_interfaces/msg/detail/sort_task__functions.c
-- Up-to-date: /home/rcli/ws_sorting_final/install/sorting_interfaces/include/sorting_interfaces/sorting_interfaces/msg/detail/execution_status__type_support.c
-- Up-to-date: /home/rcli/ws_sorting_final/install/sorting_interfaces/include/sorting_interfaces/sorting_interfaces/msg/detail/execution_status__description.c
-- Up-to-date: /home/rcli/ws_sorting_final/install/sorting_interfaces/include/sorting_interfaces/sorting_interfaces/msg/detail/detected_object__type_support.h
-- Up-to-date: /home/rcli/ws_sorting_final/install/sorting_interfaces/include/sorting_interfaces/sorting_interfaces/msg/detail/sort_task__struct.h
-- Up-to-date: /home/rcli/ws_sorting_final/install/sorting_interfaces/include/sorting_interfaces/sorting_interfaces/msg/detail/sort_task__description.c
-- Up-to-date: /home/rcli/ws_sorting_final/install/sorting_interfaces/include/sorting_interfaces/sorting_interfaces/msg/detail/sort_task__functions.h
-- Up-to-date: /home/rcli/ws_sorting_final/install/sorting_interfaces/include/sorting_interfaces/sorting_interfaces/msg/detail/execution_status__functions.h
-- Up-to-date: /home/rcli/ws_sorting_final/install/sorting_interfaces/include/sorting_interfaces/sorting_interfaces/msg/detail/execution_status__functions.c
-- Up-to-date: /home/rcli/ws_sorting_final/install/sorting_interfaces/include/sorting_interfaces/sorting_interfaces/msg/detail/detected_object_array__functions.h
-- Up-to-date: /home/rcli/ws_sorting_final/install/sorting_interfaces/include/sorting_interfaces/sorting_interfaces/msg/detail/execution_status__struct.h
-- Up-to-date: /home/rcli/ws_sorting_final/install/sorting_interfaces/include/sorting_interfaces/sorting_interfaces/msg/detail/detected_object__functions.h
-- Up-to-date: /home/rcli/ws_sorting_final/install/sorting_interfaces/include/sorting_interfaces/sorting_interfaces/msg/detail/detected_object_array__type_support.h
-- Up-to-date: /home/rcli/ws_sorting_final/install/sorting_interfaces/include/sorting_interfaces/sorting_interfaces/msg/detail/execution_status__type_support.h
-- Up-to-date: /home/rcli/ws_sorting_final/install/sorting_interfaces/include/sorting_interfaces/sorting_interfaces/msg/detail/sort_task__type_support.h
-- Up-to-date: /home/rcli/ws_sorting_final/install/sorting_interfaces/include/sorting_interfaces/sorting_interfaces/msg/detail/sort_task__type_support.c
-- Up-to-date: /home/rcli/ws_sorting_final/install/sorting_interfaces/include/sorting_interfaces/sorting_interfaces/msg/detail/detected_object_array__struct.h
-- Up-to-date: /home/rcli/ws_sorting_final/install/sorting_interfaces/include/sorting_interfaces/sorting_interfaces/msg/detail/detected_object__type_support.c
-- Up-to-date: /home/rcli/ws_sorting_final/install/sorting_interfaces/include/sorting_interfaces/sorting_interfaces/msg/execution_status.h
-- Up-to-date: /home/rcli/ws_sorting_final/install/sorting_interfaces/include/sorting_interfaces/sorting_interfaces/msg/rosidl_generator_c__visibility_control.h
-- Up-to-date: /home/rcli/ws_sorting_final/install/sorting_interfaces/include/sorting_interfaces/sorting_interfaces/msg/sort_task.h
-- Up-to-date: /home/rcli/ws_sorting_final/install/sorting_interfaces/include/sorting_interfaces/sorting_interfaces/msg/detected_object_array.h
-- Up-to-date: /home/rcli/ws_sorting_final/install/sorting_interfaces/include/sorting_interfaces/sorting_interfaces/msg/detected_object.h
-- Up-to-date: /home/rcli/ws_sorting_final/install/sorting_interfaces/share/sorting_interfaces/environment/library_path.sh
-- Up-to-date: /home/rcli/ws_sorting_final/install/sorting_interfaces/share/sorting_interfaces/environment/library_path.dsv
-- Up-to-date: /home/rcli/ws_sorting_final/install/sorting_interfaces/lib/libsorting_interfaces__rosidl_generator_c.so
-- Up-to-date: /home/rcli/ws_sorting_final/install/sorting_interfaces/include/sorting_interfaces/sorting_interfaces
-- Up-to-date: /home/rcli/ws_sorting_final/install/sorting_interfaces/include/sorting_interfaces/sorting_interfaces/msg
-- Up-to-date: /home/rcli/ws_sorting_final/install/sorting_interfaces/include/sorting_interfaces/sorting_interfaces/msg/detail
-- Up-to-date: /home/rcli/ws_sorting_final/install/sorting_interfaces/include/sorting_interfaces/sorting_interfaces/msg/detail/detected_object__rosidl_typesupport_fastrtps_c.h
-- Up-to-date: /home/rcli/ws_sorting_final/install/sorting_interfaces/include/sorting_interfaces/sorting_interfaces/msg/detail/detected_object_array__rosidl_typesupport_fastrtps_c.h
-- Up-to-date: /home/rcli/ws_sorting_final/install/sorting_interfaces/include/sorting_interfaces/sorting_interfaces/msg/detail/execution_status__rosidl_typesupport_fastrtps_c.h
-- Up-to-date: /home/rcli/ws_sorting_final/install/sorting_interfaces/include/sorting_interfaces/sorting_interfaces/msg/detail/sort_task__rosidl_typesupport_fastrtps_c.h
-- Up-to-date: /home/rcli/ws_sorting_final/install/sorting_interfaces/include/sorting_interfaces/sorting_interfaces/msg/rosidl_typesupport_fastrtps_c__visibility_control.h
-- Up-to-date: /home/rcli/ws_sorting_final/install/sorting_interfaces/lib/libsorting_interfaces__rosidl_typesupport_fastrtps_c.so
-- Up-to-date: /home/rcli/ws_sorting_final/install/sorting_interfaces/include/sorting_interfaces/sorting_interfaces
-- Up-to-date: /home/rcli/ws_sorting_final/install/sorting_interfaces/include/sorting_interfaces/sorting_interfaces/msg
-- Up-to-date: /home/rcli/ws_sorting_final/install/sorting_interfaces/include/sorting_interfaces/sorting_interfaces/msg/detail
-- Up-to-date: /home/rcli/ws_sorting_final/install/sorting_interfaces/include/sorting_interfaces/sorting_interfaces/msg/detail/detected_object_array__type_support.c
-- Up-to-date: /home/rcli/ws_sorting_final/install/sorting_interfaces/include/sorting_interfaces/sorting_interfaces/msg/detail/execution_status__type_support.c
-- Up-to-date: /home/rcli/ws_sorting_final/install/sorting_interfaces/include/sorting_interfaces/sorting_interfaces/msg/detail/detected_object__rosidl_typesupport_introspection_c.h
-- Up-to-date: /home/rcli/ws_sorting_final/install/sorting_interfaces/include/sorting_interfaces/sorting_interfaces/msg/detail/sort_task__rosidl_typesupport_introspection_c.h
-- Up-to-date: /home/rcli/ws_sorting_final/install/sorting_interfaces/include/sorting_interfaces/sorting_interfaces/msg/detail/execution_status__rosidl_typesupport_introspection_c.h
-- Up-to-date: /home/rcli/ws_sorting_final/install/sorting_interfaces/include/sorting_interfaces/sorting_interfaces/msg/detail/detected_object_array__rosidl_typesupport_introspection_c.h
-- Up-to-date: /home/rcli/ws_sorting_final/install/sorting_interfaces/include/sorting_interfaces/sorting_interfaces/msg/detail/sort_task__type_support.c
-- Up-to-date: /home/rcli/ws_sorting_final/install/sorting_interfaces/include/sorting_interfaces/sorting_interfaces/msg/detail/detected_object__type_support.c
-- Up-to-date: /home/rcli/ws_sorting_final/install/sorting_interfaces/include/sorting_interfaces/sorting_interfaces/msg/rosidl_typesupport_introspection_c__visibility_control.h
-- Up-to-date: /home/rcli/ws_sorting_final/install/sorting_interfaces/lib/libsorting_interfaces__rosidl_typesupport_introspection_c.so
-- Up-to-date: /home/rcli/ws_sorting_final/install/sorting_interfaces/lib/libsorting_interfaces__rosidl_typesupport_c.so
-- Up-to-date: /home/rcli/ws_sorting_final/install/sorting_interfaces/include/sorting_interfaces/sorting_interfaces
-- Up-to-date: /home/rcli/ws_sorting_final/install/sorting_interfaces/include/sorting_interfaces/sorting_interfaces/msg
-- Up-to-date: /home/rcli/ws_sorting_final/install/sorting_interfaces/include/sorting_interfaces/sorting_interfaces/msg/detail
-- Up-to-date: /home/rcli/ws_sorting_final/install/sorting_interfaces/include/sorting_interfaces/sorting_interfaces/msg/detail/execution_status__struct.hpp
-- Up-to-date: /home/rcli/ws_sorting_final/install/sorting_interfaces/include/sorting_interfaces/sorting_interfaces/msg/detail/sort_task__type_support.hpp
-- Up-to-date: /home/rcli/ws_sorting_final/install/sorting_interfaces/include/sorting_interfaces/sorting_interfaces/msg/detail/sort_task__builder.hpp
-- Up-to-date: /home/rcli/ws_sorting_final/install/sorting_interfaces/include/sorting_interfaces/sorting_interfaces/msg/detail/detected_object_array__type_support.hpp
-- Up-to-date: /home/rcli/ws_sorting_final/install/sorting_interfaces/include/sorting_interfaces/sorting_interfaces/msg/detail/detected_object__traits.hpp
-- Up-to-date: /home/rcli/ws_sorting_final/install/sorting_interfaces/include/sorting_interfaces/sorting_interfaces/msg/detail/detected_object__struct.hpp
-- Up-to-date: /home/rcli/ws_sorting_final/install/sorting_interfaces/include/sorting_interfaces/sorting_interfaces/msg/detail/execution_status__builder.hpp
-- Up-to-date: /home/rcli/ws_sorting_final/install/sorting_interfaces/include/sorting_interfaces/sorting_interfaces/msg/detail/execution_status__type_support.hpp
-- Up-to-date: /home/rcli/ws_sorting_final/install/sorting_interfaces/include/sorting_interfaces/sorting_interfaces/msg/detail/detected_object_array__builder.hpp
-- Up-to-date: /home/rcli/ws_sorting_final/install/sorting_interfaces/include/sorting_interfaces/sorting_interfaces/msg/detail/detected_object_array__traits.hpp
-- Up-to-date: /home/rcli/ws_sorting_final/install/sorting_interfaces/include/sorting_interfaces/sorting_interfaces/msg/detail/detected_object__type_support.hpp
-- Up-to-date: /home/rcli/ws_sorting_final/install/sorting_interfaces/include/sorting_interfaces/sorting_interfaces/msg/detail/detected_object_array__struct.hpp
-- Up-to-date: /home/rcli/ws_sorting_final/install/sorting_interfaces/include/sorting_interfaces/sorting_interfaces/msg/detail/sort_task__traits.hpp
-- Up-to-date: /home/rcli/ws_sorting_final/install/sorting_interfaces/include/sorting_interfaces/sorting_interfaces/msg/detail/execution_status__traits.hpp
-- Up-to-date: /home/rcli/ws_sorting_final/install/sorting_interfaces/include/sorting_interfaces/sorting_interfaces/msg/detail/detected_object__builder.hpp
-- Up-to-date: /home/rcli/ws_sorting_final/install/sorting_interfaces/include/sorting_interfaces/sorting_interfaces/msg/detail/sort_task__struct.hpp
-- Up-to-date: /home/rcli/ws_sorting_final/install/sorting_interfaces/include/sorting_interfaces/sorting_interfaces/msg/detected_object_array.hpp
-- Up-to-date: /home/rcli/ws_sorting_final/install/sorting_interfaces/include/sorting_interfaces/sorting_interfaces/msg/execution_status.hpp
-- Up-to-date: /home/rcli/ws_sorting_final/install/sorting_interfaces/include/sorting_interfaces/sorting_interfaces/msg/detected_object.hpp
-- Up-to-date: /home/rcli/ws_sorting_final/install/sorting_interfaces/include/sorting_interfaces/sorting_interfaces/msg/rosidl_generator_cpp__visibility_control.hpp
-- Up-to-date: /home/rcli/ws_sorting_final/install/sorting_interfaces/include/sorting_interfaces/sorting_interfaces/msg/sort_task.hpp
-- Up-to-date: /home/rcli/ws_sorting_final/install/sorting_interfaces/include/sorting_interfaces/sorting_interfaces
-- Up-to-date: /home/rcli/ws_sorting_final/install/sorting_interfaces/include/sorting_interfaces/sorting_interfaces/msg
-- Up-to-date: /home/rcli/ws_sorting_final/install/sorting_interfaces/include/sorting_interfaces/sorting_interfaces/msg/rosidl_typesupport_fastrtps_cpp__visibility_control.h
-- Up-to-date: /home/rcli/ws_sorting_final/install/sorting_interfaces/include/sorting_interfaces/sorting_interfaces/msg/detail
-- Up-to-date: /home/rcli/ws_sorting_final/install/sorting_interfaces/include/sorting_interfaces/sorting_interfaces/msg/detail/execution_status__rosidl_typesupport_fastrtps_cpp.hpp
-- Up-to-date: /home/rcli/ws_sorting_final/install/sorting_interfaces/include/sorting_interfaces/sorting_interfaces/msg/detail/detected_object__rosidl_typesupport_fastrtps_cpp.hpp
-- Up-to-date: /home/rcli/ws_sorting_final/install/sorting_interfaces/include/sorting_interfaces/sorting_interfaces/msg/detail/sort_task__rosidl_typesupport_fastrtps_cpp.hpp
-- Up-to-date: /home/rcli/ws_sorting_final/install/sorting_interfaces/include/sorting_interfaces/sorting_interfaces/msg/detail/detected_object_array__rosidl_typesupport_fastrtps_cpp.hpp
-- Up-to-date: /home/rcli/ws_sorting_final/install/sorting_interfaces/include/sorting_interfaces/sorting_interfaces/msg/detail/dds_fastrtps
-- Up-to-date: /home/rcli/ws_sorting_final/install/sorting_interfaces/lib/libsorting_interfaces__rosidl_typesupport_fastrtps_cpp.so
-- Up-to-date: /home/rcli/ws_sorting_final/install/sorting_interfaces/include/sorting_interfaces/sorting_interfaces
-- Up-to-date: /home/rcli/ws_sorting_final/install/sorting_interfaces/include/sorting_interfaces/sorting_interfaces/msg
-- Up-to-date: /home/rcli/ws_sorting_final/install/sorting_interfaces/include/sorting_interfaces/sorting_interfaces/msg/detail
-- Up-to-date: /home/rcli/ws_sorting_final/install/sorting_interfaces/include/sorting_interfaces/sorting_interfaces/msg/detail/execution_status__rosidl_typesupport_introspection_cpp.hpp
-- Up-to-date: /home/rcli/ws_sorting_final/install/sorting_interfaces/include/sorting_interfaces/sorting_interfaces/msg/detail/execution_status__type_support.cpp
-- Up-to-date: /home/rcli/ws_sorting_final/install/sorting_interfaces/include/sorting_interfaces/sorting_interfaces/msg/detail/sort_task__rosidl_typesupport_introspection_cpp.hpp
-- Up-to-date: /home/rcli/ws_sorting_final/install/sorting_interfaces/include/sorting_interfaces/sorting_interfaces/msg/detail/detected_object_array__rosidl_typesupport_introspection_cpp.hpp
-- Up-to-date: /home/rcli/ws_sorting_final/install/sorting_interfaces/include/sorting_interfaces/sorting_interfaces/msg/detail/sort_task__type_support.cpp
-- Up-to-date: /home/rcli/ws_sorting_final/install/sorting_interfaces/include/sorting_interfaces/sorting_interfaces/msg/detail/detected_object_array__type_support.cpp
-- Up-to-date: /home/rcli/ws_sorting_final/install/sorting_interfaces/include/sorting_interfaces/sorting_interfaces/msg/detail/detected_object__type_support.cpp
-- Up-to-date: /home/rcli/ws_sorting_final/install/sorting_interfaces/include/sorting_interfaces/sorting_interfaces/msg/detail/detected_object__rosidl_typesupport_introspection_cpp.hpp
-- Up-to-date: /home/rcli/ws_sorting_final/install/sorting_interfaces/lib/libsorting_interfaces__rosidl_typesupport_introspection_cpp.so
-- Up-to-date: /home/rcli/ws_sorting_final/install/sorting_interfaces/lib/libsorting_interfaces__rosidl_typesupport_cpp.so
-- Up-to-date: /home/rcli/ws_sorting_final/install/sorting_interfaces/share/sorting_interfaces/environment/pythonpath.sh
-- Up-to-date: /home/rcli/ws_sorting_final/install/sorting_interfaces/share/sorting_interfaces/environment/pythonpath.dsv
-- Up-to-date: /home/rcli/ws_sorting_final/install/sorting_interfaces/lib/python3.12/site-packages/sorting_interfaces-0.0.0-py3.12.egg-info
-- Installing: /home/rcli/ws_sorting_final/install/sorting_interfaces/lib/python3.12/site-packages/sorting_interfaces-0.0.0-py3.12.egg-info/top_level.txt
-- Installing: /home/rcli/ws_sorting_final/install/sorting_interfaces/lib/python3.12/site-packages/sorting_interfaces-0.0.0-py3.12.egg-info/PKG-INFO
-- Installing: /home/rcli/ws_sorting_final/install/sorting_interfaces/lib/python3.12/site-packages/sorting_interfaces-0.0.0-py3.12.egg-info/dependency_links.txt
-- Installing: /home/rcli/ws_sorting_final/install/sorting_interfaces/lib/python3.12/site-packages/sorting_interfaces-0.0.0-py3.12.egg-info/SOURCES.txt
-- Up-to-date: /home/rcli/ws_sorting_final/install/sorting_interfaces/lib/python3.12/site-packages/sorting_interfaces
-- Up-to-date: /home/rcli/ws_sorting_final/install/sorting_interfaces/lib/python3.12/site-packages/sorting_interfaces/msg
-- Up-to-date: /home/rcli/ws_sorting_final/install/sorting_interfaces/lib/python3.12/site-packages/sorting_interfaces/msg/_detected_object_array_s.c
-- Up-to-date: /home/rcli/ws_sorting_final/install/sorting_interfaces/lib/python3.12/site-packages/sorting_interfaces/msg/_execution_status.py
-- Up-to-date: /home/rcli/ws_sorting_final/install/sorting_interfaces/lib/python3.12/site-packages/sorting_interfaces/msg/_detected_object.py
-- Up-to-date: /home/rcli/ws_sorting_final/install/sorting_interfaces/lib/python3.12/site-packages/sorting_interfaces/msg/_sort_task_s.c
-- Up-to-date: /home/rcli/ws_sorting_final/install/sorting_interfaces/lib/python3.12/site-packages/sorting_interfaces/msg/_detected_object_array.py
-- Up-to-date: /home/rcli/ws_sorting_final/install/sorting_interfaces/lib/python3.12/site-packages/sorting_interfaces/msg/_detected_object_s.c
-- Up-to-date: /home/rcli/ws_sorting_final/install/sorting_interfaces/lib/python3.12/site-packages/sorting_interfaces/msg/_execution_status_s.c
-- Up-to-date: /home/rcli/ws_sorting_final/install/sorting_interfaces/lib/python3.12/site-packages/sorting_interfaces/msg/__init__.py
-- Up-to-date: /home/rcli/ws_sorting_final/install/sorting_interfaces/lib/python3.12/site-packages/sorting_interfaces/msg/_sort_task.py
-- Up-to-date: /home/rcli/ws_sorting_final/install/sorting_interfaces/lib/python3.12/site-packages/sorting_interfaces/_sorting_interfaces_s.ep.rosidl_typesupport_introspection_c.c
-- Up-to-date: /home/rcli/ws_sorting_final/install/sorting_interfaces/lib/python3.12/site-packages/sorting_interfaces/_sorting_interfaces_s.ep.rosidl_typesupport_fastrtps_c.c
-- Up-to-date: /home/rcli/ws_sorting_final/install/sorting_interfaces/lib/python3.12/site-packages/sorting_interfaces/sorting_interfaces_s__rosidl_typesupport_c.so
-- Up-to-date: /home/rcli/ws_sorting_final/install/sorting_interfaces/lib/python3.12/site-packages/sorting_interfaces/sorting_interfaces_s__rosidl_typesupport_fastrtps_c.so
-- Up-to-date: /home/rcli/ws_sorting_final/install/sorting_interfaces/lib/python3.12/site-packages/sorting_interfaces/sorting_interfaces_s__rosidl_typesupport_introspection_c.so
-- Up-to-date: /home/rcli/ws_sorting_final/install/sorting_interfaces/lib/python3.12/site-packages/sorting_interfaces/__init__.py
-- Up-to-date: /home/rcli/ws_sorting_final/install/sorting_interfaces/lib/python3.12/site-packages/sorting_interfaces/_sorting_interfaces_s.ep.rosidl_typesupport_c.c
Listing '/home/rcli/ws_sorting_final/install/sorting_interfaces/lib/python3.12/site-packages/sorting_interfaces'...
Listing '/home/rcli/ws_sorting_final/install/sorting_interfaces/lib/python3.12/site-packages/sorting_interfaces/msg'...
-- Up-to-date: /home/rcli/ws_sorting_final/install/sorting_interfaces/lib/python3.12/site-packages/sorting_interfaces/sorting_interfaces_s__rosidl_typesupport_fastrtps_c.so
-- Up-to-date: /home/rcli/ws_sorting_final/install/sorting_interfaces/lib/python3.12/site-packages/sorting_interfaces/sorting_interfaces_s__rosidl_typesupport_introspection_c.so
-- Up-to-date: /home/rcli/ws_sorting_final/install/sorting_interfaces/lib/python3.12/site-packages/sorting_interfaces/sorting_interfaces_s__rosidl_typesupport_c.so
-- Up-to-date: /home/rcli/ws_sorting_final/install/sorting_interfaces/lib/libsorting_interfaces__rosidl_generator_py.so
-- Up-to-date: /home/rcli/ws_sorting_final/install/sorting_interfaces/share/sorting_interfaces/msg/DetectedObject.idl
-- Up-to-date: /home/rcli/ws_sorting_final/install/sorting_interfaces/share/sorting_interfaces/msg/DetectedObjectArray.idl
-- Up-to-date: /home/rcli/ws_sorting_final/install/sorting_interfaces/share/sorting_interfaces/msg/SortTask.idl
-- Up-to-date: /home/rcli/ws_sorting_final/install/sorting_interfaces/share/sorting_interfaces/msg/ExecutionStatus.idl
-- Up-to-date: /home/rcli/ws_sorting_final/install/sorting_interfaces/share/sorting_interfaces/msg/DetectedObject.msg
-- Up-to-date: /home/rcli/ws_sorting_final/install/sorting_interfaces/share/sorting_interfaces/msg/DetectedObjectArray.msg
-- Up-to-date: /home/rcli/ws_sorting_final/install/sorting_interfaces/share/sorting_interfaces/msg/SortTask.msg
-- Up-to-date: /home/rcli/ws_sorting_final/install/sorting_interfaces/share/sorting_interfaces/msg/ExecutionStatus.msg
-- Up-to-date: /home/rcli/ws_sorting_final/install/sorting_interfaces/share/ament_index/resource_index/package_run_dependencies/sorting_interfaces
-- Up-to-date: /home/rcli/ws_sorting_final/install/sorting_interfaces/share/ament_index/resource_index/parent_prefix_path/sorting_interfaces
-- Up-to-date: /home/rcli/ws_sorting_final/install/sorting_interfaces/share/sorting_interfaces/environment/ament_prefix_path.sh
-- Up-to-date: /home/rcli/ws_sorting_final/install/sorting_interfaces/share/sorting_interfaces/environment/ament_prefix_path.dsv
-- Up-to-date: /home/rcli/ws_sorting_final/install/sorting_interfaces/share/sorting_interfaces/environment/path.sh
-- Up-to-date: /home/rcli/ws_sorting_final/install/sorting_interfaces/share/sorting_interfaces/environment/path.dsv
-- Up-to-date: /home/rcli/ws_sorting_final/install/sorting_interfaces/share/sorting_interfaces/local_setup.bash
-- Up-to-date: /home/rcli/ws_sorting_final/install/sorting_interfaces/share/sorting_interfaces/local_setup.sh
-- Up-to-date: /home/rcli/ws_sorting_final/install/sorting_interfaces/share/sorting_interfaces/local_setup.zsh
-- Up-to-date: /home/rcli/ws_sorting_final/install/sorting_interfaces/share/sorting_interfaces/local_setup.dsv
-- Installing: /home/rcli/ws_sorting_final/install/sorting_interfaces/share/sorting_interfaces/package.dsv
-- Up-to-date: /home/rcli/ws_sorting_final/install/sorting_interfaces/share/ament_index/resource_index/packages/sorting_interfaces
-- Up-to-date: /home/rcli/ws_sorting_final/install/sorting_interfaces/share/sorting_interfaces/cmake/export_sorting_interfaces__rosidl_generator_cExport.cmake
-- Up-to-date: /home/rcli/ws_sorting_final/install/sorting_interfaces/share/sorting_interfaces/cmake/export_sorting_interfaces__rosidl_generator_cExport-noconfig.cmake
-- Up-to-date: /home/rcli/ws_sorting_final/install/sorting_interfaces/share/sorting_interfaces/cmake/export_sorting_interfaces__rosidl_typesupport_fastrtps_cExport.cmake
-- Up-to-date: /home/rcli/ws_sorting_final/install/sorting_interfaces/share/sorting_interfaces/cmake/export_sorting_interfaces__rosidl_typesupport_fastrtps_cExport-noconfig.cmake
-- Up-to-date: /home/rcli/ws_sorting_final/install/sorting_interfaces/share/sorting_interfaces/cmake/sorting_interfaces__rosidl_typesupport_introspection_cExport.cmake
-- Up-to-date: /home/rcli/ws_sorting_final/install/sorting_interfaces/share/sorting_interfaces/cmake/sorting_interfaces__rosidl_typesupport_introspection_cExport-noconfig.cmake
-- Up-to-date: /home/rcli/ws_sorting_final/install/sorting_interfaces/share/sorting_interfaces/cmake/sorting_interfaces__rosidl_typesupport_cExport.cmake
-- Up-to-date: /home/rcli/ws_sorting_final/install/sorting_interfaces/share/sorting_interfaces/cmake/sorting_interfaces__rosidl_typesupport_cExport-noconfig.cmake
-- Up-to-date: /home/rcli/ws_sorting_final/install/sorting_interfaces/share/sorting_interfaces/cmake/export_sorting_interfaces__rosidl_generator_cppExport.cmake
-- Up-to-date: /home/rcli/ws_sorting_final/install/sorting_interfaces/share/sorting_interfaces/cmake/export_sorting_interfaces__rosidl_typesupport_fastrtps_cppExport.cmake
-- Up-to-date: /home/rcli/ws_sorting_final/install/sorting_interfaces/share/sorting_interfaces/cmake/export_sorting_interfaces__rosidl_typesupport_fastrtps_cppExport-noconfig.cmake
-- Up-to-date: /home/rcli/ws_sorting_final/install/sorting_interfaces/share/sorting_interfaces/cmake/sorting_interfaces__rosidl_typesupport_introspection_cppExport.cmake
-- Up-to-date: /home/rcli/ws_sorting_final/install/sorting_interfaces/share/sorting_interfaces/cmake/sorting_interfaces__rosidl_typesupport_introspection_cppExport-noconfig.cmake
-- Up-to-date: /home/rcli/ws_sorting_final/install/sorting_interfaces/share/sorting_interfaces/cmake/sorting_interfaces__rosidl_typesupport_cppExport.cmake
-- Up-to-date: /home/rcli/ws_sorting_final/install/sorting_interfaces/share/sorting_interfaces/cmake/sorting_interfaces__rosidl_typesupport_cppExport-noconfig.cmake
-- Up-to-date: /home/rcli/ws_sorting_final/install/sorting_interfaces/share/sorting_interfaces/cmake/export_sorting_interfaces__rosidl_generator_pyExport.cmake
-- Up-to-date: /home/rcli/ws_sorting_final/install/sorting_interfaces/share/sorting_interfaces/cmake/export_sorting_interfaces__rosidl_generator_pyExport-noconfig.cmake
-- Up-to-date: /home/rcli/ws_sorting_final/install/sorting_interfaces/share/sorting_interfaces/cmake/rosidl_cmake-extras.cmake
-- Up-to-date: /home/rcli/ws_sorting_final/install/sorting_interfaces/share/sorting_interfaces/cmake/ament_cmake_export_dependencies-extras.cmake
-- Up-to-date: /home/rcli/ws_sorting_final/install/sorting_interfaces/share/sorting_interfaces/cmake/ament_cmake_export_include_directories-extras.cmake
-- Up-to-date: /home/rcli/ws_sorting_final/install/sorting_interfaces/share/sorting_interfaces/cmake/ament_cmake_export_libraries-extras.cmake
-- Up-to-date: /home/rcli/ws_sorting_final/install/sorting_interfaces/share/sorting_interfaces/cmake/ament_cmake_export_targets-extras.cmake
-- Up-to-date: /home/rcli/ws_sorting_final/install/sorting_interfaces/share/sorting_interfaces/cmake/rosidl_cmake_export_typesupport_targets-extras.cmake
-- Up-to-date: /home/rcli/ws_sorting_final/install/sorting_interfaces/share/sorting_interfaces/cmake/rosidl_cmake_export_typesupport_libraries-extras.cmake
-- Up-to-date: /home/rcli/ws_sorting_final/install/sorting_interfaces/share/sorting_interfaces/cmake/sorting_interfacesConfig.cmake
-- Up-to-date: /home/rcli/ws_sorting_final/install/sorting_interfaces/share/sorting_interfaces/cmake/sorting_interfacesConfig-version.cmake
-- Up-to-date: /home/rcli/ws_sorting_final/install/sorting_interfaces/share/sorting_interfaces/package.xml
