[0.618s] Invoking command in '/home/rcli/ws_sorting_final/src/sorting_perception': DEBUGINFOD_URLS=https://debuginfod.ubuntu.com PYTHONPATH=/home/rcli/ws_sorting_final/build/sorting_perception/prefix_override:/usr/lib/python3/dist-packages/colcon_core/task/python/colcon_distutils_commands:/home/rcli/ws_sorting_final/install/sorting_perception/lib/python3.12/site-packages:/home/rcli/ws_sorting_final/install/sorting_interfaces/lib/python3.12/site-packages:/home/rcli/ws_sorting_final/install/sorting_scene/lib/python3.12/site-packages:/home/rcli/ws_sorting_final/install/sorting_perception/lib/python3.12/site-packages:/home/rcli/ws_sorting_final/install/sorting_orchestrator/lib/python3.12/site-packages:/home/rcli/ws_sorting_final/install/sorting_executor_py/lib/python3.12/site-packages:/home/rcli/ws_sorting_final/install/sorting_gazebo/lib/python3.12/site-packages:/home/rcli/ws_sorting_final/install/sorting_bringup/lib/python3.12/site-packages:/opt/ros/jazzy/lib/python3.12/site-packages /usr/bin/python3 -W ignore:setup.py install is deprecated -W ignore:easy_install command is deprecated setup.py egg_info --egg-base ../../build/sorting_perception build --build-base /home/rcli/ws_sorting_final/build/sorting_perception/build install --record /home/rcli/ws_sorting_final/build/sorting_perception/install.log --single-version-externally-managed install_data
[0.815s] running egg_info
[0.829s] writing ../../build/sorting_perception/sorting_perception.egg-info/PKG-INFO
[0.829s] writing dependency_links to ../../build/sorting_perception/sorting_perception.egg-info/dependency_links.txt
[0.829s] writing entry points to ../../build/sorting_perception/sorting_perception.egg-info/entry_points.txt
[0.829s] writing requirements to ../../build/sorting_perception/sorting_perception.egg-info/requires.txt
[0.830s] writing top-level names to ../../build/sorting_perception/sorting_perception.egg-info/top_level.txt
[0.858s] reading manifest file '../../build/sorting_perception/sorting_perception.egg-info/SOURCES.txt'
[0.858s] adding license file 'LICENSE'
[0.859s] writing manifest file '../../build/sorting_perception/sorting_perception.egg-info/SOURCES.txt'
[0.859s] running build
[0.859s] running build_py
[0.859s] copying sorting_perception/calibration.py -> /home/rcli/ws_sorting_final/build/sorting_perception/build/lib/sorting_perception
[0.859s] copying sorting_perception/real_perception.py -> /home/rcli/ws_sorting_final/build/sorting_perception/build/lib/sorting_perception
[0.859s] running install
[0.864s] running install_lib
[0.879s] copying /home/rcli/ws_sorting_final/build/sorting_perception/build/lib/sorting_perception/calibration.py -> /home/rcli/ws_sorting_final/install/sorting_perception/lib/python3.12/site-packages/sorting_perception
[0.879s] copying /home/rcli/ws_sorting_final/build/sorting_perception/build/lib/sorting_perception/real_perception.py -> /home/rcli/ws_sorting_final/install/sorting_perception/lib/python3.12/site-packages/sorting_perception
[0.880s] byte-compiling /home/rcli/ws_sorting_final/install/sorting_perception/lib/python3.12/site-packages/sorting_perception/calibration.py to calibration.cpython-312.pyc
[0.881s] byte-compiling /home/rcli/ws_sorting_final/install/sorting_perception/lib/python3.12/site-packages/sorting_perception/real_perception.py to real_perception.cpython-312.pyc
[0.883s] running install_data
[0.883s] running install_egg_info
[0.899s] removing '/home/rcli/ws_sorting_final/install/sorting_perception/lib/python3.12/site-packages/sorting_perception-0.0.0-py3.12.egg-info' (and everything under it)
[0.900s] Copying ../../build/sorting_perception/sorting_perception.egg-info to /home/rcli/ws_sorting_final/install/sorting_perception/lib/python3.12/site-packages/sorting_perception-0.0.0-py3.12.egg-info
[0.900s] running install_scripts
[1.014s] Installing real_perception script to /home/rcli/ws_sorting_final/install/sorting_perception/lib/sorting_perception
[1.014s] writing list of installed files to '/home/rcli/ws_sorting_final/build/sorting_perception/install.log'
[1.037s] Invoked command in '/home/rcli/ws_sorting_final/src/sorting_perception' returned '0': DEBUGINFOD_URLS=https://debuginfod.ubuntu.com PYTHONPATH=/home/rcli/ws_sorting_final/build/sorting_perception/prefix_override:/usr/lib/python3/dist-packages/colcon_core/task/python/colcon_distutils_commands:/home/rcli/ws_sorting_final/install/sorting_perception/lib/python3.12/site-packages:/home/rcli/ws_sorting_final/install/sorting_interfaces/lib/python3.12/site-packages:/home/rcli/ws_sorting_final/install/sorting_scene/lib/python3.12/site-packages:/home/rcli/ws_sorting_final/install/sorting_perception/lib/python3.12/site-packages:/home/rcli/ws_sorting_final/install/sorting_orchestrator/lib/python3.12/site-packages:/home/rcli/ws_sorting_final/install/sorting_executor_py/lib/python3.12/site-packages:/home/rcli/ws_sorting_final/install/sorting_gazebo/lib/python3.12/site-packages:/home/rcli/ws_sorting_final/install/sorting_bringup/lib/python3.12/site-packages:/opt/ros/jazzy/lib/python3.12/site-packages /usr/bin/python3 -W ignore:setup.py install is deprecated -W ignore:easy_install command is deprecated setup.py egg_info --egg-base ../../build/sorting_perception build --build-base /home/rcli/ws_sorting_final/build/sorting_perception/build install --record /home/rcli/ws_sorting_final/build/sorting_perception/install.log --single-version-externally-managed install_data
