[0.560s] Invoking command in '/home/rcli/ws_sorting_final/src/sorting_orchestrator': AMENT_PREFIX_PATH=/home/rcli/ws_sorting_final/install/sorting_interfaces:${AMENT_PREFIX_PATH} CMAKE_PREFIX_PATH=/home/rcli/ws_sorting_final/install/sorting_interfaces:${CMAKE_PREFIX_PATH} DEBUGINFOD_URLS=https://debuginfod.ubuntu.com LD_LIBRARY_PATH=/home/rcli/ws_sorting_final/install/sorting_interfaces/lib:${LD_LIBRARY_PATH} PYTHONPATH=/home/rcli/ws_sorting_final/build/sorting_orchestrator/prefix_override:/usr/lib/python3/dist-packages/colcon_core/task/python/colcon_distutils_commands:/home/rcli/ws_sorting_final/install/sorting_orchestrator/lib/python3.12/site-packages:/home/rcli/ws_sorting_final/install/sorting_interfaces/lib/python3.12/site-packages:${PYTHONPATH} /usr/bin/python3 -W ignore:setup.py install is deprecated -W ignore:easy_install command is deprecated setup.py egg_info --egg-base ../../build/sorting_orchestrator build --build-base /home/rcli/ws_sorting_final/build/sorting_orchestrator/build install --record /home/rcli/ws_sorting_final/build/sorting_orchestrator/install.log --single-version-externally-managed install_data
[0.740s] running egg_info
[0.754s] writing ../../build/sorting_orchestrator/sorting_orchestrator.egg-info/PKG-INFO
[0.754s] writing dependency_links to ../../build/sorting_orchestrator/sorting_orchestrator.egg-info/dependency_links.txt
[0.754s] writing entry points to ../../build/sorting_orchestrator/sorting_orchestrator.egg-info/entry_points.txt
[0.754s] writing requirements to ../../build/sorting_orchestrator/sorting_orchestrator.egg-info/requires.txt
[0.754s] writing top-level names to ../../build/sorting_orchestrator/sorting_orchestrator.egg-info/top_level.txt
[0.781s] reading manifest file '../../build/sorting_orchestrator/sorting_orchestrator.egg-info/SOURCES.txt'
[0.781s] adding license file 'LICENSE'
[0.782s] writing manifest file '../../build/sorting_orchestrator/sorting_orchestrator.egg-info/SOURCES.txt'
[0.782s] running build
[0.782s] running build_py
[0.782s] copying sorting_orchestrator/sorting_orchestrator.py -> /home/rcli/ws_sorting_final/build/sorting_orchestrator/build/lib/sorting_orchestrator
[0.782s] running install
[0.787s] running install_lib
[0.800s] copying /home/rcli/ws_sorting_final/build/sorting_orchestrator/build/lib/sorting_orchestrator/sorting_orchestrator.py -> /home/rcli/ws_sorting_final/install/sorting_orchestrator/lib/python3.12/site-packages/sorting_orchestrator
[0.801s] byte-compiling /home/rcli/ws_sorting_final/install/sorting_orchestrator/lib/python3.12/site-packages/sorting_orchestrator/sorting_orchestrator.py to sorting_orchestrator.cpython-312.pyc
[0.802s] running install_data
[0.802s] running install_egg_info
[0.816s] removing '/home/rcli/ws_sorting_final/install/sorting_orchestrator/lib/python3.12/site-packages/sorting_orchestrator-0.0.0-py3.12.egg-info' (and everything under it)
[0.816s] Copying ../../build/sorting_orchestrator/sorting_orchestrator.egg-info to /home/rcli/ws_sorting_final/install/sorting_orchestrator/lib/python3.12/site-packages/sorting_orchestrator-0.0.0-py3.12.egg-info
[0.817s] running install_scripts
[0.906s] Installing sorting_orchestrator script to /home/rcli/ws_sorting_final/install/sorting_orchestrator/lib/sorting_orchestrator
[0.907s] writing list of installed files to '/home/rcli/ws_sorting_final/build/sorting_orchestrator/install.log'
[0.926s] Invoked command in '/home/rcli/ws_sorting_final/src/sorting_orchestrator' returned '0': AMENT_PREFIX_PATH=/home/rcli/ws_sorting_final/install/sorting_interfaces:${AMENT_PREFIX_PATH} CMAKE_PREFIX_PATH=/home/rcli/ws_sorting_final/install/sorting_interfaces:${CMAKE_PREFIX_PATH} DEBUGINFOD_URLS=https://debuginfod.ubuntu.com LD_LIBRARY_PATH=/home/rcli/ws_sorting_final/install/sorting_interfaces/lib:${LD_LIBRARY_PATH} PYTHONPATH=/home/rcli/ws_sorting_final/build/sorting_orchestrator/prefix_override:/usr/lib/python3/dist-packages/colcon_core/task/python/colcon_distutils_commands:/home/rcli/ws_sorting_final/install/sorting_orchestrator/lib/python3.12/site-packages:/home/rcli/ws_sorting_final/install/sorting_interfaces/lib/python3.12/site-packages:${PYTHONPATH} /usr/bin/python3 -W ignore:setup.py install is deprecated -W ignore:easy_install command is deprecated setup.py egg_info --egg-base ../../build/sorting_orchestrator build --build-base /home/rcli/ws_sorting_final/build/sorting_orchestrator/build install --record /home/rcli/ws_sorting_final/build/sorting_orchestrator/install.log --single-version-externally-managed install_data
