[0.943s] Invoking command in '/home/rcli/ws_sorting_final/src/sorting_executor_py': DEBUGINFOD_URLS=https://debuginfod.ubuntu.com PYTHONPATH=/home/rcli/ws_sorting_final/build/sorting_executor_py/prefix_override:/usr/lib/python3/dist-packages/colcon_core/task/python/colcon_distutils_commands:/home/rcli/ws_sorting_final/install/sorting_executor_py/lib/python3.12/site-packages:/home/rcli/ws_sorting_final/install/sorting_interfaces/lib/python3.12/site-packages:/home/rcli/ws_sorting_final/install/sorting_scene/lib/python3.12/site-packages:/home/rcli/ws_sorting_final/install/sorting_perception/lib/python3.12/site-packages:/home/rcli/ws_sorting_final/install/sorting_orchestrator/lib/python3.12/site-packages:/home/rcli/ws_sorting_final/install/sorting_executor_py/lib/python3.12/site-packages:/home/rcli/ws_sorting_final/install/sorting_gazebo/lib/python3.12/site-packages:/home/rcli/ws_sorting_final/install/sorting_bringup/lib/python3.12/site-packages:/opt/ros/jazzy/lib/python3.12/site-packages /usr/bin/python3 -W ignore:setup.py install is deprecated -W ignore:easy_install command is deprecated setup.py egg_info --egg-base ../../build/sorting_executor_py build --build-base /home/rcli/ws_sorting_final/build/sorting_executor_py/build install --record /home/rcli/ws_sorting_final/build/sorting_executor_py/install.log --single-version-externally-managed install_data
[1.175s] running egg_info
[1.190s] writing ../../build/sorting_executor_py/sorting_executor_py.egg-info/PKG-INFO
[1.190s] writing dependency_links to ../../build/sorting_executor_py/sorting_executor_py.egg-info/dependency_links.txt
[1.190s] writing entry points to ../../build/sorting_executor_py/sorting_executor_py.egg-info/entry_points.txt
[1.190s] writing requirements to ../../build/sorting_executor_py/sorting_executor_py.egg-info/requires.txt
[1.190s] writing top-level names to ../../build/sorting_executor_py/sorting_executor_py.egg-info/top_level.txt
[1.221s] reading manifest file '../../build/sorting_executor_py/sorting_executor_py.egg-info/SOURCES.txt'
[1.221s] adding license file 'LICENSE'
[1.221s] writing manifest file '../../build/sorting_executor_py/sorting_executor_py.egg-info/SOURCES.txt'
[1.221s] running build
[1.222s] running build_py
[1.222s] copying sorting_executor_py/sorting_executor.py -> /home/rcli/ws_sorting_final/build/sorting_executor_py/build/lib/sorting_executor_py
[1.222s] running install
[1.227s] running install_lib
[1.242s] copying /home/rcli/ws_sorting_final/build/sorting_executor_py/build/lib/sorting_executor_py/sorting_executor.py -> /home/rcli/ws_sorting_final/install/sorting_executor_py/lib/python3.12/site-packages/sorting_executor_py
[1.243s] byte-compiling /home/rcli/ws_sorting_final/install/sorting_executor_py/lib/python3.12/site-packages/sorting_executor_py/sorting_executor.py to sorting_executor.cpython-312.pyc
[1.245s] running install_data
[1.245s] running install_egg_info
[1.261s] removing '/home/rcli/ws_sorting_final/install/sorting_executor_py/lib/python3.12/site-packages/sorting_executor_py-0.0.0-py3.12.egg-info' (and everything under it)
[1.261s] Copying ../../build/sorting_executor_py/sorting_executor_py.egg-info to /home/rcli/ws_sorting_final/install/sorting_executor_py/lib/python3.12/site-packages/sorting_executor_py-0.0.0-py3.12.egg-info
[1.261s] running install_scripts
[1.364s] Installing sorting_executor script to /home/rcli/ws_sorting_final/install/sorting_executor_py/lib/sorting_executor_py
[1.364s] writing list of installed files to '/home/rcli/ws_sorting_final/build/sorting_executor_py/install.log'
[1.387s] Invoked command in '/home/rcli/ws_sorting_final/src/sorting_executor_py' returned '0': DEBUGINFOD_URLS=https://debuginfod.ubuntu.com PYTHONPATH=/home/rcli/ws_sorting_final/build/sorting_executor_py/prefix_override:/usr/lib/python3/dist-packages/colcon_core/task/python/colcon_distutils_commands:/home/rcli/ws_sorting_final/install/sorting_executor_py/lib/python3.12/site-packages:/home/rcli/ws_sorting_final/install/sorting_interfaces/lib/python3.12/site-packages:/home/rcli/ws_sorting_final/install/sorting_scene/lib/python3.12/site-packages:/home/rcli/ws_sorting_final/install/sorting_perception/lib/python3.12/site-packages:/home/rcli/ws_sorting_final/install/sorting_orchestrator/lib/python3.12/site-packages:/home/rcli/ws_sorting_final/install/sorting_executor_py/lib/python3.12/site-packages:/home/rcli/ws_sorting_final/install/sorting_gazebo/lib/python3.12/site-packages:/home/rcli/ws_sorting_final/install/sorting_bringup/lib/python3.12/site-packages:/opt/ros/jazzy/lib/python3.12/site-packages /usr/bin/python3 -W ignore:setup.py install is deprecated -W ignore:easy_install command is deprecated setup.py egg_info --egg-base ../../build/sorting_executor_py build --build-base /home/rcli/ws_sorting_final/build/sorting_executor_py/build install --record /home/rcli/ws_sorting_final/build/sorting_executor_py/install.log --single-version-externally-managed install_data
