running egg_info
creating ../../build/sorting_orchestrator/sorting_orchestrator.egg-info
writing ../../build/sorting_orchestrator/sorting_orchestrator.egg-info/PKG-INFO
writing dependency_links to ../../build/sorting_orchestrator/sorting_orchestrator.egg-info/dependency_links.txt
writing requirements to ../../build/sorting_orchestrator/sorting_orchestrator.egg-info/requires.txt
writing top-level names to ../../build/sorting_orchestrator/sorting_orchestrator.egg-info/top_level.txt
writing manifest file '../../build/sorting_orchestrator/sorting_orchestrator.egg-info/SOURCES.txt'
reading manifest file '../../build/sorting_orchestrator/sorting_orchestrator.egg-info/SOURCES.txt'
adding license file 'LICENSE'
writing manifest file '../../build/sorting_orchestrator/sorting_orchestrator.egg-info/SOURCES.txt'
running build
running build_py
creating /home/rcli/ws_sorting_final/build/sorting_orchestrator/build
creating /home/rcli/ws_sorting_final/build/sorting_orchestrator/build/lib
creating /home/rcli/ws_sorting_final/build/sorting_orchestrator/build/lib/sorting_orchestrator
copying sorting_orchestrator/__init__.py -> /home/rcli/ws_sorting_final/build/sorting_orchestrator/build/lib/sorting_orchestrator
running install
running install_lib
creating /home/rcli/ws_sorting_final/install/sorting_orchestrator/lib/python3.12/site-packages/sorting_orchestrator
copying /home/rcli/ws_sorting_final/build/sorting_orchestrator/build/lib/sorting_orchestrator/__init__.py -> /home/rcli/ws_sorting_final/install/sorting_orchestrator/lib/python3.12/site-packages/sorting_orchestrator
byte-compiling /home/rcli/ws_sorting_final/install/sorting_orchestrator/lib/python3.12/site-packages/sorting_orchestrator/__init__.py to __init__.cpython-312.pyc
running install_data
creating /home/rcli/ws_sorting_final/install/sorting_orchestrator/share/ament_index
creating /home/rcli/ws_sorting_final/install/sorting_orchestrator/share/ament_index/resource_index
creating /home/rcli/ws_sorting_final/install/sorting_orchestrator/share/ament_index/resource_index/packages
copying resource/sorting_orchestrator -> /home/rcli/ws_sorting_final/install/sorting_orchestrator/share/ament_index/resource_index/packages
copying package.xml -> /home/rcli/ws_sorting_final/install/sorting_orchestrator/share/sorting_orchestrator
running install_egg_info
Copying ../../build/sorting_orchestrator/sorting_orchestrator.egg-info to /home/rcli/ws_sorting_final/install/sorting_orchestrator/lib/python3.12/site-packages/sorting_orchestrator-0.0.0-py3.12.egg-info
running install_scripts
writing list of installed files to '/home/rcli/ws_sorting_final/build/sorting_orchestrator/install.log'
