[0.982s] Invoking command in '/home/rcli/ws_sorting_final/src/sorting_orchestrator': AMENT_PREFIX_PATH=/home/rcli/ws_sorting_final/install/sorting_interfaces:${AMENT_PREFIX_PATH} CMAKE_PREFIX_PATH=/home/rcli/ws_sorting_final/install/sorting_interfaces:${CMAKE_PREFIX_PATH} DEBUGINFOD_URLS=https://debuginfod.ubuntu.com LD_LIBRARY_PATH=/home/rcli/ws_sorting_final/install/sorting_interfaces/lib:${LD_LIBRARY_PATH} PYTHONPATH=/home/rcli/ws_sorting_final/build/sorting_orchestrator/prefix_override:/usr/lib/python3/dist-packages/colcon_core/task/python/colcon_distutils_commands:/home/rcli/ws_sorting_final/install/sorting_orchestrator/lib/python3.12/site-packages:/home/rcli/ws_sorting_final/install/sorting_interfaces/lib/python3.12/site-packages:${PYTHONPATH} /usr/bin/python3 -W ignore:setup.py install is deprecated -W ignore:easy_install command is deprecated setup.py egg_info --egg-base ../../build/sorting_orchestrator build --build-base /home/rcli/ws_sorting_final/build/sorting_orchestrator/build install --record /home/rcli/ws_sorting_final/build/sorting_orchestrator/install.log --single-version-externally-managed install_data
[1.180s] running egg_info
[1.180s] creating ../../build/sorting_orchestrator/sorting_orchestrator.egg-info
[1.192s] writing ../../build/sorting_orchestrator/sorting_orchestrator.egg-info/PKG-INFO
[1.192s] writing dependency_links to ../../build/sorting_orchestrator/sorting_orchestrator.egg-info/dependency_links.txt
[1.192s] writing requirements to ../../build/sorting_orchestrator/sorting_orchestrator.egg-info/requires.txt
[1.192s] writing top-level names to ../../build/sorting_orchestrator/sorting_orchestrator.egg-info/top_level.txt
[1.192s] writing manifest file '../../build/sorting_orchestrator/sorting_orchestrator.egg-info/SOURCES.txt'
[1.217s] reading manifest file '../../build/sorting_orchestrator/sorting_orchestrator.egg-info/SOURCES.txt'
[1.217s] adding license file 'LICENSE'
[1.218s] writing manifest file '../../build/sorting_orchestrator/sorting_orchestrator.egg-info/SOURCES.txt'
[1.218s] running build
[1.218s] running build_py
[1.218s] creating /home/rcli/ws_sorting_final/build/sorting_orchestrator/build
[1.218s] creating /home/rcli/ws_sorting_final/build/sorting_orchestrator/build/lib
[1.218s] creating /home/rcli/ws_sorting_final/build/sorting_orchestrator/build/lib/sorting_orchestrator
[1.219s] copying sorting_orchestrator/__init__.py -> /home/rcli/ws_sorting_final/build/sorting_orchestrator/build/lib/sorting_orchestrator
[1.219s] running install
[1.223s] running install_lib
[1.237s] creating /home/rcli/ws_sorting_final/install/sorting_orchestrator/lib/python3.12/site-packages/sorting_orchestrator
[1.237s] copying /home/rcli/ws_sorting_final/build/sorting_orchestrator/build/lib/sorting_orchestrator/__init__.py -> /home/rcli/ws_sorting_final/install/sorting_orchestrator/lib/python3.12/site-packages/sorting_orchestrator
[1.237s] byte-compiling /home/rcli/ws_sorting_final/install/sorting_orchestrator/lib/python3.12/site-packages/sorting_orchestrator/__init__.py to __init__.cpython-312.pyc
[1.237s] running install_data
[1.237s] creating /home/rcli/ws_sorting_final/install/sorting_orchestrator/share/ament_index
[1.237s] creating /home/rcli/ws_sorting_final/install/sorting_orchestrator/share/ament_index/resource_index
[1.237s] creating /home/rcli/ws_sorting_final/install/sorting_orchestrator/share/ament_index/resource_index/packages
[1.237s] copying resource/sorting_orchestrator -> /home/rcli/ws_sorting_final/install/sorting_orchestrator/share/ament_index/resource_index/packages
[1.238s] copying package.xml -> /home/rcli/ws_sorting_final/install/sorting_orchestrator/share/sorting_orchestrator
[1.238s] running install_egg_info
[1.251s] Copying ../../build/sorting_orchestrator/sorting_orchestrator.egg-info to /home/rcli/ws_sorting_final/install/sorting_orchestrator/lib/python3.12/site-packages/sorting_orchestrator-0.0.0-py3.12.egg-info
[1.252s] running install_scripts
[1.338s] writing list of installed files to '/home/rcli/ws_sorting_final/build/sorting_orchestrator/install.log'
[1.360s] Invoked command in '/home/rcli/ws_sorting_final/src/sorting_orchestrator' returned '0': AMENT_PREFIX_PATH=/home/rcli/ws_sorting_final/install/sorting_interfaces:${AMENT_PREFIX_PATH} CMAKE_PREFIX_PATH=/home/rcli/ws_sorting_final/install/sorting_interfaces:${CMAKE_PREFIX_PATH} DEBUGINFOD_URLS=https://debuginfod.ubuntu.com LD_LIBRARY_PATH=/home/rcli/ws_sorting_final/install/sorting_interfaces/lib:${LD_LIBRARY_PATH} PYTHONPATH=/home/rcli/ws_sorting_final/build/sorting_orchestrator/prefix_override:/usr/lib/python3/dist-packages/colcon_core/task/python/colcon_distutils_commands:/home/rcli/ws_sorting_final/install/sorting_orchestrator/lib/python3.12/site-packages:/home/rcli/ws_sorting_final/install/sorting_interfaces/lib/python3.12/site-packages:${PYTHONPATH} /usr/bin/python3 -W ignore:setup.py install is deprecated -W ignore:easy_install command is deprecated setup.py egg_info --egg-base ../../build/sorting_orchestrator build --build-base /home/rcli/ws_sorting_final/build/sorting_orchestrator/build install --record /home/rcli/ws_sorting_final/build/sorting_orchestrator/install.log --single-version-externally-managed install_data
