[0.020s] Invoking command in '/home/rcli/ws_sorting_final/build/sorting_interfaces': CMAKE_PREFIX_PATH=${CMAKE_PREFIX_PATH}:/home/rcli/ws_sorting_final/install/sorting_scene:/home/rcli/ws_sorting_final/install/sorting_perception:/home/rcli/ws_sorting_final/install/sorting_orchestrator:/home/rcli/ws_sorting_final/install/sorting_executor_py:/home/rcli/ws_sorting_final/install/sorting_gazebo:/home/rcli/ws_sorting_final/install/sorting_bringup:/opt/ros/jazzy DEBUGINFOD_URLS=https://debuginfod.ubuntu.com /usr/bin/cmake --build /home/rcli/ws_sorting_final/build/sorting_interfaces -- -j24 -l24
[0.225s] [  1%] Built target sorting_interfaces__rosidl_generator_type_description
[0.225s] [  1%] Built target ament_cmake_python_copy_sorting_interfaces
[0.225s] [  3%] Built target sorting_interfaces__cpp
[0.225s] [ 25%] Built target sorting_interfaces__rosidl_generator_c
[0.225s] [ 34%] Built target sorting_interfaces__rosidl_typesupport_cpp
[0.225s] [ 43%] Built target sorting_interfaces__rosidl_typesupport_c
[0.226s] [ 53%] Built target sorting_interfaces__rosidl_typesupport_introspection_cpp
[0.226s] [ 62%] Built target sorting_interfaces__rosidl_typesupport_fastrtps_cpp
[0.226s] [ 71%] Built target sorting_interfaces__rosidl_typesupport_fastrtps_c
[0.226s] [ 81%] Built target sorting_interfaces__rosidl_typesupport_introspection_c
[0.226s] [ 81%] Built target sorting_interfaces
[0.226s] [ 82%] Built target sorting_interfaces__py
[0.226s] [ 90%] Built target sorting_interfaces__rosidl_generator_py
[0.245s] [ 93%] Built target sorting_interfaces_s__rosidl_typesupport_introspection_c
[0.246s] [ 96%] Built target sorting_interfaces_s__rosidl_typesupport_c
[0.249s] [100%] Built target sorting_interfaces_s__rosidl_typesupport_fastrtps_c
[0.302s] running egg_info
[0.321s] writing sorting_interfaces.egg-info/PKG-INFO
[0.321s] writing dependency_links to sorting_interfaces.egg-info/dependency_links.txt
[0.321s] writing top-level names to sorting_interfaces.egg-info/top_level.txt
[0.377s] reading manifest file 'sorting_interfaces.egg-info/SOURCES.txt'
[0.377s] writing manifest file 'sorting_interfaces.egg-info/SOURCES.txt'
[0.403s] [100%] Built target ament_cmake_python_build_sorting_interfaces_egg
[0.460s] Invoked command in '/home/rcli/ws_sorting_final/build/sorting_interfaces' returned '0': CMAKE_PREFIX_PATH=${CMAKE_PREFIX_PATH}:/home/rcli/ws_sorting_final/install/sorting_scene:/home/rcli/ws_sorting_final/install/sorting_perception:/home/rcli/ws_sorting_final/install/sorting_orchestrator:/home/rcli/ws_sorting_final/install/sorting_executor_py:/home/rcli/ws_sorting_final/install/sorting_gazebo:/home/rcli/ws_sorting_final/install/sorting_bringup:/opt/ros/jazzy DEBUGINFOD_URLS=https://debuginfod.ubuntu.com /usr/bin/cmake --build /home/rcli/ws_sorting_final/build/sorting_interfaces -- -j24 -l24
[0.469s] Invoking command in '/home/rcli/ws_sorting_final/build/sorting_interfaces': CMAKE_PREFIX_PATH=${CMAKE_PREFIX_PATH}:/home/rcli/ws_sorting_final/install/sorting_scene:/home/rcli/ws_sorting_final/install/sorting_perception:/home/rcli/ws_sorting_final/install/sorting_orchestrator:/home/rcli/ws_sorting_final/install/sorting_executor_py:/home/rcli/ws_sorting_final/install/sorting_gazebo:/home/rcli/ws_sorting_final/install/sorting_bringup:/opt/ros/jazzy DEBUGINFOD_URLS=https://debuginfod.ubuntu.com /usr/bin/cmake --install /home/rcli/ws_sorting_final/build/sorting_interfaces
[0.477s] -- Install configuration: ""
[0.477s] -- Up-to-date: /home/rcli/ws_sorting_final/install/sorting_interfaces/share/ament_index/resource_index/rosidl_interfaces/sorting_interfaces
[0.477s] -- Up-to-date: /home/rcli/ws_sorting_final/install/sorting_interfaces/share/sorting_interfaces/msg/DetectedObject.json
[0.477s] -- Up-to-date: /home/rcli/ws_sorting_final/install/sorting_interfaces/share/sorting_interfaces/msg/DetectedObjectArray.json
[0.477s] -- Up-to-date: /home/rcli/ws_sorting_final/install/sorting_interfaces/share/sorting_interfaces/msg/SortTask.json
[0.477s] -- Up-to-date: /home/rcli/ws_sorting_final/install/sorting_interfaces/share/sorting_interfaces/msg/ExecutionStatus.json
[0.478s] -- Up-to-date: /home/rcli/ws_sorting_final/install/sorting_interfaces/include/sorting_interfaces/sorting_interfaces
[0.478s] -- Up-to-date: /home/rcli/ws_sorting_final/install/sorting_interfaces/include/sorting_interfaces/sorting_interfaces/msg
[0.478s] -- Up-to-date: /home/rcli/ws_sorting_final/install/sorting_interfaces/include/sorting_interfaces/sorting_interfaces/msg/detail
[0.478s] -- Up-to-date: /home/rcli/ws_sorting_final/install/sorting_interfaces/include/sorting_interfaces/sorting_interfaces/msg/detail/detected_object__struct.h
[0.478s] -- Up-to-date: /home/rcli/ws_sorting_final/install/sorting_interfaces/include/sorting_interfaces/sorting_interfaces/msg/detail/detected_object__functions.c
[0.478s] -- Up-to-date: /home/rcli/ws_sorting_final/install/sorting_interfaces/include/sorting_interfaces/sorting_interfaces/msg/detail/detected_object_array__description.c
[0.479s] -- Up-to-date: /home/rcli/ws_sorting_final/install/sorting_interfaces/include/sorting_interfaces/sorting_interfaces/msg/detail/detected_object_array__functions.c
[0.479s] -- Up-to-date: /home/rcli/ws_sorting_final/install/sorting_interfaces/include/sorting_interfaces/sorting_interfaces/msg/detail/detected_object_array__type_support.c
[0.479s] -- Up-to-date: /home/rcli/ws_sorting_final/install/sorting_interfaces/include/sorting_interfaces/sorting_interfaces/msg/detail/detected_object__description.c
[0.479s] -- Up-to-date: /home/rcli/ws_sorting_final/install/sorting_interfaces/include/sorting_interfaces/sorting_interfaces/msg/detail/sort_task__functions.c
[0.479s] -- Up-to-date: /home/rcli/ws_sorting_final/install/sorting_interfaces/include/sorting_interfaces/sorting_interfaces/msg/detail/execution_status__type_support.c
[0.479s] -- Up-to-date: /home/rcli/ws_sorting_final/install/sorting_interfaces/include/sorting_interfaces/sorting_interfaces/msg/detail/execution_status__description.c
[0.479s] -- Up-to-date: /home/rcli/ws_sorting_final/install/sorting_interfaces/include/sorting_interfaces/sorting_interfaces/msg/detail/detected_object__type_support.h
[0.479s] -- Up-to-date: /home/rcli/ws_sorting_final/install/sorting_interfaces/include/sorting_interfaces/sorting_interfaces/msg/detail/sort_task__struct.h
[0.479s] -- Up-to-date: /home/rcli/ws_sorting_final/install/sorting_interfaces/include/sorting_interfaces/sorting_interfaces/msg/detail/sort_task__description.c
[0.479s] -- Up-to-date: /home/rcli/ws_sorting_final/install/sorting_interfaces/include/sorting_interfaces/sorting_interfaces/msg/detail/sort_task__functions.h
[0.479s] -- Up-to-date: /home/rcli/ws_sorting_final/install/sorting_interfaces/include/sorting_interfaces/sorting_interfaces/msg/detail/execution_status__functions.h
[0.479s] -- Up-to-date: /home/rcli/ws_sorting_final/install/sorting_interfaces/include/sorting_interfaces/sorting_interfaces/msg/detail/execution_status__functions.c
[0.479s] -- Up-to-date: /home/rcli/ws_sorting_final/install/sorting_interfaces/include/sorting_interfaces/sorting_interfaces/msg/detail/detected_object_array__functions.h
[0.479s] -- Up-to-date: /home/rcli/ws_sorting_final/install/sorting_interfaces/include/sorting_interfaces/sorting_interfaces/msg/detail/execution_status__struct.h
[0.479s] -- Up-to-date: /home/rcli/ws_sorting_final/install/sorting_interfaces/include/sorting_interfaces/sorting_interfaces/msg/detail/detected_object__functions.h
[0.479s] -- Up-to-date: /home/rcli/ws_sorting_final/install/sorting_interfaces/include/sorting_interfaces/sorting_interfaces/msg/detail/detected_object_array__type_support.h
[0.480s] -- Up-to-date: /home/rcli/ws_sorting_final/install/sorting_interfaces/include/sorting_interfaces/sorting_interfaces/msg/detail/execution_status__type_support.h
[0.480s] -- Up-to-date: /home/rcli/ws_sorting_final/install/sorting_interfaces/include/sorting_interfaces/sorting_interfaces/msg/detail/sort_task__type_support.h
[0.480s] -- Up-to-date: /home/rcli/ws_sorting_final/install/sorting_interfaces/include/sorting_interfaces/sorting_interfaces/msg/detail/sort_task__type_support.c
[0.480s] -- Up-to-date: /home/rcli/ws_sorting_final/install/sorting_interfaces/include/sorting_interfaces/sorting_interfaces/msg/detail/detected_object_array__struct.h
[0.480s] -- Up-to-date: /home/rcli/ws_sorting_final/install/sorting_interfaces/include/sorting_interfaces/sorting_interfaces/msg/detail/detected_object__type_support.c
[0.480s] -- Up-to-date: /home/rcli/ws_sorting_final/install/sorting_interfaces/include/sorting_interfaces/sorting_interfaces/msg/execution_status.h
[0.480s] -- Up-to-date: /home/rcli/ws_sorting_final/install/sorting_interfaces/include/sorting_interfaces/sorting_interfaces/msg/rosidl_generator_c__visibility_control.h
[0.480s] -- Up-to-date: /home/rcli/ws_sorting_final/install/sorting_interfaces/include/sorting_interfaces/sorting_interfaces/msg/sort_task.h
[0.480s] -- Up-to-date: /home/rcli/ws_sorting_final/install/sorting_interfaces/include/sorting_interfaces/sorting_interfaces/msg/detected_object_array.h
[0.480s] -- Up-to-date: /home/rcli/ws_sorting_final/install/sorting_interfaces/include/sorting_interfaces/sorting_interfaces/msg/detected_object.h
[0.480s] -- Up-to-date: /home/rcli/ws_sorting_final/install/sorting_interfaces/share/sorting_interfaces/environment/library_path.sh
[0.480s] -- Up-to-date: /home/rcli/ws_sorting_final/install/sorting_interfaces/share/sorting_interfaces/environment/library_path.dsv
[0.481s] -- Up-to-date: /home/rcli/ws_sorting_final/install/sorting_interfaces/lib/libsorting_interfaces__rosidl_generator_c.so
[0.481s] -- Up-to-date: /home/rcli/ws_sorting_final/install/sorting_interfaces/include/sorting_interfaces/sorting_interfaces
[0.481s] -- Up-to-date: /home/rcli/ws_sorting_final/install/sorting_interfaces/include/sorting_interfaces/sorting_interfaces/msg
[0.481s] -- Up-to-date: /home/rcli/ws_sorting_final/install/sorting_interfaces/include/sorting_interfaces/sorting_interfaces/msg/detail
[0.481s] -- Up-to-date: /home/rcli/ws_sorting_final/install/sorting_interfaces/include/sorting_interfaces/sorting_interfaces/msg/detail/detected_object__rosidl_typesupport_fastrtps_c.h
[0.481s] -- Up-to-date: /home/rcli/ws_sorting_final/install/sorting_interfaces/include/sorting_interfaces/sorting_interfaces/msg/detail/detected_object_array__rosidl_typesupport_fastrtps_c.h
[0.481s] -- Up-to-date: /home/rcli/ws_sorting_final/install/sorting_interfaces/include/sorting_interfaces/sorting_interfaces/msg/detail/execution_status__rosidl_typesupport_fastrtps_c.h
[0.481s] -- Up-to-date: /home/rcli/ws_sorting_final/install/sorting_interfaces/include/sorting_interfaces/sorting_interfaces/msg/detail/sort_task__rosidl_typesupport_fastrtps_c.h
[0.481s] -- Up-to-date: /home/rcli/ws_sorting_final/install/sorting_interfaces/include/sorting_interfaces/sorting_interfaces/msg/rosidl_typesupport_fastrtps_c__visibility_control.h
[0.481s] -- Up-to-date: /home/rcli/ws_sorting_final/install/sorting_interfaces/lib/libsorting_interfaces__rosidl_typesupport_fastrtps_c.so
[0.481s] -- Up-to-date: /home/rcli/ws_sorting_final/install/sorting_interfaces/include/sorting_interfaces/sorting_interfaces
[0.481s] -- Up-to-date: /home/rcli/ws_sorting_final/install/sorting_interfaces/include/sorting_interfaces/sorting_interfaces/msg
[0.481s] -- Up-to-date: /home/rcli/ws_sorting_final/install/sorting_interfaces/include/sorting_interfaces/sorting_interfaces/msg/detail
[0.481s] -- Up-to-date: /home/rcli/ws_sorting_final/install/sorting_interfaces/include/sorting_interfaces/sorting_interfaces/msg/detail/detected_object_array__type_support.c
[0.481s] -- Up-to-date: /home/rcli/ws_sorting_final/install/sorting_interfaces/include/sorting_interfaces/sorting_interfaces/msg/detail/execution_status__type_support.c
[0.481s] -- Up-to-date: /home/rcli/ws_sorting_final/install/sorting_interfaces/include/sorting_interfaces/sorting_interfaces/msg/detail/detected_object__rosidl_typesupport_introspection_c.h
[0.481s] -- Up-to-date: /home/rcli/ws_sorting_final/install/sorting_interfaces/include/sorting_interfaces/sorting_interfaces/msg/detail/sort_task__rosidl_typesupport_introspection_c.h
[0.481s] -- Up-to-date: /home/rcli/ws_sorting_final/install/sorting_interfaces/include/sorting_interfaces/sorting_interfaces/msg/detail/execution_status__rosidl_typesupport_introspection_c.h
[0.481s] -- Up-to-date: /home/rcli/ws_sorting_final/install/sorting_interfaces/include/sorting_interfaces/sorting_interfaces/msg/detail/detected_object_array__rosidl_typesupport_introspection_c.h
[0.481s] -- Up-to-date: /home/rcli/ws_sorting_final/install/sorting_interfaces/include/sorting_interfaces/sorting_interfaces/msg/detail/sort_task__type_support.c
[0.481s] -- Up-to-date: /home/rcli/ws_sorting_final/install/sorting_interfaces/include/sorting_interfaces/sorting_interfaces/msg/detail/detected_object__type_support.c
[0.481s] -- Up-to-date: /home/rcli/ws_sorting_final/install/sorting_interfaces/include/sorting_interfaces/sorting_interfaces/msg/rosidl_typesupport_introspection_c__visibility_control.h
[0.482s] -- Up-to-date: /home/rcli/ws_sorting_final/install/sorting_interfaces/lib/libsorting_interfaces__rosidl_typesupport_introspection_c.so
[0.482s] -- Up-to-date: /home/rcli/ws_sorting_final/install/sorting_interfaces/lib/libsorting_interfaces__rosidl_typesupport_c.so
[0.482s] -- Up-to-date: /home/rcli/ws_sorting_final/install/sorting_interfaces/include/sorting_interfaces/sorting_interfaces
[0.482s] -- Up-to-date: /home/rcli/ws_sorting_final/install/sorting_interfaces/include/sorting_interfaces/sorting_interfaces/msg
[0.482s] -- Up-to-date: /home/rcli/ws_sorting_final/install/sorting_interfaces/include/sorting_interfaces/sorting_interfaces/msg/detail
[0.482s] -- Up-to-date: /home/rcli/ws_sorting_final/install/sorting_interfaces/include/sorting_interfaces/sorting_interfaces/msg/detail/execution_status__struct.hpp
[0.482s] -- Up-to-date: /home/rcli/ws_sorting_final/install/sorting_interfaces/include/sorting_interfaces/sorting_interfaces/msg/detail/sort_task__type_support.hpp
[0.482s] -- Up-to-date: /home/rcli/ws_sorting_final/install/sorting_interfaces/include/sorting_interfaces/sorting_interfaces/msg/detail/sort_task__builder.hpp
[0.482s] -- Up-to-date: /home/rcli/ws_sorting_final/install/sorting_interfaces/include/sorting_interfaces/sorting_interfaces/msg/detail/detected_object_array__type_support.hpp
[0.482s] -- Up-to-date: /home/rcli/ws_sorting_final/install/sorting_interfaces/include/sorting_interfaces/sorting_interfaces/msg/detail/detected_object__traits.hpp
[0.482s] -- Up-to-date: /home/rcli/ws_sorting_final/install/sorting_interfaces/include/sorting_interfaces/sorting_interfaces/msg/detail/detected_object__struct.hpp
[0.482s] -- Up-to-date: /home/rcli/ws_sorting_final/install/sorting_interfaces/include/sorting_interfaces/sorting_interfaces/msg/detail/execution_status__builder.hpp
[0.482s] -- Up-to-date: /home/rcli/ws_sorting_final/install/sorting_interfaces/include/sorting_interfaces/sorting_interfaces/msg/detail/execution_status__type_support.hpp
[0.482s] -- Up-to-date: /home/rcli/ws_sorting_final/install/sorting_interfaces/include/sorting_interfaces/sorting_interfaces/msg/detail/detected_object_array__builder.hpp
[0.482s] -- Up-to-date: /home/rcli/ws_sorting_final/install/sorting_interfaces/include/sorting_interfaces/sorting_interfaces/msg/detail/detected_object_array__traits.hpp
[0.482s] -- Up-to-date: /home/rcli/ws_sorting_final/install/sorting_interfaces/include/sorting_interfaces/sorting_interfaces/msg/detail/detected_object__type_support.hpp
[0.482s] -- Up-to-date: /home/rcli/ws_sorting_final/install/sorting_interfaces/include/sorting_interfaces/sorting_interfaces/msg/detail/detected_object_array__struct.hpp
[0.482s] -- Up-to-date: /home/rcli/ws_sorting_final/install/sorting_interfaces/include/sorting_interfaces/sorting_interfaces/msg/detail/sort_task__traits.hpp
[0.482s] -- Up-to-date: /home/rcli/ws_sorting_final/install/sorting_interfaces/include/sorting_interfaces/sorting_interfaces/msg/detail/execution_status__traits.hpp
[0.483s] -- Up-to-date: /home/rcli/ws_sorting_final/install/sorting_interfaces/include/sorting_interfaces/sorting_interfaces/msg/detail/detected_object__builder.hpp
[0.483s] -- Up-to-date: /home/rcli/ws_sorting_final/install/sorting_interfaces/include/sorting_interfaces/sorting_interfaces/msg/detail/sort_task__struct.hpp
[0.483s] -- Up-to-date: /home/rcli/ws_sorting_final/install/sorting_interfaces/include/sorting_interfaces/sorting_interfaces/msg/detected_object_array.hpp
[0.483s] -- Up-to-date: /home/rcli/ws_sorting_final/install/sorting_interfaces/include/sorting_interfaces/sorting_interfaces/msg/execution_status.hpp
[0.483s] -- Up-to-date: /home/rcli/ws_sorting_final/install/sorting_interfaces/include/sorting_interfaces/sorting_interfaces/msg/detected_object.hpp
[0.483s] -- Up-to-date: /home/rcli/ws_sorting_final/install/sorting_interfaces/include/sorting_interfaces/sorting_interfaces/msg/rosidl_generator_cpp__visibility_control.hpp
[0.483s] -- Up-to-date: /home/rcli/ws_sorting_final/install/sorting_interfaces/include/sorting_interfaces/sorting_interfaces/msg/sort_task.hpp
[0.483s] -- Up-to-date: /home/rcli/ws_sorting_final/install/sorting_interfaces/include/sorting_interfaces/sorting_interfaces
[0.483s] -- Up-to-date: /home/rcli/ws_sorting_final/install/sorting_interfaces/include/sorting_interfaces/sorting_interfaces/msg
[0.483s] -- Up-to-date: /home/rcli/ws_sorting_final/install/sorting_interfaces/include/sorting_interfaces/sorting_interfaces/msg/rosidl_typesupport_fastrtps_cpp__visibility_control.h
[0.483s] -- Up-to-date: /home/rcli/ws_sorting_final/install/sorting_interfaces/include/sorting_interfaces/sorting_interfaces/msg/detail
[0.483s] -- Up-to-date: /home/rcli/ws_sorting_final/install/sorting_interfaces/include/sorting_interfaces/sorting_interfaces/msg/detail/execution_status__rosidl_typesupport_fastrtps_cpp.hpp
[0.483s] -- Up-to-date: /home/rcli/ws_sorting_final/install/sorting_interfaces/include/sorting_interfaces/sorting_interfaces/msg/detail/detected_object__rosidl_typesupport_fastrtps_cpp.hpp
[0.483s] -- Up-to-date: /home/rcli/ws_sorting_final/install/sorting_interfaces/include/sorting_interfaces/sorting_interfaces/msg/detail/sort_task__rosidl_typesupport_fastrtps_cpp.hpp
[0.483s] -- Up-to-date: /home/rcli/ws_sorting_final/install/sorting_interfaces/include/sorting_interfaces/sorting_interfaces/msg/detail/detected_object_array__rosidl_typesupport_fastrtps_cpp.hpp
[0.483s] -- Up-to-date: /home/rcli/ws_sorting_final/install/sorting_interfaces/include/sorting_interfaces/sorting_interfaces/msg/detail/dds_fastrtps
[0.483s] -- Up-to-date: /home/rcli/ws_sorting_final/install/sorting_interfaces/lib/libsorting_interfaces__rosidl_typesupport_fastrtps_cpp.so
[0.483s] -- Up-to-date: /home/rcli/ws_sorting_final/install/sorting_interfaces/include/sorting_interfaces/sorting_interfaces
[0.484s] -- Up-to-date: /home/rcli/ws_sorting_final/install/sorting_interfaces/include/sorting_interfaces/sorting_interfaces/msg
[0.484s] -- Up-to-date: /home/rcli/ws_sorting_final/install/sorting_interfaces/include/sorting_interfaces/sorting_interfaces/msg/detail
[0.484s] -- Up-to-date: /home/rcli/ws_sorting_final/install/sorting_interfaces/include/sorting_interfaces/sorting_interfaces/msg/detail/execution_status__rosidl_typesupport_introspection_cpp.hpp
[0.484s] -- Up-to-date: /home/rcli/ws_sorting_final/install/sorting_interfaces/include/sorting_interfaces/sorting_interfaces/msg/detail/execution_status__type_support.cpp
[0.484s] -- Up-to-date: /home/rcli/ws_sorting_final/install/sorting_interfaces/include/sorting_interfaces/sorting_interfaces/msg/detail/sort_task__rosidl_typesupport_introspection_cpp.hpp
[0.484s] -- Up-to-date: /home/rcli/ws_sorting_final/install/sorting_interfaces/include/sorting_interfaces/sorting_interfaces/msg/detail/detected_object_array__rosidl_typesupport_introspection_cpp.hpp
[0.484s] -- Up-to-date: /home/rcli/ws_sorting_final/install/sorting_interfaces/include/sorting_interfaces/sorting_interfaces/msg/detail/sort_task__type_support.cpp
[0.484s] -- Up-to-date: /home/rcli/ws_sorting_final/install/sorting_interfaces/include/sorting_interfaces/sorting_interfaces/msg/detail/detected_object_array__type_support.cpp
[0.484s] -- Up-to-date: /home/rcli/ws_sorting_final/install/sorting_interfaces/include/sorting_interfaces/sorting_interfaces/msg/detail/detected_object__type_support.cpp
[0.484s] -- Up-to-date: /home/rcli/ws_sorting_final/install/sorting_interfaces/include/sorting_interfaces/sorting_interfaces/msg/detail/detected_object__rosidl_typesupport_introspection_cpp.hpp
[0.484s] -- Up-to-date: /home/rcli/ws_sorting_final/install/sorting_interfaces/lib/libsorting_interfaces__rosidl_typesupport_introspection_cpp.so
[0.484s] -- Up-to-date: /home/rcli/ws_sorting_final/install/sorting_interfaces/lib/libsorting_interfaces__rosidl_typesupport_cpp.so
[0.484s] -- Up-to-date: /home/rcli/ws_sorting_final/install/sorting_interfaces/share/sorting_interfaces/environment/pythonpath.sh
[0.484s] -- Up-to-date: /home/rcli/ws_sorting_final/install/sorting_interfaces/share/sorting_interfaces/environment/pythonpath.dsv
[0.484s] -- Up-to-date: /home/rcli/ws_sorting_final/install/sorting_interfaces/lib/python3.12/site-packages/sorting_interfaces-0.0.0-py3.12.egg-info
[0.484s] -- Installing: /home/rcli/ws_sorting_final/install/sorting_interfaces/lib/python3.12/site-packages/sorting_interfaces-0.0.0-py3.12.egg-info/top_level.txt
[0.484s] -- Installing: /home/rcli/ws_sorting_final/install/sorting_interfaces/lib/python3.12/site-packages/sorting_interfaces-0.0.0-py3.12.egg-info/PKG-INFO
[0.484s] -- Installing: /home/rcli/ws_sorting_final/install/sorting_interfaces/lib/python3.12/site-packages/sorting_interfaces-0.0.0-py3.12.egg-info/dependency_links.txt
[0.484s] -- Installing: /home/rcli/ws_sorting_final/install/sorting_interfaces/lib/python3.12/site-packages/sorting_interfaces-0.0.0-py3.12.egg-info/SOURCES.txt
[0.484s] -- Up-to-date: /home/rcli/ws_sorting_final/install/sorting_interfaces/lib/python3.12/site-packages/sorting_interfaces
[0.484s] -- Up-to-date: /home/rcli/ws_sorting_final/install/sorting_interfaces/lib/python3.12/site-packages/sorting_interfaces/msg
[0.485s] -- Up-to-date: /home/rcli/ws_sorting_final/install/sorting_interfaces/lib/python3.12/site-packages/sorting_interfaces/msg/_detected_object_array_s.c
[0.485s] -- Up-to-date: /home/rcli/ws_sorting_final/install/sorting_interfaces/lib/python3.12/site-packages/sorting_interfaces/msg/_execution_status.py
[0.485s] -- Up-to-date: /home/rcli/ws_sorting_final/install/sorting_interfaces/lib/python3.12/site-packages/sorting_interfaces/msg/_detected_object.py
[0.485s] -- Up-to-date: /home/rcli/ws_sorting_final/install/sorting_interfaces/lib/python3.12/site-packages/sorting_interfaces/msg/_sort_task_s.c
[0.485s] -- Up-to-date: /home/rcli/ws_sorting_final/install/sorting_interfaces/lib/python3.12/site-packages/sorting_interfaces/msg/_detected_object_array.py
[0.485s] -- Up-to-date: /home/rcli/ws_sorting_final/install/sorting_interfaces/lib/python3.12/site-packages/sorting_interfaces/msg/_detected_object_s.c
[0.485s] -- Up-to-date: /home/rcli/ws_sorting_final/install/sorting_interfaces/lib/python3.12/site-packages/sorting_interfaces/msg/_execution_status_s.c
[0.485s] -- Up-to-date: /home/rcli/ws_sorting_final/install/sorting_interfaces/lib/python3.12/site-packages/sorting_interfaces/msg/__init__.py
[0.485s] -- Up-to-date: /home/rcli/ws_sorting_final/install/sorting_interfaces/lib/python3.12/site-packages/sorting_interfaces/msg/_sort_task.py
[0.485s] -- Up-to-date: /home/rcli/ws_sorting_final/install/sorting_interfaces/lib/python3.12/site-packages/sorting_interfaces/_sorting_interfaces_s.ep.rosidl_typesupport_introspection_c.c
[0.485s] -- Up-to-date: /home/rcli/ws_sorting_final/install/sorting_interfaces/lib/python3.12/site-packages/sorting_interfaces/_sorting_interfaces_s.ep.rosidl_typesupport_fastrtps_c.c
[0.485s] -- Up-to-date: /home/rcli/ws_sorting_final/install/sorting_interfaces/lib/python3.12/site-packages/sorting_interfaces/sorting_interfaces_s__rosidl_typesupport_c.so
[0.485s] -- Up-to-date: /home/rcli/ws_sorting_final/install/sorting_interfaces/lib/python3.12/site-packages/sorting_interfaces/sorting_interfaces_s__rosidl_typesupport_fastrtps_c.so
[0.485s] -- Up-to-date: /home/rcli/ws_sorting_final/install/sorting_interfaces/lib/python3.12/site-packages/sorting_interfaces/sorting_interfaces_s__rosidl_typesupport_introspection_c.so
[0.485s] -- Up-to-date: /home/rcli/ws_sorting_final/install/sorting_interfaces/lib/python3.12/site-packages/sorting_interfaces/__init__.py
[0.485s] -- Up-to-date: /home/rcli/ws_sorting_final/install/sorting_interfaces/lib/python3.12/site-packages/sorting_interfaces/_sorting_interfaces_s.ep.rosidl_typesupport_c.c
[0.515s] Listing '/home/rcli/ws_sorting_final/install/sorting_interfaces/lib/python3.12/site-packages/sorting_interfaces'...
[0.516s] Listing '/home/rcli/ws_sorting_final/install/sorting_interfaces/lib/python3.12/site-packages/sorting_interfaces/msg'...
[0.520s] -- Up-to-date: /home/rcli/ws_sorting_final/install/sorting_interfaces/lib/python3.12/site-packages/sorting_interfaces/sorting_interfaces_s__rosidl_typesupport_fastrtps_c.so
[0.520s] -- Up-to-date: /home/rcli/ws_sorting_final/install/sorting_interfaces/lib/python3.12/site-packages/sorting_interfaces/sorting_interfaces_s__rosidl_typesupport_introspection_c.so
[0.521s] -- Up-to-date: /home/rcli/ws_sorting_final/install/sorting_interfaces/lib/python3.12/site-packages/sorting_interfaces/sorting_interfaces_s__rosidl_typesupport_c.so
[0.521s] -- Up-to-date: /home/rcli/ws_sorting_final/install/sorting_interfaces/lib/libsorting_interfaces__rosidl_generator_py.so
[0.521s] -- Up-to-date: /home/rcli/ws_sorting_final/install/sorting_interfaces/share/sorting_interfaces/msg/DetectedObject.idl
[0.521s] -- Up-to-date: /home/rcli/ws_sorting_final/install/sorting_interfaces/share/sorting_interfaces/msg/DetectedObjectArray.idl
[0.521s] -- Up-to-date: /home/rcli/ws_sorting_final/install/sorting_interfaces/share/sorting_interfaces/msg/SortTask.idl
[0.521s] -- Up-to-date: /home/rcli/ws_sorting_final/install/sorting_interfaces/share/sorting_interfaces/msg/ExecutionStatus.idl
[0.521s] -- Up-to-date: /home/rcli/ws_sorting_final/install/sorting_interfaces/share/sorting_interfaces/msg/DetectedObject.msg
[0.522s] -- Up-to-date: /home/rcli/ws_sorting_final/install/sorting_interfaces/share/sorting_interfaces/msg/DetectedObjectArray.msg
[0.522s] -- Up-to-date: /home/rcli/ws_sorting_final/install/sorting_interfaces/share/sorting_interfaces/msg/SortTask.msg
[0.522s] -- Up-to-date: /home/rcli/ws_sorting_final/install/sorting_interfaces/share/sorting_interfaces/msg/ExecutionStatus.msg
[0.522s] -- Up-to-date: /home/rcli/ws_sorting_final/install/sorting_interfaces/share/ament_index/resource_index/package_run_dependencies/sorting_interfaces
[0.522s] -- Up-to-date: /home/rcli/ws_sorting_final/install/sorting_interfaces/share/ament_index/resource_index/parent_prefix_path/sorting_interfaces
[0.522s] -- Up-to-date: /home/rcli/ws_sorting_final/install/sorting_interfaces/share/sorting_interfaces/environment/ament_prefix_path.sh
[0.522s] -- Up-to-date: /home/rcli/ws_sorting_final/install/sorting_interfaces/share/sorting_interfaces/environment/ament_prefix_path.dsv
[0.522s] -- Up-to-date: /home/rcli/ws_sorting_final/install/sorting_interfaces/share/sorting_interfaces/environment/path.sh
[0.522s] -- Up-to-date: /home/rcli/ws_sorting_final/install/sorting_interfaces/share/sorting_interfaces/environment/path.dsv
[0.522s] -- Up-to-date: /home/rcli/ws_sorting_final/install/sorting_interfaces/share/sorting_interfaces/local_setup.bash
[0.523s] -- Up-to-date: /home/rcli/ws_sorting_final/install/sorting_interfaces/share/sorting_interfaces/local_setup.sh
[0.523s] -- Up-to-date: /home/rcli/ws_sorting_final/install/sorting_interfaces/share/sorting_interfaces/local_setup.zsh
[0.523s] -- Up-to-date: /home/rcli/ws_sorting_final/install/sorting_interfaces/share/sorting_interfaces/local_setup.dsv
[0.523s] -- Installing: /home/rcli/ws_sorting_final/install/sorting_interfaces/share/sorting_interfaces/package.dsv
[0.523s] -- Up-to-date: /home/rcli/ws_sorting_final/install/sorting_interfaces/share/ament_index/resource_index/packages/sorting_interfaces
[0.523s] -- Up-to-date: /home/rcli/ws_sorting_final/install/sorting_interfaces/share/sorting_interfaces/cmake/export_sorting_interfaces__rosidl_generator_cExport.cmake
[0.523s] -- Up-to-date: /home/rcli/ws_sorting_final/install/sorting_interfaces/share/sorting_interfaces/cmake/export_sorting_interfaces__rosidl_generator_cExport-noconfig.cmake
[0.523s] -- Up-to-date: /home/rcli/ws_sorting_final/install/sorting_interfaces/share/sorting_interfaces/cmake/export_sorting_interfaces__rosidl_typesupport_fastrtps_cExport.cmake
[0.523s] -- Up-to-date: /home/rcli/ws_sorting_final/install/sorting_interfaces/share/sorting_interfaces/cmake/export_sorting_interfaces__rosidl_typesupport_fastrtps_cExport-noconfig.cmake
[0.524s] -- Up-to-date: /home/rcli/ws_sorting_final/install/sorting_interfaces/share/sorting_interfaces/cmake/sorting_interfaces__rosidl_typesupport_introspection_cExport.cmake
[0.524s] -- Up-to-date: /home/rcli/ws_sorting_final/install/sorting_interfaces/share/sorting_interfaces/cmake/sorting_interfaces__rosidl_typesupport_introspection_cExport-noconfig.cmake
[0.524s] -- Up-to-date: /home/rcli/ws_sorting_final/install/sorting_interfaces/share/sorting_interfaces/cmake/sorting_interfaces__rosidl_typesupport_cExport.cmake
[0.525s] -- Up-to-date: /home/rcli/ws_sorting_final/install/sorting_interfaces/share/sorting_interfaces/cmake/sorting_interfaces__rosidl_typesupport_cExport-noconfig.cmake
[0.525s] -- Up-to-date: /home/rcli/ws_sorting_final/install/sorting_interfaces/share/sorting_interfaces/cmake/export_sorting_interfaces__rosidl_generator_cppExport.cmake
[0.525s] -- Up-to-date: /home/rcli/ws_sorting_final/install/sorting_interfaces/share/sorting_interfaces/cmake/export_sorting_interfaces__rosidl_typesupport_fastrtps_cppExport.cmake
[0.525s] -- Up-to-date: /home/rcli/ws_sorting_final/install/sorting_interfaces/share/sorting_interfaces/cmake/export_sorting_interfaces__rosidl_typesupport_fastrtps_cppExport-noconfig.cmake
[0.525s] -- Up-to-date: /home/rcli/ws_sorting_final/install/sorting_interfaces/share/sorting_interfaces/cmake/sorting_interfaces__rosidl_typesupport_introspection_cppExport.cmake
[0.525s] -- Up-to-date: /home/rcli/ws_sorting_final/install/sorting_interfaces/share/sorting_interfaces/cmake/sorting_interfaces__rosidl_typesupport_introspection_cppExport-noconfig.cmake
[0.525s] -- Up-to-date: /home/rcli/ws_sorting_final/install/sorting_interfaces/share/sorting_interfaces/cmake/sorting_interfaces__rosidl_typesupport_cppExport.cmake
[0.525s] -- Up-to-date: /home/rcli/ws_sorting_final/install/sorting_interfaces/share/sorting_interfaces/cmake/sorting_interfaces__rosidl_typesupport_cppExport-noconfig.cmake
[0.525s] -- Up-to-date: /home/rcli/ws_sorting_final/install/sorting_interfaces/share/sorting_interfaces/cmake/export_sorting_interfaces__rosidl_generator_pyExport.cmake
[0.525s] -- Up-to-date: /home/rcli/ws_sorting_final/install/sorting_interfaces/share/sorting_interfaces/cmake/export_sorting_interfaces__rosidl_generator_pyExport-noconfig.cmake
[0.525s] -- Up-to-date: /home/rcli/ws_sorting_final/install/sorting_interfaces/share/sorting_interfaces/cmake/rosidl_cmake-extras.cmake
[0.525s] -- Up-to-date: /home/rcli/ws_sorting_final/install/sorting_interfaces/share/sorting_interfaces/cmake/ament_cmake_export_dependencies-extras.cmake
[0.525s] -- Up-to-date: /home/rcli/ws_sorting_final/install/sorting_interfaces/share/sorting_interfaces/cmake/ament_cmake_export_include_directories-extras.cmake
[0.525s] -- Up-to-date: /home/rcli/ws_sorting_final/install/sorting_interfaces/share/sorting_interfaces/cmake/ament_cmake_export_libraries-extras.cmake
[0.525s] -- Up-to-date: /home/rcli/ws_sorting_final/install/sorting_interfaces/share/sorting_interfaces/cmake/ament_cmake_export_targets-extras.cmake
[0.525s] -- Up-to-date: /home/rcli/ws_sorting_final/install/sorting_interfaces/share/sorting_interfaces/cmake/rosidl_cmake_export_typesupport_targets-extras.cmake
[0.525s] -- Up-to-date: /home/rcli/ws_sorting_final/install/sorting_interfaces/share/sorting_interfaces/cmake/rosidl_cmake_export_typesupport_libraries-extras.cmake
[0.525s] -- Up-to-date: /home/rcli/ws_sorting_final/install/sorting_interfaces/share/sorting_interfaces/cmake/sorting_interfacesConfig.cmake
[0.525s] -- Up-to-date: /home/rcli/ws_sorting_final/install/sorting_interfaces/share/sorting_interfaces/cmake/sorting_interfacesConfig-version.cmake
[0.526s] -- Up-to-date: /home/rcli/ws_sorting_final/install/sorting_interfaces/share/sorting_interfaces/package.xml
[0.526s] Invoked command in '/home/rcli/ws_sorting_final/build/sorting_interfaces' returned '0': CMAKE_PREFIX_PATH=${CMAKE_PREFIX_PATH}:/home/rcli/ws_sorting_final/install/sorting_scene:/home/rcli/ws_sorting_final/install/sorting_perception:/home/rcli/ws_sorting_final/install/sorting_orchestrator:/home/rcli/ws_sorting_final/install/sorting_executor_py:/home/rcli/ws_sorting_final/install/sorting_gazebo:/home/rcli/ws_sorting_final/install/sorting_bringup:/opt/ros/jazzy DEBUGINFOD_URLS=https://debuginfod.ubuntu.com /usr/bin/cmake --install /home/rcli/ws_sorting_final/build/sorting_interfaces
