running egg_info
creating ../../build/sorting_perception/sorting_perception.egg-info
writing ../../build/sorting_perception/sorting_perception.egg-info/PKG-INFO
writing dependency_links to ../../build/sorting_perception/sorting_perception.egg-info/dependency_links.txt
writing entry points to ../../build/sorting_perception/sorting_perception.egg-info/entry_points.txt
writing requirements to ../../build/sorting_perception/sorting_perception.egg-info/requires.txt
writing top-level names to ../../build/sorting_perception/sorting_perception.egg-info/top_level.txt
writing manifest file '../../build/sorting_perception/sorting_perception.egg-info/SOURCES.txt'
reading manifest file '../../build/sorting_perception/sorting_perception.egg-info/SOURCES.txt'
adding license file 'LICENSE'
writing manifest file '../../build/sorting_perception/sorting_perception.egg-info/SOURCES.txt'
running build
running build_py
creating /home/rcli/ws_sorting_final/build/sorting_perception/build
creating /home/rcli/ws_sorting_final/build/sorting_perception/build/lib
creating /home/rcli/ws_sorting_final/build/sorting_perception/build/lib/sorting_perception
copying sorting_perception/__init__.py -> /home/rcli/ws_sorting_final/build/sorting_perception/build/lib/sorting_perception
copying sorting_perception/real_perception.py -> /home/rcli/ws_sorting_final/build/sorting_perception/build/lib/sorting_perception
running install
running install_lib
creating /home/rcli/ws_sorting_final/install/sorting_perception/lib/python3.12/site-packages/sorting_perception
copying /home/rcli/ws_sorting_final/build/sorting_perception/build/lib/sorting_perception/__init__.py -> /home/rcli/ws_sorting_final/install/sorting_perception/lib/python3.12/site-packages/sorting_perception
copying /home/rcli/ws_sorting_final/build/sorting_perception/build/lib/sorting_perception/real_perception.py -> /home/rcli/ws_sorting_final/install/sorting_perception/lib/python3.12/site-packages/sorting_perception
byte-compiling /home/rcli/ws_sorting_final/install/sorting_perception/lib/python3.12/site-packages/sorting_perception/__init__.py to __init__.cpython-312.pyc
byte-compiling /home/rcli/ws_sorting_final/install/sorting_perception/lib/python3.12/site-packages/sorting_perception/real_perception.py to real_perception.cpython-312.pyc
running install_data
creating /home/rcli/ws_sorting_final/install/sorting_perception/share/ament_index
creating /home/rcli/ws_sorting_final/install/sorting_perception/share/ament_index/resource_index
creating /home/rcli/ws_sorting_final/install/sorting_perception/share/ament_index/resource_index/packages
copying resource/sorting_perception -> /home/rcli/ws_sorting_final/install/sorting_perception/share/ament_index/resource_index/packages
copying package.xml -> /home/rcli/ws_sorting_final/install/sorting_perception/share/sorting_perception
running install_egg_info
Copying ../../build/sorting_perception/sorting_perception.egg-info to /home/rcli/ws_sorting_final/install/sorting_perception/lib/python3.12/site-packages/sorting_perception-0.0.0-py3.12.egg-info
running install_scripts
Installing real_perception script to /home/rcli/ws_sorting_final/install/sorting_perception/lib/sorting_perception
writing list of installed files to '/home/rcli/ws_sorting_final/build/sorting_perception/install.log'
