[0.981s] Invoking command in '/home/rcli/ws_sorting_final/src/sorting_perception': AMENT_PREFIX_PATH=/home/rcli/ws_sorting_final/install/sorting_interfaces:${AMENT_PREFIX_PATH} CMAKE_PREFIX_PATH=/home/rcli/ws_sorting_final/install/sorting_interfaces:${CMAKE_PREFIX_PATH} DEBUGINFOD_URLS=https://debuginfod.ubuntu.com LD_LIBRARY_PATH=/home/rcli/ws_sorting_final/install/sorting_interfaces/lib:${LD_LIBRARY_PATH} PYTHONPATH=/home/rcli/ws_sorting_final/build/sorting_perception/prefix_override:/usr/lib/python3/dist-packages/colcon_core/task/python/colcon_distutils_commands:/home/rcli/ws_sorting_final/install/sorting_perception/lib/python3.12/site-packages:/home/rcli/ws_sorting_final/install/sorting_interfaces/lib/python3.12/site-packages:${PYTHONPATH} /usr/bin/python3 -W ignore:setup.py install is deprecated -W ignore:easy_install command is deprecated setup.py egg_info --egg-base ../../build/sorting_perception build --build-base /home/rcli/ws_sorting_final/build/sorting_perception/build install --record /home/rcli/ws_sorting_final/build/sorting_perception/install.log --single-version-externally-managed install_data
[1.177s] running egg_info
[1.177s] creating ../../build/sorting_perception/sorting_perception.egg-info
[1.189s] writing ../../build/sorting_perception/sorting_perception.egg-info/PKG-INFO
[1.190s] writing dependency_links to ../../build/sorting_perception/sorting_perception.egg-info/dependency_links.txt
[1.190s] writing entry points to ../../build/sorting_perception/sorting_perception.egg-info/entry_points.txt
[1.190s] writing requirements to ../../build/sorting_perception/sorting_perception.egg-info/requires.txt
[1.190s] writing top-level names to ../../build/sorting_perception/sorting_perception.egg-info/top_level.txt
[1.190s] writing manifest file '../../build/sorting_perception/sorting_perception.egg-info/SOURCES.txt'
[1.216s] reading manifest file '../../build/sorting_perception/sorting_perception.egg-info/SOURCES.txt'
[1.216s] adding license file 'LICENSE'
[1.216s] writing manifest file '../../build/sorting_perception/sorting_perception.egg-info/SOURCES.txt'
[1.217s] running build
[1.217s] running build_py
[1.217s] creating /home/rcli/ws_sorting_final/build/sorting_perception/build
[1.217s] creating /home/rcli/ws_sorting_final/build/sorting_perception/build/lib
[1.217s] creating /home/rcli/ws_sorting_final/build/sorting_perception/build/lib/sorting_perception
[1.217s] copying sorting_perception/__init__.py -> /home/rcli/ws_sorting_final/build/sorting_perception/build/lib/sorting_perception
[1.217s] copying sorting_perception/real_perception.py -> /home/rcli/ws_sorting_final/build/sorting_perception/build/lib/sorting_perception
[1.217s] running install
[1.221s] running install_lib
[1.235s] creating /home/rcli/ws_sorting_final/install/sorting_perception/lib/python3.12/site-packages/sorting_perception
[1.235s] copying /home/rcli/ws_sorting_final/build/sorting_perception/build/lib/sorting_perception/__init__.py -> /home/rcli/ws_sorting_final/install/sorting_perception/lib/python3.12/site-packages/sorting_perception
[1.235s] copying /home/rcli/ws_sorting_final/build/sorting_perception/build/lib/sorting_perception/real_perception.py -> /home/rcli/ws_sorting_final/install/sorting_perception/lib/python3.12/site-packages/sorting_perception
[1.235s] byte-compiling /home/rcli/ws_sorting_final/install/sorting_perception/lib/python3.12/site-packages/sorting_perception/__init__.py to __init__.cpython-312.pyc
[1.235s] byte-compiling /home/rcli/ws_sorting_final/install/sorting_perception/lib/python3.12/site-packages/sorting_perception/real_perception.py to real_perception.cpython-312.pyc
[1.236s] running install_data
[1.236s] creating /home/rcli/ws_sorting_final/install/sorting_perception/share/ament_index
[1.236s] creating /home/rcli/ws_sorting_final/install/sorting_perception/share/ament_index/resource_index
[1.236s] creating /home/rcli/ws_sorting_final/install/sorting_perception/share/ament_index/resource_index/packages
[1.236s] copying resource/sorting_perception -> /home/rcli/ws_sorting_final/install/sorting_perception/share/ament_index/resource_index/packages
[1.236s] copying package.xml -> /home/rcli/ws_sorting_final/install/sorting_perception/share/sorting_perception
[1.236s] running install_egg_info
[1.250s] Copying ../../build/sorting_perception/sorting_perception.egg-info to /home/rcli/ws_sorting_final/install/sorting_perception/lib/python3.12/site-packages/sorting_perception-0.0.0-py3.12.egg-info
[1.251s] running install_scripts
[1.336s] Installing real_perception script to /home/rcli/ws_sorting_final/install/sorting_perception/lib/sorting_perception
[1.336s] writing list of installed files to '/home/rcli/ws_sorting_final/build/sorting_perception/install.log'
[1.369s] Invoked command in '/home/rcli/ws_sorting_final/src/sorting_perception' returned '0': AMENT_PREFIX_PATH=/home/rcli/ws_sorting_final/install/sorting_interfaces:${AMENT_PREFIX_PATH} CMAKE_PREFIX_PATH=/home/rcli/ws_sorting_final/install/sorting_interfaces:${CMAKE_PREFIX_PATH} DEBUGINFOD_URLS=https://debuginfod.ubuntu.com LD_LIBRARY_PATH=/home/rcli/ws_sorting_final/install/sorting_interfaces/lib:${LD_LIBRARY_PATH} PYTHONPATH=/home/rcli/ws_sorting_final/build/sorting_perception/prefix_override:/usr/lib/python3/dist-packages/colcon_core/task/python/colcon_distutils_commands:/home/rcli/ws_sorting_final/install/sorting_perception/lib/python3.12/site-packages:/home/rcli/ws_sorting_final/install/sorting_interfaces/lib/python3.12/site-packages:${PYTHONPATH} /usr/bin/python3 -W ignore:setup.py install is deprecated -W ignore:easy_install command is deprecated setup.py egg_info --egg-base ../../build/sorting_perception build --build-base /home/rcli/ws_sorting_final/build/sorting_perception/build install --record /home/rcli/ws_sorting_final/build/sorting_perception/install.log --single-version-externally-managed install_data
