running egg_info
creating ../../build/sorting_executor_py/sorting_executor_py.egg-info
writing ../../build/sorting_executor_py/sorting_executor_py.egg-info/PKG-INFO
writing dependency_links to ../../build/sorting_executor_py/sorting_executor_py.egg-info/dependency_links.txt
writing requirements to ../../build/sorting_executor_py/sorting_executor_py.egg-info/requires.txt
writing top-level names to ../../build/sorting_executor_py/sorting_executor_py.egg-info/top_level.txt
writing manifest file '../../build/sorting_executor_py/sorting_executor_py.egg-info/SOURCES.txt'
reading manifest file '../../build/sorting_executor_py/sorting_executor_py.egg-info/SOURCES.txt'
adding license file 'LICENSE'
writing manifest file '../../build/sorting_executor_py/sorting_executor_py.egg-info/SOURCES.txt'
running build
running build_py
creating /home/rcli/ws_sorting_final/build/sorting_executor_py/build
creating /home/rcli/ws_sorting_final/build/sorting_executor_py/build/lib
creating /home/rcli/ws_sorting_final/build/sorting_executor_py/build/lib/sorting_executor_py
copying sorting_executor_py/__init__.py -> /home/rcli/ws_sorting_final/build/sorting_executor_py/build/lib/sorting_executor_py
running install
running install_lib
creating /home/rcli/ws_sorting_final/install/sorting_executor_py/lib/python3.12/site-packages/sorting_executor_py
copying /home/rcli/ws_sorting_final/build/sorting_executor_py/build/lib/sorting_executor_py/__init__.py -> /home/rcli/ws_sorting_final/install/sorting_executor_py/lib/python3.12/site-packages/sorting_executor_py
byte-compiling /home/rcli/ws_sorting_final/install/sorting_executor_py/lib/python3.12/site-packages/sorting_executor_py/__init__.py to __init__.cpython-312.pyc
running install_data
creating /home/rcli/ws_sorting_final/install/sorting_executor_py/share/ament_index
creating /home/rcli/ws_sorting_final/install/sorting_executor_py/share/ament_index/resource_index
creating /home/rcli/ws_sorting_final/install/sorting_executor_py/share/ament_index/resource_index/packages
copying resource/sorting_executor_py -> /home/rcli/ws_sorting_final/install/sorting_executor_py/share/ament_index/resource_index/packages
copying package.xml -> /home/rcli/ws_sorting_final/install/sorting_executor_py/share/sorting_executor_py
running install_egg_info
Copying ../../build/sorting_executor_py/sorting_executor_py.egg-info to /home/rcli/ws_sorting_final/install/sorting_executor_py/lib/python3.12/site-packages/sorting_executor_py-0.0.0-py3.12.egg-info
running install_scripts
writing list of installed files to '/home/rcli/ws_sorting_final/build/sorting_executor_py/install.log'
