[0.986s] Invoking command in '/home/rcli/ws_sorting_final/src/sorting_executor_py': AMENT_PREFIX_PATH=/home/rcli/ws_sorting_final/install/sorting_interfaces:${AMENT_PREFIX_PATH} CMAKE_PREFIX_PATH=/home/rcli/ws_sorting_final/install/sorting_interfaces:${CMAKE_PREFIX_PATH} DEBUGINFOD_URLS=https://debuginfod.ubuntu.com LD_LIBRARY_PATH=/home/rcli/ws_sorting_final/install/sorting_interfaces/lib:${LD_LIBRARY_PATH} PYTHONPATH=/home/rcli/ws_sorting_final/build/sorting_executor_py/prefix_override:/usr/lib/python3/dist-packages/colcon_core/task/python/colcon_distutils_commands:/home/rcli/ws_sorting_final/install/sorting_executor_py/lib/python3.12/site-packages:/home/rcli/ws_sorting_final/install/sorting_interfaces/lib/python3.12/site-packages:${PYTHONPATH} /usr/bin/python3 -W ignore:setup.py install is deprecated -W ignore:easy_install command is deprecated setup.py egg_info --egg-base ../../build/sorting_executor_py build --build-base /home/rcli/ws_sorting_final/build/sorting_executor_py/build install --record /home/rcli/ws_sorting_final/build/sorting_executor_py/install.log --single-version-externally-managed install_data
[1.184s] running egg_info
[1.184s] creating ../../build/sorting_executor_py/sorting_executor_py.egg-info
[1.196s] writing ../../build/sorting_executor_py/sorting_executor_py.egg-info/PKG-INFO
[1.196s] writing dependency_links to ../../build/sorting_executor_py/sorting_executor_py.egg-info/dependency_links.txt
[1.196s] writing requirements to ../../build/sorting_executor_py/sorting_executor_py.egg-info/requires.txt
[1.196s] writing top-level names to ../../build/sorting_executor_py/sorting_executor_py.egg-info/top_level.txt
[1.196s] writing manifest file '../../build/sorting_executor_py/sorting_executor_py.egg-info/SOURCES.txt'
[1.223s] reading manifest file '../../build/sorting_executor_py/sorting_executor_py.egg-info/SOURCES.txt'
[1.223s] adding license file 'LICENSE'
[1.223s] writing manifest file '../../build/sorting_executor_py/sorting_executor_py.egg-info/SOURCES.txt'
[1.223s] running build
[1.223s] running build_py
[1.223s] creating /home/rcli/ws_sorting_final/build/sorting_executor_py/build
[1.223s] creating /home/rcli/ws_sorting_final/build/sorting_executor_py/build/lib
[1.223s] creating /home/rcli/ws_sorting_final/build/sorting_executor_py/build/lib/sorting_executor_py
[1.223s] copying sorting_executor_py/__init__.py -> /home/rcli/ws_sorting_final/build/sorting_executor_py/build/lib/sorting_executor_py
[1.223s] running install
[1.228s] running install_lib
[1.241s] creating /home/rcli/ws_sorting_final/install/sorting_executor_py/lib/python3.12/site-packages/sorting_executor_py
[1.242s] copying /home/rcli/ws_sorting_final/build/sorting_executor_py/build/lib/sorting_executor_py/__init__.py -> /home/rcli/ws_sorting_final/install/sorting_executor_py/lib/python3.12/site-packages/sorting_executor_py
[1.242s] byte-compiling /home/rcli/ws_sorting_final/install/sorting_executor_py/lib/python3.12/site-packages/sorting_executor_py/__init__.py to __init__.cpython-312.pyc
[1.242s] running install_data
[1.242s] creating /home/rcli/ws_sorting_final/install/sorting_executor_py/share/ament_index
[1.242s] creating /home/rcli/ws_sorting_final/install/sorting_executor_py/share/ament_index/resource_index
[1.242s] creating /home/rcli/ws_sorting_final/install/sorting_executor_py/share/ament_index/resource_index/packages
[1.242s] copying resource/sorting_executor_py -> /home/rcli/ws_sorting_final/install/sorting_executor_py/share/ament_index/resource_index/packages
[1.242s] copying package.xml -> /home/rcli/ws_sorting_final/install/sorting_executor_py/share/sorting_executor_py
[1.242s] running install_egg_info
[1.256s] Copying ../../build/sorting_executor_py/sorting_executor_py.egg-info to /home/rcli/ws_sorting_final/install/sorting_executor_py/lib/python3.12/site-packages/sorting_executor_py-0.0.0-py3.12.egg-info
[1.257s] running install_scripts
[1.343s] writing list of installed files to '/home/rcli/ws_sorting_final/build/sorting_executor_py/install.log'
[1.368s] Invoked command in '/home/rcli/ws_sorting_final/src/sorting_executor_py' returned '0': AMENT_PREFIX_PATH=/home/rcli/ws_sorting_final/install/sorting_interfaces:${AMENT_PREFIX_PATH} CMAKE_PREFIX_PATH=/home/rcli/ws_sorting_final/install/sorting_interfaces:${CMAKE_PREFIX_PATH} DEBUGINFOD_URLS=https://debuginfod.ubuntu.com LD_LIBRARY_PATH=/home/rcli/ws_sorting_final/install/sorting_interfaces/lib:${LD_LIBRARY_PATH} PYTHONPATH=/home/rcli/ws_sorting_final/build/sorting_executor_py/prefix_override:/usr/lib/python3/dist-packages/colcon_core/task/python/colcon_distutils_commands:/home/rcli/ws_sorting_final/install/sorting_executor_py/lib/python3.12/site-packages:/home/rcli/ws_sorting_final/install/sorting_interfaces/lib/python3.12/site-packages:${PYTHONPATH} /usr/bin/python3 -W ignore:setup.py install is deprecated -W ignore:easy_install command is deprecated setup.py egg_info --egg-base ../../build/sorting_executor_py build --build-base /home/rcli/ws_sorting_final/build/sorting_executor_py/build install --record /home/rcli/ws_sorting_final/build/sorting_executor_py/install.log --single-version-externally-managed install_data
