[0.623s] Invoking command in '/home/rcli/ws_sorting_final/src/sorting_gazebo': DEBUGINFOD_URLS=https://debuginfod.ubuntu.com PYTHONPATH=/home/rcli/ws_sorting_final/build/sorting_gazebo/prefix_override:/usr/lib/python3/dist-packages/colcon_core/task/python/colcon_distutils_commands:/home/rcli/ws_sorting_final/install/sorting_gazebo/lib/python3.12/site-packages:${PYTHONPATH} /usr/bin/python3 -W ignore:setup.py install is deprecated -W ignore:easy_install command is deprecated setup.py egg_info --egg-base ../../build/sorting_gazebo build --build-base /home/rcli/ws_sorting_final/build/sorting_gazebo/build install --record /home/rcli/ws_sorting_final/build/sorting_gazebo/install.log --single-version-externally-managed install_data
[0.809s] running egg_info
[0.823s] writing ../../build/sorting_gazebo/sorting_gazebo.egg-info/PKG-INFO
[0.823s] writing dependency_links to ../../build/sorting_gazebo/sorting_gazebo.egg-info/dependency_links.txt
[0.824s] writing requirements to ../../build/sorting_gazebo/sorting_gazebo.egg-info/requires.txt
[0.824s] writing top-level names to ../../build/sorting_gazebo/sorting_gazebo.egg-info/top_level.txt
[0.851s] reading manifest file '../../build/sorting_gazebo/sorting_gazebo.egg-info/SOURCES.txt'
[0.851s] adding license file 'LICENSE'
[0.852s] writing manifest file '../../build/sorting_gazebo/sorting_gazebo.egg-info/SOURCES.txt'
[0.852s] running build
[0.852s] running build_py
[0.852s] running install
[0.856s] running install_lib
[0.870s] running install_data
[0.870s] running install_egg_info
[0.884s] removing '/home/rcli/ws_sorting_final/install/sorting_gazebo/lib/python3.12/site-packages/sorting_gazebo-0.0.0-py3.12.egg-info' (and everything under it)
[0.884s] Copying ../../build/sorting_gazebo/sorting_gazebo.egg-info to /home/rcli/ws_sorting_final/install/sorting_gazebo/lib/python3.12/site-packages/sorting_gazebo-0.0.0-py3.12.egg-info
[0.884s] running install_scripts
[0.973s] writing list of installed files to '/home/rcli/ws_sorting_final/build/sorting_gazebo/install.log'
[1.237s] Invoked command in '/home/rcli/ws_sorting_final/src/sorting_gazebo' returned '0': DEBUGINFOD_URLS=https://debuginfod.ubuntu.com PYTHONPATH=/home/rcli/ws_sorting_final/build/sorting_gazebo/prefix_override:/usr/lib/python3/dist-packages/colcon_core/task/python/colcon_distutils_commands:/home/rcli/ws_sorting_final/install/sorting_gazebo/lib/python3.12/site-packages:${PYTHONPATH} /usr/bin/python3 -W ignore:setup.py install is deprecated -W ignore:easy_install command is deprecated setup.py egg_info --egg-base ../../build/sorting_gazebo build --build-base /home/rcli/ws_sorting_final/build/sorting_gazebo/build install --record /home/rcli/ws_sorting_final/build/sorting_gazebo/install.log --single-version-externally-managed install_data
