[0.117s] DEBUG:colcon:Command line arguments: ['/usr/bin/colcon', 'build']
[0.117s] DEBUG:colcon:Parsed command line arguments: Namespace(log_base=None, log_level=None, verb_name='build', build_base='build', install_base='install', merge_install=False, symlink_install=False, test_result_base=None, continue_on_error=False, executor='parallel', parallel_workers=24, event_handlers=None, ignore_user_meta=False, metas=['./colcon.meta'], base_paths=['.'], packages_ignore=None, packages_ignore_regex=None, paths=None, packages_up_to=None, packages_up_to_regex=None, packages_above=None, packages_above_and_dependencies=None, packages_above_depth=None, packages_select_by_dep=None, packages_skip_by_dep=None, packages_skip_up_to=None, packages_select_build_failed=False, packages_skip_build_finished=False, packages_select_test_failures=False, packages_skip_test_passed=False, packages_select=None, packages_skip=None, packages_select_regex=None, packages_skip_regex=None, packages_start=None, packages_end=None, allow_overriding=[], cmake_args=None, cmake_target=None, cmake_target_skip_unavailable=False, cmake_clean_cache=False, cmake_clean_first=False, cmake_force_configure=False, ament_cmake_args=None, catkin_cmake_args=None, catkin_skip_building_tests=False, verb_parser=<colcon_defaults.argument_parser.defaults.DefaultArgumentsDecorator object at 0x7105e357a630>, verb_extension=<colcon_core.verb.build.BuildVerb object at 0x7105e3521e20>, main=<bound method BuildVerb.main of <colcon_core.verb.build.BuildVerb object at 0x7105e3521e20>>)
[0.143s] Level 1:colcon.colcon_core.package_discovery:discover_packages(colcon_meta) check parameters
[0.143s] Level 1:colcon.colcon_core.package_discovery:discover_packages(recursive) check parameters
[0.143s] Level 1:colcon.colcon_core.package_discovery:discover_packages(ignore) check parameters
[0.143s] Level 1:colcon.colcon_core.package_discovery:discover_packages(path) check parameters
[0.143s] Level 1:colcon.colcon_core.package_discovery:discover_packages(colcon_meta) discover
[0.143s] Level 1:colcon.colcon_core.package_discovery:discover_packages(recursive) discover
[0.143s] INFO:colcon.colcon_core.package_discovery:Crawling recursively for packages in '/home/rcli/ws_sorting_final'
[0.143s] Level 1:colcon.colcon_core.package_identification:_identify(.) by extensions ['ignore', 'ignore_ament_install']
[0.143s] Level 1:colcon.colcon_core.package_identification:_identify(.) by extension 'ignore'
[0.143s] Level 1:colcon.colcon_core.package_identification:_identify(.) by extension 'ignore_ament_install'
[0.143s] Level 1:colcon.colcon_core.package_identification:_identify(.) by extensions ['colcon_pkg']
[0.143s] Level 1:colcon.colcon_core.package_identification:_identify(.) by extension 'colcon_pkg'
[0.143s] Level 1:colcon.colcon_core.package_identification:_identify(.) by extensions ['colcon_meta']
[0.143s] Level 1:colcon.colcon_core.package_identification:_identify(.) by extension 'colcon_meta'
[0.143s] Level 1:colcon.colcon_core.package_identification:_identify(.) by extensions ['ros']
[0.143s] Level 1:colcon.colcon_core.package_identification:_identify(.) by extension 'ros'
[0.162s] Level 1:colcon.colcon_core.package_identification:_identify(.) by extensions ['cmake', 'python']
[0.162s] Level 1:colcon.colcon_core.package_identification:_identify(.) by extension 'cmake'
[0.162s] Level 1:colcon.colcon_core.package_identification:_identify(.) by extension 'python'
[0.162s] Level 1:colcon.colcon_core.package_identification:_identify(.) by extensions ['python_setup_py']
[0.162s] Level 1:colcon.colcon_core.package_identification:_identify(.) by extension 'python_setup_py'
[0.162s] Level 1:colcon.colcon_core.package_identification:_identify(build) by extensions ['ignore', 'ignore_ament_install']
[0.162s] Level 1:colcon.colcon_core.package_identification:_identify(build) by extension 'ignore'
[0.162s] Level 1:colcon.colcon_core.package_identification:_identify(build) ignored
[0.162s] Level 1:colcon.colcon_core.package_identification:_identify(install) by extensions ['ignore', 'ignore_ament_install']
[0.162s] Level 1:colcon.colcon_core.package_identification:_identify(install) by extension 'ignore'
[0.162s] Level 1:colcon.colcon_core.package_identification:_identify(install) ignored
[0.162s] Level 1:colcon.colcon_core.package_identification:_identify(log) by extensions ['ignore', 'ignore_ament_install']
[0.162s] Level 1:colcon.colcon_core.package_identification:_identify(log) by extension 'ignore'
[0.162s] Level 1:colcon.colcon_core.package_identification:_identify(log) ignored
[0.162s] Level 1:colcon.colcon_core.package_identification:_identify(src) by extensions ['ignore', 'ignore_ament_install']
[0.162s] Level 1:colcon.colcon_core.package_identification:_identify(src) by extension 'ignore'
[0.162s] Level 1:colcon.colcon_core.package_identification:_identify(src) by extension 'ignore_ament_install'
[0.162s] Level 1:colcon.colcon_core.package_identification:_identify(src) by extensions ['colcon_pkg']
[0.162s] Level 1:colcon.colcon_core.package_identification:_identify(src) by extension 'colcon_pkg'
[0.162s] Level 1:colcon.colcon_core.package_identification:_identify(src) by extensions ['colcon_meta']
[0.162s] Level 1:colcon.colcon_core.package_identification:_identify(src) by extension 'colcon_meta'
[0.162s] Level 1:colcon.colcon_core.package_identification:_identify(src) by extensions ['ros']
[0.162s] Level 1:colcon.colcon_core.package_identification:_identify(src) by extension 'ros'
[0.163s] Level 1:colcon.colcon_core.package_identification:_identify(src) by extensions ['cmake', 'python']
[0.163s] Level 1:colcon.colcon_core.package_identification:_identify(src) by extension 'cmake'
[0.163s] Level 1:colcon.colcon_core.package_identification:_identify(src) by extension 'python'
[0.163s] Level 1:colcon.colcon_core.package_identification:_identify(src) by extensions ['python_setup_py']
[0.163s] Level 1:colcon.colcon_core.package_identification:_identify(src) by extension 'python_setup_py'
[0.163s] Level 1:colcon.colcon_core.package_identification:_identify(src/sorting_bringup) by extensions ['ignore', 'ignore_ament_install']
[0.163s] Level 1:colcon.colcon_core.package_identification:_identify(src/sorting_bringup) by extension 'ignore'
[0.163s] Level 1:colcon.colcon_core.package_identification:_identify(src/sorting_bringup) by extension 'ignore_ament_install'
[0.163s] Level 1:colcon.colcon_core.package_identification:_identify(src/sorting_bringup) by extensions ['colcon_pkg']
[0.163s] Level 1:colcon.colcon_core.package_identification:_identify(src/sorting_bringup) by extension 'colcon_pkg'
[0.163s] Level 1:colcon.colcon_core.package_identification:_identify(src/sorting_bringup) by extensions ['colcon_meta']
[0.163s] Level 1:colcon.colcon_core.package_identification:_identify(src/sorting_bringup) by extension 'colcon_meta'
[0.163s] Level 1:colcon.colcon_core.package_identification:_identify(src/sorting_bringup) by extensions ['ros']
[0.163s] Level 1:colcon.colcon_core.package_identification:_identify(src/sorting_bringup) by extension 'ros'
[0.165s] DEBUG:colcon.colcon_core.package_identification:Package 'src/sorting_bringup' with type 'ros.ament_python' and name 'sorting_bringup'
[0.165s] Level 1:colcon.colcon_core.package_identification:_identify(src/sorting_executor_py) by extensions ['ignore', 'ignore_ament_install']
[0.165s] Level 1:colcon.colcon_core.package_identification:_identify(src/sorting_executor_py) by extension 'ignore'
[0.165s] Level 1:colcon.colcon_core.package_identification:_identify(src/sorting_executor_py) by extension 'ignore_ament_install'
[0.165s] Level 1:colcon.colcon_core.package_identification:_identify(src/sorting_executor_py) by extensions ['colcon_pkg']
[0.165s] Level 1:colcon.colcon_core.package_identification:_identify(src/sorting_executor_py) by extension 'colcon_pkg'
[0.165s] Level 1:colcon.colcon_core.package_identification:_identify(src/sorting_executor_py) by extensions ['colcon_meta']
[0.165s] Level 1:colcon.colcon_core.package_identification:_identify(src/sorting_executor_py) by extension 'colcon_meta'
[0.165s] Level 1:colcon.colcon_core.package_identification:_identify(src/sorting_executor_py) by extensions ['ros']
[0.165s] Level 1:colcon.colcon_core.package_identification:_identify(src/sorting_executor_py) by extension 'ros'
[0.165s] DEBUG:colcon.colcon_core.package_identification:Package 'src/sorting_executor_py' with type 'ros.ament_python' and name 'sorting_executor_py'
[0.165s] Level 1:colcon.colcon_core.package_identification:_identify(src/sorting_gazebo) by extensions ['ignore', 'ignore_ament_install']
[0.166s] Level 1:colcon.colcon_core.package_identification:_identify(src/sorting_gazebo) by extension 'ignore'
[0.166s] Level 1:colcon.colcon_core.package_identification:_identify(src/sorting_gazebo) by extension 'ignore_ament_install'
[0.166s] Level 1:colcon.colcon_core.package_identification:_identify(src/sorting_gazebo) by extensions ['colcon_pkg']
[0.166s] Level 1:colcon.colcon_core.package_identification:_identify(src/sorting_gazebo) by extension 'colcon_pkg'
[0.166s] Level 1:colcon.colcon_core.package_identification:_identify(src/sorting_gazebo) by extensions ['colcon_meta']
[0.166s] Level 1:colcon.colcon_core.package_identification:_identify(src/sorting_gazebo) by extension 'colcon_meta'
[0.166s] Level 1:colcon.colcon_core.package_identification:_identify(src/sorting_gazebo) by extensions ['ros']
[0.166s] Level 1:colcon.colcon_core.package_identification:_identify(src/sorting_gazebo) by extension 'ros'
[0.166s] DEBUG:colcon.colcon_core.package_identification:Package 'src/sorting_gazebo' with type 'ros.ament_python' and name 'sorting_gazebo'
[0.166s] Level 1:colcon.colcon_core.package_identification:_identify(src/sorting_interfaces) by extensions ['ignore', 'ignore_ament_install']
[0.166s] Level 1:colcon.colcon_core.package_identification:_identify(src/sorting_interfaces) by extension 'ignore'
[0.166s] Level 1:colcon.colcon_core.package_identification:_identify(src/sorting_interfaces) by extension 'ignore_ament_install'
[0.166s] Level 1:colcon.colcon_core.package_identification:_identify(src/sorting_interfaces) by extensions ['colcon_pkg']
[0.166s] Level 1:colcon.colcon_core.package_identification:_identify(src/sorting_interfaces) by extension 'colcon_pkg'
[0.166s] Level 1:colcon.colcon_core.package_identification:_identify(src/sorting_interfaces) by extensions ['colcon_meta']
[0.166s] Level 1:colcon.colcon_core.package_identification:_identify(src/sorting_interfaces) by extension 'colcon_meta'
[0.166s] Level 1:colcon.colcon_core.package_identification:_identify(src/sorting_interfaces) by extensions ['ros']
[0.166s] Level 1:colcon.colcon_core.package_identification:_identify(src/sorting_interfaces) by extension 'ros'
[0.167s] DEBUG:colcon.colcon_core.package_identification:Package 'src/sorting_interfaces' with type 'ros.ament_cmake' and name 'sorting_interfaces'
[0.167s] Level 1:colcon.colcon_core.package_identification:_identify(src/sorting_orchestrator) by extensions ['ignore', 'ignore_ament_install']
[0.167s] Level 1:colcon.colcon_core.package_identification:_identify(src/sorting_orchestrator) by extension 'ignore'
[0.167s] Level 1:colcon.colcon_core.package_identification:_identify(src/sorting_orchestrator) by extension 'ignore_ament_install'
[0.167s] Level 1:colcon.colcon_core.package_identification:_identify(src/sorting_orchestrator) by extensions ['colcon_pkg']
[0.167s] Level 1:colcon.colcon_core.package_identification:_identify(src/sorting_orchestrator) by extension 'colcon_pkg'
[0.167s] Level 1:colcon.colcon_core.package_identification:_identify(src/sorting_orchestrator) by extensions ['colcon_meta']
[0.167s] Level 1:colcon.colcon_core.package_identification:_identify(src/sorting_orchestrator) by extension 'colcon_meta'
[0.167s] Level 1:colcon.colcon_core.package_identification:_identify(src/sorting_orchestrator) by extensions ['ros']
[0.167s] Level 1:colcon.colcon_core.package_identification:_identify(src/sorting_orchestrator) by extension 'ros'
[0.167s] DEBUG:colcon.colcon_core.package_identification:Package 'src/sorting_orchestrator' with type 'ros.ament_python' and name 'sorting_orchestrator'
[0.167s] Level 1:colcon.colcon_core.package_identification:_identify(src/sorting_perception) by extensions ['ignore', 'ignore_ament_install']
[0.167s] Level 1:colcon.colcon_core.package_identification:_identify(src/sorting_perception) by extension 'ignore'
[0.167s] Level 1:colcon.colcon_core.package_identification:_identify(src/sorting_perception) by extension 'ignore_ament_install'
[0.167s] Level 1:colcon.colcon_core.package_identification:_identify(src/sorting_perception) by extensions ['colcon_pkg']
[0.167s] Level 1:colcon.colcon_core.package_identification:_identify(src/sorting_perception) by extension 'colcon_pkg'
[0.167s] Level 1:colcon.colcon_core.package_identification:_identify(src/sorting_perception) by extensions ['colcon_meta']
[0.167s] Level 1:colcon.colcon_core.package_identification:_identify(src/sorting_perception) by extension 'colcon_meta'
[0.167s] Level 1:colcon.colcon_core.package_identification:_identify(src/sorting_perception) by extensions ['ros']
[0.167s] Level 1:colcon.colcon_core.package_identification:_identify(src/sorting_perception) by extension 'ros'
[0.168s] DEBUG:colcon.colcon_core.package_identification:Package 'src/sorting_perception' with type 'ros.ament_python' and name 'sorting_perception'
[0.168s] Level 1:colcon.colcon_core.package_identification:_identify(src/sorting_scene) by extensions ['ignore', 'ignore_ament_install']
[0.168s] Level 1:colcon.colcon_core.package_identification:_identify(src/sorting_scene) by extension 'ignore'
[0.168s] Level 1:colcon.colcon_core.package_identification:_identify(src/sorting_scene) by extension 'ignore_ament_install'
[0.168s] Level 1:colcon.colcon_core.package_identification:_identify(src/sorting_scene) by extensions ['colcon_pkg']
[0.168s] Level 1:colcon.colcon_core.package_identification:_identify(src/sorting_scene) by extension 'colcon_pkg'
[0.168s] Level 1:colcon.colcon_core.package_identification:_identify(src/sorting_scene) by extensions ['colcon_meta']
[0.168s] Level 1:colcon.colcon_core.package_identification:_identify(src/sorting_scene) by extension 'colcon_meta'
[0.168s] Level 1:colcon.colcon_core.package_identification:_identify(src/sorting_scene) by extensions ['ros']
[0.168s] Level 1:colcon.colcon_core.package_identification:_identify(src/sorting_scene) by extension 'ros'
[0.168s] DEBUG:colcon.colcon_core.package_identification:Package 'src/sorting_scene' with type 'ros.ament_python' and name 'sorting_scene'
[0.168s] Level 1:colcon.colcon_core.package_discovery:discover_packages(recursive) using defaults
[0.168s] Level 1:colcon.colcon_core.package_discovery:discover_packages(ignore) discover
[0.168s] Level 1:colcon.colcon_core.package_discovery:discover_packages(ignore) using defaults
[0.168s] Level 1:colcon.colcon_core.package_discovery:discover_packages(path) discover
[0.168s] Level 1:colcon.colcon_core.package_discovery:discover_packages(path) using defaults
[0.182s] Level 1:colcon.colcon_core.package_discovery:discover_packages(prefix_path) check parameters
[0.182s] Level 1:colcon.colcon_core.package_discovery:discover_packages(prefix_path) discover
[0.184s] DEBUG:colcon.colcon_installed_package_information.package_discovery:Found 7 installed packages in /home/rcli/ws_sorting_final/install
[0.185s] DEBUG:colcon.colcon_installed_package_information.package_discovery:Found 415 installed packages in /opt/ros/jazzy
[0.186s] Level 1:colcon.colcon_core.package_discovery:discover_packages(prefix_path) using defaults
[0.214s] Level 5:colcon.colcon_core.verb:set package 'sorting_bringup' build argument 'cmake_args' from command line to 'None'
[0.214s] Level 5:colcon.colcon_core.verb:set package 'sorting_bringup' build argument 'cmake_target' from command line to 'None'
[0.214s] Level 5:colcon.colcon_core.verb:set package 'sorting_bringup' build argument 'cmake_target_skip_unavailable' from command line to 'False'
[0.214s] Level 5:colcon.colcon_core.verb:set package 'sorting_bringup' build argument 'cmake_clean_cache' from command line to 'False'
[0.214s] Level 5:colcon.colcon_core.verb:set package 'sorting_bringup' build argument 'cmake_clean_first' from command line to 'False'
[0.214s] Level 5:colcon.colcon_core.verb:set package 'sorting_bringup' build argument 'cmake_force_configure' from command line to 'False'
[0.214s] Level 5:colcon.colcon_core.verb:set package 'sorting_bringup' build argument 'ament_cmake_args' from command line to 'None'
[0.214s] Level 5:colcon.colcon_core.verb:set package 'sorting_bringup' build argument 'catkin_cmake_args' from command line to 'None'
[0.214s] Level 5:colcon.colcon_core.verb:set package 'sorting_bringup' build argument 'catkin_skip_building_tests' from command line to 'False'
[0.214s] DEBUG:colcon.colcon_core.verb:Building package 'sorting_bringup' with the following arguments: {'ament_cmake_args': None, 'build_base': '/home/rcli/ws_sorting_final/build/sorting_bringup', 'catkin_cmake_args': None, 'catkin_skip_building_tests': False, 'cmake_args': None, 'cmake_clean_cache': False, 'cmake_clean_first': False, 'cmake_force_configure': False, 'cmake_target': None, 'cmake_target_skip_unavailable': False, 'install_base': '/home/rcli/ws_sorting_final/install/sorting_bringup', 'merge_install': False, 'path': '/home/rcli/ws_sorting_final/src/sorting_bringup', 'symlink_install': False, 'test_result_base': None}
[0.214s] Level 5:colcon.colcon_core.verb:set package 'sorting_gazebo' build argument 'cmake_args' from command line to 'None'
[0.214s] Level 5:colcon.colcon_core.verb:set package 'sorting_gazebo' build argument 'cmake_target' from command line to 'None'
[0.214s] Level 5:colcon.colcon_core.verb:set package 'sorting_gazebo' build argument 'cmake_target_skip_unavailable' from command line to 'False'
[0.214s] Level 5:colcon.colcon_core.verb:set package 'sorting_gazebo' build argument 'cmake_clean_cache' from command line to 'False'
[0.214s] Level 5:colcon.colcon_core.verb:set package 'sorting_gazebo' build argument 'cmake_clean_first' from command line to 'False'
[0.214s] Level 5:colcon.colcon_core.verb:set package 'sorting_gazebo' build argument 'cmake_force_configure' from command line to 'False'
[0.214s] Level 5:colcon.colcon_core.verb:set package 'sorting_gazebo' build argument 'ament_cmake_args' from command line to 'None'
[0.214s] Level 5:colcon.colcon_core.verb:set package 'sorting_gazebo' build argument 'catkin_cmake_args' from command line to 'None'
[0.214s] Level 5:colcon.colcon_core.verb:set package 'sorting_gazebo' build argument 'catkin_skip_building_tests' from command line to 'False'
[0.214s] DEBUG:colcon.colcon_core.verb:Building package 'sorting_gazebo' with the following arguments: {'ament_cmake_args': None, 'build_base': '/home/rcli/ws_sorting_final/build/sorting_gazebo', 'catkin_cmake_args': None, 'catkin_skip_building_tests': False, 'cmake_args': None, 'cmake_clean_cache': False, 'cmake_clean_first': False, 'cmake_force_configure': False, 'cmake_target': None, 'cmake_target_skip_unavailable': False, 'install_base': '/home/rcli/ws_sorting_final/install/sorting_gazebo', 'merge_install': False, 'path': '/home/rcli/ws_sorting_final/src/sorting_gazebo', 'symlink_install': False, 'test_result_base': None}
[0.214s] Level 5:colcon.colcon_core.verb:set package 'sorting_interfaces' build argument 'cmake_args' from command line to 'None'
[0.214s] Level 5:colcon.colcon_core.verb:set package 'sorting_interfaces' build argument 'cmake_target' from command line to 'None'
[0.214s] Level 5:colcon.colcon_core.verb:set package 'sorting_interfaces' build argument 'cmake_target_skip_unavailable' from command line to 'False'
[0.214s] Level 5:colcon.colcon_core.verb:set package 'sorting_interfaces' build argument 'cmake_clean_cache' from command line to 'False'
[0.214s] Level 5:colcon.colcon_core.verb:set package 'sorting_interfaces' build argument 'cmake_clean_first' from command line to 'False'
[0.214s] Level 5:colcon.colcon_core.verb:set package 'sorting_interfaces' build argument 'cmake_force_configure' from command line to 'False'
[0.214s] Level 5:colcon.colcon_core.verb:set package 'sorting_interfaces' build argument 'ament_cmake_args' from command line to 'None'
[0.214s] Level 5:colcon.colcon_core.verb:set package 'sorting_interfaces' build argument 'catkin_cmake_args' from command line to 'None'
[0.214s] Level 5:colcon.colcon_core.verb:set package 'sorting_interfaces' build argument 'catkin_skip_building_tests' from command line to 'False'
[0.214s] DEBUG:colcon.colcon_core.verb:Building package 'sorting_interfaces' with the following arguments: {'ament_cmake_args': None, 'build_base': '/home/rcli/ws_sorting_final/build/sorting_interfaces', 'catkin_cmake_args': None, 'catkin_skip_building_tests': False, 'cmake_args': None, 'cmake_clean_cache': False, 'cmake_clean_first': False, 'cmake_force_configure': False, 'cmake_target': None, 'cmake_target_skip_unavailable': False, 'install_base': '/home/rcli/ws_sorting_final/install/sorting_interfaces', 'merge_install': False, 'path': '/home/rcli/ws_sorting_final/src/sorting_interfaces', 'symlink_install': False, 'test_result_base': None}
[0.214s] Level 5:colcon.colcon_core.verb:set package 'sorting_executor_py' build argument 'cmake_args' from command line to 'None'
[0.214s] Level 5:colcon.colcon_core.verb:set package 'sorting_executor_py' build argument 'cmake_target' from command line to 'None'
[0.214s] Level 5:colcon.colcon_core.verb:set package 'sorting_executor_py' build argument 'cmake_target_skip_unavailable' from command line to 'False'
[0.214s] Level 5:colcon.colcon_core.verb:set package 'sorting_executor_py' build argument 'cmake_clean_cache' from command line to 'False'
[0.214s] Level 5:colcon.colcon_core.verb:set package 'sorting_executor_py' build argument 'cmake_clean_first' from command line to 'False'
[0.215s] Level 5:colcon.colcon_core.verb:set package 'sorting_executor_py' build argument 'cmake_force_configure' from command line to 'False'
[0.215s] Level 5:colcon.colcon_core.verb:set package 'sorting_executor_py' build argument 'ament_cmake_args' from command line to 'None'
[0.215s] Level 5:colcon.colcon_core.verb:set package 'sorting_executor_py' build argument 'catkin_cmake_args' from command line to 'None'
[0.215s] Level 5:colcon.colcon_core.verb:set package 'sorting_executor_py' build argument 'catkin_skip_building_tests' from command line to 'False'
[0.215s] DEBUG:colcon.colcon_core.verb:Building package 'sorting_executor_py' with the following arguments: {'ament_cmake_args': None, 'build_base': '/home/rcli/ws_sorting_final/build/sorting_executor_py', 'catkin_cmake_args': None, 'catkin_skip_building_tests': False, 'cmake_args': None, 'cmake_clean_cache': False, 'cmake_clean_first': False, 'cmake_force_configure': False, 'cmake_target': None, 'cmake_target_skip_unavailable': False, 'install_base': '/home/rcli/ws_sorting_final/install/sorting_executor_py', 'merge_install': False, 'path': '/home/rcli/ws_sorting_final/src/sorting_executor_py', 'symlink_install': False, 'test_result_base': None}
[0.215s] Level 5:colcon.colcon_core.verb:set package 'sorting_orchestrator' build argument 'cmake_args' from command line to 'None'
[0.215s] Level 5:colcon.colcon_core.verb:set package 'sorting_orchestrator' build argument 'cmake_target' from command line to 'None'
[0.215s] Level 5:colcon.colcon_core.verb:set package 'sorting_orchestrator' build argument 'cmake_target_skip_unavailable' from command line to 'False'
[0.215s] Level 5:colcon.colcon_core.verb:set package 'sorting_orchestrator' build argument 'cmake_clean_cache' from command line to 'False'
[0.215s] Level 5:colcon.colcon_core.verb:set package 'sorting_orchestrator' build argument 'cmake_clean_first' from command line to 'False'
[0.215s] Level 5:colcon.colcon_core.verb:set package 'sorting_orchestrator' build argument 'cmake_force_configure' from command line to 'False'
[0.215s] Level 5:colcon.colcon_core.verb:set package 'sorting_orchestrator' build argument 'ament_cmake_args' from command line to 'None'
[0.215s] Level 5:colcon.colcon_core.verb:set package 'sorting_orchestrator' build argument 'catkin_cmake_args' from command line to 'None'
[0.215s] Level 5:colcon.colcon_core.verb:set package 'sorting_orchestrator' build argument 'catkin_skip_building_tests' from command line to 'False'
[0.215s] DEBUG:colcon.colcon_core.verb:Building package 'sorting_orchestrator' with the following arguments: {'ament_cmake_args': None, 'build_base': '/home/rcli/ws_sorting_final/build/sorting_orchestrator', 'catkin_cmake_args': None, 'catkin_skip_building_tests': False, 'cmake_args': None, 'cmake_clean_cache': False, 'cmake_clean_first': False, 'cmake_force_configure': False, 'cmake_target': None, 'cmake_target_skip_unavailable': False, 'install_base': '/home/rcli/ws_sorting_final/install/sorting_orchestrator', 'merge_install': False, 'path': '/home/rcli/ws_sorting_final/src/sorting_orchestrator', 'symlink_install': False, 'test_result_base': None}
[0.215s] Level 5:colcon.colcon_core.verb:set package 'sorting_perception' build argument 'cmake_args' from command line to 'None'
[0.215s] Level 5:colcon.colcon_core.verb:set package 'sorting_perception' build argument 'cmake_target' from command line to 'None'
[0.215s] Level 5:colcon.colcon_core.verb:set package 'sorting_perception' build argument 'cmake_target_skip_unavailable' from command line to 'False'
[0.215s] Level 5:colcon.colcon_core.verb:set package 'sorting_perception' build argument 'cmake_clean_cache' from command line to 'False'
[0.215s] Level 5:colcon.colcon_core.verb:set package 'sorting_perception' build argument 'cmake_clean_first' from command line to 'False'
[0.215s] Level 5:colcon.colcon_core.verb:set package 'sorting_perception' build argument 'cmake_force_configure' from command line to 'False'
[0.215s] Level 5:colcon.colcon_core.verb:set package 'sorting_perception' build argument 'ament_cmake_args' from command line to 'None'
[0.215s] Level 5:colcon.colcon_core.verb:set package 'sorting_perception' build argument 'catkin_cmake_args' from command line to 'None'
[0.215s] Level 5:colcon.colcon_core.verb:set package 'sorting_perception' build argument 'catkin_skip_building_tests' from command line to 'False'
[0.215s] DEBUG:colcon.colcon_core.verb:Building package 'sorting_perception' with the following arguments: {'ament_cmake_args': None, 'build_base': '/home/rcli/ws_sorting_final/build/sorting_perception', 'catkin_cmake_args': None, 'catkin_skip_building_tests': False, 'cmake_args': None, 'cmake_clean_cache': False, 'cmake_clean_first': False, 'cmake_force_configure': False, 'cmake_target': None, 'cmake_target_skip_unavailable': False, 'install_base': '/home/rcli/ws_sorting_final/install/sorting_perception', 'merge_install': False, 'path': '/home/rcli/ws_sorting_final/src/sorting_perception', 'symlink_install': False, 'test_result_base': None}
[0.215s] Level 5:colcon.colcon_core.verb:set package 'sorting_scene' build argument 'cmake_args' from command line to 'None'
[0.215s] Level 5:colcon.colcon_core.verb:set package 'sorting_scene' build argument 'cmake_target' from command line to 'None'
[0.215s] Level 5:colcon.colcon_core.verb:set package 'sorting_scene' build argument 'cmake_target_skip_unavailable' from command line to 'False'
[0.215s] Level 5:colcon.colcon_core.verb:set package 'sorting_scene' build argument 'cmake_clean_cache' from command line to 'False'
[0.215s] Level 5:colcon.colcon_core.verb:set package 'sorting_scene' build argument 'cmake_clean_first' from command line to 'False'
[0.215s] Level 5:colcon.colcon_core.verb:set package 'sorting_scene' build argument 'cmake_force_configure' from command line to 'False'
[0.215s] Level 5:colcon.colcon_core.verb:set package 'sorting_scene' build argument 'ament_cmake_args' from command line to 'None'
[0.215s] Level 5:colcon.colcon_core.verb:set package 'sorting_scene' build argument 'catkin_cmake_args' from command line to 'None'
[0.215s] Level 5:colcon.colcon_core.verb:set package 'sorting_scene' build argument 'catkin_skip_building_tests' from command line to 'False'
[0.215s] DEBUG:colcon.colcon_core.verb:Building package 'sorting_scene' with the following arguments: {'ament_cmake_args': None, 'build_base': '/home/rcli/ws_sorting_final/build/sorting_scene', 'catkin_cmake_args': None, 'catkin_skip_building_tests': False, 'cmake_args': None, 'cmake_clean_cache': False, 'cmake_clean_first': False, 'cmake_force_configure': False, 'cmake_target': None, 'cmake_target_skip_unavailable': False, 'install_base': '/home/rcli/ws_sorting_final/install/sorting_scene', 'merge_install': False, 'path': '/home/rcli/ws_sorting_final/src/sorting_scene', 'symlink_install': False, 'test_result_base': None}
[0.215s] INFO:colcon.colcon_core.executor:Executing jobs using 'parallel' executor
[0.216s] DEBUG:colcon.colcon_parallel_executor.executor.parallel:run_until_complete
[0.216s] INFO:colcon.colcon_ros.task.ament_cmake.build:Building ROS package in '/home/rcli/ws_sorting_final/src/sorting_interfaces' with build type 'ament_cmake'
[0.216s] INFO:colcon.colcon_cmake.task.cmake.build:Building CMake package in '/home/rcli/ws_sorting_final/src/sorting_interfaces'
[0.220s] INFO:colcon.colcon_core.plugin_system:Skipping extension 'colcon_core.shell.bat': Not used on non-Windows systems
[0.220s] INFO:colcon.colcon_core.shell:Skip shell extension 'powershell' for command environment: Not usable outside of PowerShell
[0.220s] DEBUG:colcon.colcon_core.shell:Skip shell extension 'dsv' for command environment
[0.222s] INFO:colcon.colcon_ros.task.ament_python.build:Building ROS package in '/home/rcli/ws_sorting_final/src/sorting_bringup' with build type 'ament_python'
[0.222s] Level 1:colcon.colcon_core.shell:create_environment_hook('sorting_bringup', 'ament_prefix_path')
[0.222s] INFO:colcon.colcon_core.shell:Creating environment hook '/home/rcli/ws_sorting_final/install/sorting_bringup/share/sorting_bringup/hook/ament_prefix_path.ps1'
[0.223s] INFO:colcon.colcon_core.shell:Creating environment descriptor '/home/rcli/ws_sorting_final/install/sorting_bringup/share/sorting_bringup/hook/ament_prefix_path.dsv'
[0.223s] INFO:colcon.colcon_core.shell:Creating environment hook '/home/rcli/ws_sorting_final/install/sorting_bringup/share/sorting_bringup/hook/ament_prefix_path.sh'
[0.223s] INFO:colcon.colcon_core.shell:Skip shell extension 'powershell' for command environment: Not usable outside of PowerShell
[0.223s] DEBUG:colcon.colcon_core.shell:Skip shell extension 'dsv' for command environment
[0.225s] INFO:colcon.colcon_ros.task.ament_python.build:Building ROS package in '/home/rcli/ws_sorting_final/src/sorting_gazebo' with build type 'ament_python'
[0.225s] Level 1:colcon.colcon_core.shell:create_environment_hook('sorting_gazebo', 'ament_prefix_path')
[0.225s] INFO:colcon.colcon_core.shell:Creating environment hook '/home/rcli/ws_sorting_final/install/sorting_gazebo/share/sorting_gazebo/hook/ament_prefix_path.ps1'
[0.225s] INFO:colcon.colcon_core.shell:Creating environment descriptor '/home/rcli/ws_sorting_final/install/sorting_gazebo/share/sorting_gazebo/hook/ament_prefix_path.dsv'
[0.226s] INFO:colcon.colcon_core.shell:Creating environment hook '/home/rcli/ws_sorting_final/install/sorting_gazebo/share/sorting_gazebo/hook/ament_prefix_path.sh'
[0.226s] INFO:colcon.colcon_core.shell:Skip shell extension 'powershell' for command environment: Not usable outside of PowerShell
[0.226s] DEBUG:colcon.colcon_core.shell:Skip shell extension 'dsv' for command environment
[0.237s] DEBUG:colcon.colcon_core.event_handler.log_command:Invoking command in '/home/rcli/ws_sorting_final/build/sorting_interfaces': CMAKE_PREFIX_PATH=${CMAKE_PREFIX_PATH}:/home/rcli/ws_sorting_final/install/sorting_scene:/home/rcli/ws_sorting_final/install/sorting_perception:/home/rcli/ws_sorting_final/install/sorting_orchestrator:/home/rcli/ws_sorting_final/install/sorting_executor_py:/home/rcli/ws_sorting_final/install/sorting_gazebo:/home/rcli/ws_sorting_final/install/sorting_bringup:/opt/ros/jazzy DEBUGINFOD_URLS=https://debuginfod.ubuntu.com /usr/bin/cmake --build /home/rcli/ws_sorting_final/build/sorting_interfaces -- -j24 -l24
[0.363s] INFO:colcon.colcon_core.task.python.build:Building Python package in '/home/rcli/ws_sorting_final/src/sorting_bringup'
[0.363s] INFO:colcon.colcon_core.shell:Skip shell extension 'powershell' for command environment: Not usable outside of PowerShell
[0.363s] DEBUG:colcon.colcon_core.shell:Skip shell extension 'dsv' for command environment
[0.497s] INFO:colcon.colcon_core.task.python.build:Building Python package in '/home/rcli/ws_sorting_final/src/sorting_gazebo'
[0.497s] INFO:colcon.colcon_core.shell:Skip shell extension 'powershell' for command environment: Not usable outside of PowerShell
[0.497s] DEBUG:colcon.colcon_core.shell:Skip shell extension 'dsv' for command environment
[0.797s] DEBUG:colcon.colcon_core.event_handler.log_command:Invoked command in '/home/rcli/ws_sorting_final/build/sorting_interfaces' returned '0': CMAKE_PREFIX_PATH=${CMAKE_PREFIX_PATH}:/home/rcli/ws_sorting_final/install/sorting_scene:/home/rcli/ws_sorting_final/install/sorting_perception:/home/rcli/ws_sorting_final/install/sorting_orchestrator:/home/rcli/ws_sorting_final/install/sorting_executor_py:/home/rcli/ws_sorting_final/install/sorting_gazebo:/home/rcli/ws_sorting_final/install/sorting_bringup:/opt/ros/jazzy DEBUGINFOD_URLS=https://debuginfod.ubuntu.com /usr/bin/cmake --build /home/rcli/ws_sorting_final/build/sorting_interfaces -- -j24 -l24
[0.809s] DEBUG:colcon.colcon_core.event_handler.log_command:Invoking command in '/home/rcli/ws_sorting_final/build/sorting_interfaces': CMAKE_PREFIX_PATH=${CMAKE_PREFIX_PATH}:/home/rcli/ws_sorting_final/install/sorting_scene:/home/rcli/ws_sorting_final/install/sorting_perception:/home/rcli/ws_sorting_final/install/sorting_orchestrator:/home/rcli/ws_sorting_final/install/sorting_executor_py:/home/rcli/ws_sorting_final/install/sorting_gazebo:/home/rcli/ws_sorting_final/install/sorting_bringup:/opt/ros/jazzy DEBUGINFOD_URLS=https://debuginfod.ubuntu.com /usr/bin/cmake --install /home/rcli/ws_sorting_final/build/sorting_interfaces
[0.847s] DEBUG:colcon.colcon_core.event_handler.log_command:Invoking command in '/home/rcli/ws_sorting_final/src/sorting_bringup': DEBUGINFOD_URLS=https://debuginfod.ubuntu.com PYTHONPATH=/home/rcli/ws_sorting_final/build/sorting_bringup/prefix_override:/usr/lib/python3/dist-packages/colcon_core/task/python/colcon_distutils_commands:/home/rcli/ws_sorting_final/install/sorting_bringup/lib/python3.12/site-packages:${PYTHONPATH} /usr/bin/python3 -W ignore:setup.py install is deprecated -W ignore:easy_install command is deprecated setup.py egg_info --egg-base ../../build/sorting_bringup build --build-base /home/rcli/ws_sorting_final/build/sorting_bringup/build install --record /home/rcli/ws_sorting_final/build/sorting_bringup/install.log --single-version-externally-managed install_data
[0.849s] DEBUG:colcon.colcon_core.event_handler.log_command:Invoking command in '/home/rcli/ws_sorting_final/src/sorting_gazebo': DEBUGINFOD_URLS=https://debuginfod.ubuntu.com PYTHONPATH=/home/rcli/ws_sorting_final/build/sorting_gazebo/prefix_override:/usr/lib/python3/dist-packages/colcon_core/task/python/colcon_distutils_commands:/home/rcli/ws_sorting_final/install/sorting_gazebo/lib/python3.12/site-packages:${PYTHONPATH} /usr/bin/python3 -W ignore:setup.py install is deprecated -W ignore:easy_install command is deprecated setup.py egg_info --egg-base ../../build/sorting_gazebo build --build-base /home/rcli/ws_sorting_final/build/sorting_gazebo/build install --record /home/rcli/ws_sorting_final/build/sorting_gazebo/install.log --single-version-externally-managed install_data
[0.875s] Level 1:colcon.colcon_core.environment:create_environment_scripts_only(sorting_interfaces)
[0.875s] DEBUG:colcon.colcon_core.event_handler.log_command:Invoked command in '/home/rcli/ws_sorting_final/build/sorting_interfaces' returned '0': CMAKE_PREFIX_PATH=${CMAKE_PREFIX_PATH}:/home/rcli/ws_sorting_final/install/sorting_scene:/home/rcli/ws_sorting_final/install/sorting_perception:/home/rcli/ws_sorting_final/install/sorting_orchestrator:/home/rcli/ws_sorting_final/install/sorting_executor_py:/home/rcli/ws_sorting_final/install/sorting_gazebo:/home/rcli/ws_sorting_final/install/sorting_bringup:/opt/ros/jazzy DEBUGINFOD_URLS=https://debuginfod.ubuntu.com /usr/bin/cmake --install /home/rcli/ws_sorting_final/build/sorting_interfaces
[0.878s] Level 1:colcon.colcon_core.environment:checking '/home/rcli/ws_sorting_final/install/sorting_interfaces' for CMake module files
[0.878s] Level 1:colcon.colcon_core.environment:checking '/home/rcli/ws_sorting_final/install/sorting_interfaces' for CMake config files
[0.878s] Level 1:colcon.colcon_core.shell:create_environment_hook('sorting_interfaces', 'cmake_prefix_path')
[0.879s] INFO:colcon.colcon_core.shell:Creating environment hook '/home/rcli/ws_sorting_final/install/sorting_interfaces/share/sorting_interfaces/hook/cmake_prefix_path.ps1'
[0.879s] INFO:colcon.colcon_core.shell:Creating environment descriptor '/home/rcli/ws_sorting_final/install/sorting_interfaces/share/sorting_interfaces/hook/cmake_prefix_path.dsv'
[0.879s] INFO:colcon.colcon_core.shell:Creating environment hook '/home/rcli/ws_sorting_final/install/sorting_interfaces/share/sorting_interfaces/hook/cmake_prefix_path.sh'
[0.879s] Level 1:colcon.colcon_core.environment:checking '/home/rcli/ws_sorting_final/install/sorting_interfaces/lib'
[0.879s] Level 1:colcon.colcon_core.shell:create_environment_hook('sorting_interfaces', 'ld_library_path_lib')
[0.880s] INFO:colcon.colcon_core.shell:Creating environment hook '/home/rcli/ws_sorting_final/install/sorting_interfaces/share/sorting_interfaces/hook/ld_library_path_lib.ps1'
[0.880s] INFO:colcon.colcon_core.shell:Creating environment descriptor '/home/rcli/ws_sorting_final/install/sorting_interfaces/share/sorting_interfaces/hook/ld_library_path_lib.dsv'
[0.880s] INFO:colcon.colcon_core.shell:Creating environment hook '/home/rcli/ws_sorting_final/install/sorting_interfaces/share/sorting_interfaces/hook/ld_library_path_lib.sh'
[0.880s] Level 1:colcon.colcon_core.environment:checking '/home/rcli/ws_sorting_final/install/sorting_interfaces/bin'
[0.880s] Level 1:colcon.colcon_core.environment:checking '/home/rcli/ws_sorting_final/install/sorting_interfaces/lib/pkgconfig/sorting_interfaces.pc'
[0.880s] Level 1:colcon.colcon_core.environment:checking '/home/rcli/ws_sorting_final/install/sorting_interfaces/lib/python3.12/site-packages'
[0.881s] Level 1:colcon.colcon_core.shell:create_environment_hook('sorting_interfaces', 'pythonpath')
[0.881s] INFO:colcon.colcon_core.shell:Creating environment hook '/home/rcli/ws_sorting_final/install/sorting_interfaces/share/sorting_interfaces/hook/pythonpath.ps1'
[0.881s] INFO:colcon.colcon_core.shell:Creating environment descriptor '/home/rcli/ws_sorting_final/install/sorting_interfaces/share/sorting_interfaces/hook/pythonpath.dsv'
[0.881s] INFO:colcon.colcon_core.shell:Creating environment hook '/home/rcli/ws_sorting_final/install/sorting_interfaces/share/sorting_interfaces/hook/pythonpath.sh'
[0.881s] Level 1:colcon.colcon_core.environment:checking '/home/rcli/ws_sorting_final/install/sorting_interfaces/bin'
[0.882s] INFO:colcon.colcon_core.shell:Creating package script '/home/rcli/ws_sorting_final/install/sorting_interfaces/share/sorting_interfaces/package.ps1'
[0.882s] INFO:colcon.colcon_core.shell:Creating package descriptor '/home/rcli/ws_sorting_final/install/sorting_interfaces/share/sorting_interfaces/package.dsv'
[0.882s] INFO:colcon.colcon_core.shell:Creating package script '/home/rcli/ws_sorting_final/install/sorting_interfaces/share/sorting_interfaces/package.sh'
[0.883s] INFO:colcon.colcon_core.shell:Creating package script '/home/rcli/ws_sorting_final/install/sorting_interfaces/share/sorting_interfaces/package.bash'
[0.883s] INFO:colcon.colcon_core.shell:Creating package script '/home/rcli/ws_sorting_final/install/sorting_interfaces/share/sorting_interfaces/package.zsh'
[0.883s] Level 1:colcon.colcon_core.environment:create_file_with_runtime_dependencies(/home/rcli/ws_sorting_final/install/sorting_interfaces/share/colcon-core/packages/sorting_interfaces)
[0.883s] Level 1:colcon.colcon_core.environment:create_environment_scripts_only(sorting_interfaces)
[0.884s] Level 1:colcon.colcon_core.environment:checking '/home/rcli/ws_sorting_final/install/sorting_interfaces' for CMake module files
[0.884s] Level 1:colcon.colcon_core.environment:checking '/home/rcli/ws_sorting_final/install/sorting_interfaces' for CMake config files
[0.884s] Level 1:colcon.colcon_core.shell:create_environment_hook('sorting_interfaces', 'cmake_prefix_path')
[0.884s] INFO:colcon.colcon_core.shell:Creating environment hook '/home/rcli/ws_sorting_final/install/sorting_interfaces/share/sorting_interfaces/hook/cmake_prefix_path.ps1'
[0.884s] INFO:colcon.colcon_core.shell:Creating environment descriptor '/home/rcli/ws_sorting_final/install/sorting_interfaces/share/sorting_interfaces/hook/cmake_prefix_path.dsv'
[0.884s] INFO:colcon.colcon_core.shell:Creating environment hook '/home/rcli/ws_sorting_final/install/sorting_interfaces/share/sorting_interfaces/hook/cmake_prefix_path.sh'
[0.885s] Level 1:colcon.colcon_core.environment:checking '/home/rcli/ws_sorting_final/install/sorting_interfaces/lib'
[0.885s] Level 1:colcon.colcon_core.shell:create_environment_hook('sorting_interfaces', 'ld_library_path_lib')
[0.885s] INFO:colcon.colcon_core.shell:Creating environment hook '/home/rcli/ws_sorting_final/install/sorting_interfaces/share/sorting_interfaces/hook/ld_library_path_lib.ps1'
[0.885s] INFO:colcon.colcon_core.shell:Creating environment descriptor '/home/rcli/ws_sorting_final/install/sorting_interfaces/share/sorting_interfaces/hook/ld_library_path_lib.dsv'
[0.885s] INFO:colcon.colcon_core.shell:Creating environment hook '/home/rcli/ws_sorting_final/install/sorting_interfaces/share/sorting_interfaces/hook/ld_library_path_lib.sh'
[0.885s] Level 1:colcon.colcon_core.environment:checking '/home/rcli/ws_sorting_final/install/sorting_interfaces/bin'
[0.885s] Level 1:colcon.colcon_core.environment:checking '/home/rcli/ws_sorting_final/install/sorting_interfaces/lib/pkgconfig/sorting_interfaces.pc'
[0.886s] Level 1:colcon.colcon_core.environment:checking '/home/rcli/ws_sorting_final/install/sorting_interfaces/lib/python3.12/site-packages'
[0.886s] Level 1:colcon.colcon_core.shell:create_environment_hook('sorting_interfaces', 'pythonpath')
[0.886s] INFO:colcon.colcon_core.shell:Creating environment hook '/home/rcli/ws_sorting_final/install/sorting_interfaces/share/sorting_interfaces/hook/pythonpath.ps1'
[0.886s] INFO:colcon.colcon_core.shell:Creating environment descriptor '/home/rcli/ws_sorting_final/install/sorting_interfaces/share/sorting_interfaces/hook/pythonpath.dsv'
[0.886s] INFO:colcon.colcon_core.shell:Creating environment hook '/home/rcli/ws_sorting_final/install/sorting_interfaces/share/sorting_interfaces/hook/pythonpath.sh'
[0.886s] Level 1:colcon.colcon_core.environment:checking '/home/rcli/ws_sorting_final/install/sorting_interfaces/bin'
[0.887s] INFO:colcon.colcon_core.shell:Creating package script '/home/rcli/ws_sorting_final/install/sorting_interfaces/share/sorting_interfaces/package.ps1'
[0.887s] INFO:colcon.colcon_core.shell:Creating package descriptor '/home/rcli/ws_sorting_final/install/sorting_interfaces/share/sorting_interfaces/package.dsv'
[0.887s] INFO:colcon.colcon_core.shell:Creating package script '/home/rcli/ws_sorting_final/install/sorting_interfaces/share/sorting_interfaces/package.sh'
[0.887s] INFO:colcon.colcon_core.shell:Creating package script '/home/rcli/ws_sorting_final/install/sorting_interfaces/share/sorting_interfaces/package.bash'
[0.888s] INFO:colcon.colcon_core.shell:Creating package script '/home/rcli/ws_sorting_final/install/sorting_interfaces/share/sorting_interfaces/package.zsh'
[0.888s] Level 1:colcon.colcon_core.environment:create_file_with_runtime_dependencies(/home/rcli/ws_sorting_final/install/sorting_interfaces/share/colcon-core/packages/sorting_interfaces)
[0.888s] INFO:colcon.colcon_ros.task.ament_python.build:Building ROS package in '/home/rcli/ws_sorting_final/src/sorting_executor_py' with build type 'ament_python'
[0.888s] Level 1:colcon.colcon_core.shell:create_environment_hook('sorting_executor_py', 'ament_prefix_path')
[0.888s] INFO:colcon.colcon_core.shell:Creating environment hook '/home/rcli/ws_sorting_final/install/sorting_executor_py/share/sorting_executor_py/hook/ament_prefix_path.ps1'
[0.889s] INFO:colcon.colcon_core.shell:Creating environment descriptor '/home/rcli/ws_sorting_final/install/sorting_executor_py/share/sorting_executor_py/hook/ament_prefix_path.dsv'
[0.889s] INFO:colcon.colcon_core.shell:Creating environment hook '/home/rcli/ws_sorting_final/install/sorting_executor_py/share/sorting_executor_py/hook/ament_prefix_path.sh'
[0.889s] INFO:colcon.colcon_core.shell:Skip shell extension 'powershell' for command environment: Not usable outside of PowerShell
[0.889s] DEBUG:colcon.colcon_core.shell:Skip shell extension 'dsv' for command environment
[0.892s] INFO:colcon.colcon_ros.task.ament_python.build:Building ROS package in '/home/rcli/ws_sorting_final/src/sorting_orchestrator' with build type 'ament_python'
[0.892s] Level 1:colcon.colcon_core.shell:create_environment_hook('sorting_orchestrator', 'ament_prefix_path')
[0.892s] INFO:colcon.colcon_core.shell:Creating environment hook '/home/rcli/ws_sorting_final/install/sorting_orchestrator/share/sorting_orchestrator/hook/ament_prefix_path.ps1'
[0.892s] INFO:colcon.colcon_core.shell:Creating environment descriptor '/home/rcli/ws_sorting_final/install/sorting_orchestrator/share/sorting_orchestrator/hook/ament_prefix_path.dsv'
[0.892s] INFO:colcon.colcon_core.shell:Creating environment hook '/home/rcli/ws_sorting_final/install/sorting_orchestrator/share/sorting_orchestrator/hook/ament_prefix_path.sh'
[0.892s] INFO:colcon.colcon_core.shell:Skip shell extension 'powershell' for command environment: Not usable outside of PowerShell
[0.892s] DEBUG:colcon.colcon_core.shell:Skip shell extension 'dsv' for command environment
[0.895s] INFO:colcon.colcon_ros.task.ament_python.build:Building ROS package in '/home/rcli/ws_sorting_final/src/sorting_perception' with build type 'ament_python'
[0.895s] Level 1:colcon.colcon_core.shell:create_environment_hook('sorting_perception', 'ament_prefix_path')
[0.895s] INFO:colcon.colcon_core.shell:Creating environment hook '/home/rcli/ws_sorting_final/install/sorting_perception/share/sorting_perception/hook/ament_prefix_path.ps1'
[0.895s] INFO:colcon.colcon_core.shell:Creating environment descriptor '/home/rcli/ws_sorting_final/install/sorting_perception/share/sorting_perception/hook/ament_prefix_path.dsv'
[0.895s] INFO:colcon.colcon_core.shell:Creating environment hook '/home/rcli/ws_sorting_final/install/sorting_perception/share/sorting_perception/hook/ament_prefix_path.sh'
[0.895s] INFO:colcon.colcon_core.shell:Skip shell extension 'powershell' for command environment: Not usable outside of PowerShell
[0.895s] DEBUG:colcon.colcon_core.shell:Skip shell extension 'dsv' for command environment
[0.898s] INFO:colcon.colcon_ros.task.ament_python.build:Building ROS package in '/home/rcli/ws_sorting_final/src/sorting_scene' with build type 'ament_python'
[0.898s] Level 1:colcon.colcon_core.shell:create_environment_hook('sorting_scene', 'ament_prefix_path')
[0.898s] INFO:colcon.colcon_core.shell:Creating environment hook '/home/rcli/ws_sorting_final/install/sorting_scene/share/sorting_scene/hook/ament_prefix_path.ps1'
[0.898s] INFO:colcon.colcon_core.shell:Creating environment descriptor '/home/rcli/ws_sorting_final/install/sorting_scene/share/sorting_scene/hook/ament_prefix_path.dsv'
[0.898s] INFO:colcon.colcon_core.shell:Creating environment hook '/home/rcli/ws_sorting_final/install/sorting_scene/share/sorting_scene/hook/ament_prefix_path.sh'
[0.899s] INFO:colcon.colcon_core.shell:Skip shell extension 'powershell' for command environment: Not usable outside of PowerShell
[0.899s] DEBUG:colcon.colcon_core.shell:Skip shell extension 'dsv' for command environment
[1.047s] INFO:colcon.colcon_core.task.python.build:Building Python package in '/home/rcli/ws_sorting_final/src/sorting_executor_py'
[1.047s] INFO:colcon.colcon_core.shell:Skip shell extension 'powershell' for command environment: Not usable outside of PowerShell
[1.048s] DEBUG:colcon.colcon_core.shell:Skip shell extension 'dsv' for command environment
[1.202s] INFO:colcon.colcon_core.task.python.build:Building Python package in '/home/rcli/ws_sorting_final/src/sorting_orchestrator'
[1.202s] INFO:colcon.colcon_core.shell:Skip shell extension 'powershell' for command environment: Not usable outside of PowerShell
[1.202s] DEBUG:colcon.colcon_core.shell:Skip shell extension 'dsv' for command environment
[1.325s] INFO:colcon.colcon_core.task.python.build:Building Python package in '/home/rcli/ws_sorting_final/src/sorting_perception'
[1.325s] INFO:colcon.colcon_core.shell:Skip shell extension 'powershell' for command environment: Not usable outside of PowerShell
[1.325s] DEBUG:colcon.colcon_core.shell:Skip shell extension 'dsv' for command environment
[1.454s] INFO:colcon.colcon_core.task.python.build:Building Python package in '/home/rcli/ws_sorting_final/src/sorting_scene'
[1.454s] INFO:colcon.colcon_core.shell:Skip shell extension 'powershell' for command environment: Not usable outside of PowerShell
[1.454s] DEBUG:colcon.colcon_core.shell:Skip shell extension 'dsv' for command environment
[1.458s] Level 1:colcon.colcon_core.environment:checking '/home/rcli/ws_sorting_final/install/sorting_bringup' for CMake module files
[1.458s] Level 1:colcon.colcon_core.environment:checking '/home/rcli/ws_sorting_final/install/sorting_bringup' for CMake config files
[1.458s] DEBUG:colcon.colcon_core.event_handler.log_command:Invoked command in '/home/rcli/ws_sorting_final/src/sorting_bringup' returned '0': DEBUGINFOD_URLS=https://debuginfod.ubuntu.com PYTHONPATH=/home/rcli/ws_sorting_final/build/sorting_bringup/prefix_override:/usr/lib/python3/dist-packages/colcon_core/task/python/colcon_distutils_commands:/home/rcli/ws_sorting_final/install/sorting_bringup/lib/python3.12/site-packages:${PYTHONPATH} /usr/bin/python3 -W ignore:setup.py install is deprecated -W ignore:easy_install command is deprecated setup.py egg_info --egg-base ../../build/sorting_bringup build --build-base /home/rcli/ws_sorting_final/build/sorting_bringup/build install --record /home/rcli/ws_sorting_final/build/sorting_bringup/install.log --single-version-externally-managed install_data
[1.458s] Level 1:colcon.colcon_core.environment:checking '/home/rcli/ws_sorting_final/install/sorting_bringup/lib'
[1.459s] Level 1:colcon.colcon_core.environment:checking '/home/rcli/ws_sorting_final/install/sorting_bringup/bin'
[1.459s] Level 1:colcon.colcon_core.environment:checking '/home/rcli/ws_sorting_final/install/sorting_bringup/lib/pkgconfig/sorting_bringup.pc'
[1.459s] Level 1:colcon.colcon_core.environment:checking '/home/rcli/ws_sorting_final/install/sorting_bringup/lib/python3.12/site-packages'
[1.459s] Level 1:colcon.colcon_core.shell:create_environment_hook('sorting_bringup', 'pythonpath')
[1.459s] INFO:colcon.colcon_core.shell:Creating environment hook '/home/rcli/ws_sorting_final/install/sorting_bringup/share/sorting_bringup/hook/pythonpath.ps1'
[1.459s] INFO:colcon.colcon_core.shell:Creating environment descriptor '/home/rcli/ws_sorting_final/install/sorting_bringup/share/sorting_bringup/hook/pythonpath.dsv'
[1.459s] INFO:colcon.colcon_core.shell:Creating environment hook '/home/rcli/ws_sorting_final/install/sorting_bringup/share/sorting_bringup/hook/pythonpath.sh'
[1.460s] Level 1:colcon.colcon_core.environment:checking '/home/rcli/ws_sorting_final/install/sorting_bringup/bin'
[1.460s] Level 1:colcon.colcon_core.environment:create_environment_scripts_only(sorting_bringup)
[1.460s] INFO:colcon.colcon_core.shell:Creating package script '/home/rcli/ws_sorting_final/install/sorting_bringup/share/sorting_bringup/package.ps1'
[1.460s] INFO:colcon.colcon_core.shell:Creating package descriptor '/home/rcli/ws_sorting_final/install/sorting_bringup/share/sorting_bringup/package.dsv'
[1.460s] INFO:colcon.colcon_core.shell:Creating package script '/home/rcli/ws_sorting_final/install/sorting_bringup/share/sorting_bringup/package.sh'
[1.460s] INFO:colcon.colcon_core.shell:Creating package script '/home/rcli/ws_sorting_final/install/sorting_bringup/share/sorting_bringup/package.bash'
[1.460s] INFO:colcon.colcon_core.shell:Creating package script '/home/rcli/ws_sorting_final/install/sorting_bringup/share/sorting_bringup/package.zsh'
[1.461s] Level 1:colcon.colcon_core.environment:create_file_with_runtime_dependencies(/home/rcli/ws_sorting_final/install/sorting_bringup/share/colcon-core/packages/sorting_bringup)
[1.462s] Level 1:colcon.colcon_core.environment:checking '/home/rcli/ws_sorting_final/install/sorting_gazebo' for CMake module files
[1.463s] DEBUG:colcon.colcon_core.event_handler.log_command:Invoked command in '/home/rcli/ws_sorting_final/src/sorting_gazebo' returned '0': DEBUGINFOD_URLS=https://debuginfod.ubuntu.com PYTHONPATH=/home/rcli/ws_sorting_final/build/sorting_gazebo/prefix_override:/usr/lib/python3/dist-packages/colcon_core/task/python/colcon_distutils_commands:/home/rcli/ws_sorting_final/install/sorting_gazebo/lib/python3.12/site-packages:${PYTHONPATH} /usr/bin/python3 -W ignore:setup.py install is deprecated -W ignore:easy_install command is deprecated setup.py egg_info --egg-base ../../build/sorting_gazebo build --build-base /home/rcli/ws_sorting_final/build/sorting_gazebo/build install --record /home/rcli/ws_sorting_final/build/sorting_gazebo/install.log --single-version-externally-managed install_data
[1.463s] Level 1:colcon.colcon_core.environment:checking '/home/rcli/ws_sorting_final/install/sorting_gazebo' for CMake config files
[1.463s] Level 1:colcon.colcon_core.environment:checking '/home/rcli/ws_sorting_final/install/sorting_gazebo/lib'
[1.463s] Level 1:colcon.colcon_core.environment:checking '/home/rcli/ws_sorting_final/install/sorting_gazebo/bin'
[1.463s] Level 1:colcon.colcon_core.environment:checking '/home/rcli/ws_sorting_final/install/sorting_gazebo/lib/pkgconfig/sorting_gazebo.pc'
[1.463s] Level 1:colcon.colcon_core.environment:checking '/home/rcli/ws_sorting_final/install/sorting_gazebo/lib/python3.12/site-packages'
[1.463s] Level 1:colcon.colcon_core.shell:create_environment_hook('sorting_gazebo', 'pythonpath')
[1.463s] INFO:colcon.colcon_core.shell:Creating environment hook '/home/rcli/ws_sorting_final/install/sorting_gazebo/share/sorting_gazebo/hook/pythonpath.ps1'
[1.463s] INFO:colcon.colcon_core.shell:Creating environment descriptor '/home/rcli/ws_sorting_final/install/sorting_gazebo/share/sorting_gazebo/hook/pythonpath.dsv'
[1.464s] INFO:colcon.colcon_core.shell:Creating environment hook '/home/rcli/ws_sorting_final/install/sorting_gazebo/share/sorting_gazebo/hook/pythonpath.sh'
[1.464s] Level 1:colcon.colcon_core.environment:checking '/home/rcli/ws_sorting_final/install/sorting_gazebo/bin'
[1.464s] Level 1:colcon.colcon_core.environment:create_environment_scripts_only(sorting_gazebo)
[1.464s] INFO:colcon.colcon_core.shell:Creating package script '/home/rcli/ws_sorting_final/install/sorting_gazebo/share/sorting_gazebo/package.ps1'
[1.464s] INFO:colcon.colcon_core.shell:Creating package descriptor '/home/rcli/ws_sorting_final/install/sorting_gazebo/share/sorting_gazebo/package.dsv'
[1.465s] INFO:colcon.colcon_core.shell:Creating package script '/home/rcli/ws_sorting_final/install/sorting_gazebo/share/sorting_gazebo/package.sh'
[1.465s] INFO:colcon.colcon_core.shell:Creating package script '/home/rcli/ws_sorting_final/install/sorting_gazebo/share/sorting_gazebo/package.bash'
[1.465s] INFO:colcon.colcon_core.shell:Creating package script '/home/rcli/ws_sorting_final/install/sorting_gazebo/share/sorting_gazebo/package.zsh'
[1.465s] Level 1:colcon.colcon_core.environment:create_file_with_runtime_dependencies(/home/rcli/ws_sorting_final/install/sorting_gazebo/share/colcon-core/packages/sorting_gazebo)
[1.815s] DEBUG:colcon.colcon_core.event_handler.log_command:Invoking command in '/home/rcli/ws_sorting_final/src/sorting_orchestrator': DEBUGINFOD_URLS=https://debuginfod.ubuntu.com PYTHONPATH=/home/rcli/ws_sorting_final/build/sorting_orchestrator/prefix_override:/usr/lib/python3/dist-packages/colcon_core/task/python/colcon_distutils_commands:/home/rcli/ws_sorting_final/install/sorting_orchestrator/lib/python3.12/site-packages:/home/rcli/ws_sorting_final/install/sorting_interfaces/lib/python3.12/site-packages:/home/rcli/ws_sorting_final/install/sorting_scene/lib/python3.12/site-packages:/home/rcli/ws_sorting_final/install/sorting_perception/lib/python3.12/site-packages:/home/rcli/ws_sorting_final/install/sorting_orchestrator/lib/python3.12/site-packages:/home/rcli/ws_sorting_final/install/sorting_executor_py/lib/python3.12/site-packages:/home/rcli/ws_sorting_final/install/sorting_gazebo/lib/python3.12/site-packages:/home/rcli/ws_sorting_final/install/sorting_bringup/lib/python3.12/site-packages:/opt/ros/jazzy/lib/python3.12/site-packages /usr/bin/python3 -W ignore:setup.py install is deprecated -W ignore:easy_install command is deprecated setup.py egg_info --egg-base ../../build/sorting_orchestrator build --build-base /home/rcli/ws_sorting_final/build/sorting_orchestrator/build install --record /home/rcli/ws_sorting_final/build/sorting_orchestrator/install.log --single-version-externally-managed install_data
[1.819s] DEBUG:colcon.colcon_core.event_handler.log_command:Invoking command in '/home/rcli/ws_sorting_final/src/sorting_executor_py': DEBUGINFOD_URLS=https://debuginfod.ubuntu.com PYTHONPATH=/home/rcli/ws_sorting_final/build/sorting_executor_py/prefix_override:/usr/lib/python3/dist-packages/colcon_core/task/python/colcon_distutils_commands:/home/rcli/ws_sorting_final/install/sorting_executor_py/lib/python3.12/site-packages:/home/rcli/ws_sorting_final/install/sorting_interfaces/lib/python3.12/site-packages:/home/rcli/ws_sorting_final/install/sorting_scene/lib/python3.12/site-packages:/home/rcli/ws_sorting_final/install/sorting_perception/lib/python3.12/site-packages:/home/rcli/ws_sorting_final/install/sorting_orchestrator/lib/python3.12/site-packages:/home/rcli/ws_sorting_final/install/sorting_executor_py/lib/python3.12/site-packages:/home/rcli/ws_sorting_final/install/sorting_gazebo/lib/python3.12/site-packages:/home/rcli/ws_sorting_final/install/sorting_bringup/lib/python3.12/site-packages:/opt/ros/jazzy/lib/python3.12/site-packages /usr/bin/python3 -W ignore:setup.py install is deprecated -W ignore:easy_install command is deprecated setup.py egg_info --egg-base ../../build/sorting_executor_py build --build-base /home/rcli/ws_sorting_final/build/sorting_executor_py/build install --record /home/rcli/ws_sorting_final/build/sorting_executor_py/install.log --single-version-externally-managed install_data
[1.825s] DEBUG:colcon.colcon_core.event_handler.log_command:Invoking command in '/home/rcli/ws_sorting_final/src/sorting_perception': DEBUGINFOD_URLS=https://debuginfod.ubuntu.com PYTHONPATH=/home/rcli/ws_sorting_final/build/sorting_perception/prefix_override:/usr/lib/python3/dist-packages/colcon_core/task/python/colcon_distutils_commands:/home/rcli/ws_sorting_final/install/sorting_perception/lib/python3.12/site-packages:/home/rcli/ws_sorting_final/install/sorting_interfaces/lib/python3.12/site-packages:/home/rcli/ws_sorting_final/install/sorting_scene/lib/python3.12/site-packages:/home/rcli/ws_sorting_final/install/sorting_perception/lib/python3.12/site-packages:/home/rcli/ws_sorting_final/install/sorting_orchestrator/lib/python3.12/site-packages:/home/rcli/ws_sorting_final/install/sorting_executor_py/lib/python3.12/site-packages:/home/rcli/ws_sorting_final/install/sorting_gazebo/lib/python3.12/site-packages:/home/rcli/ws_sorting_final/install/sorting_bringup/lib/python3.12/site-packages:/opt/ros/jazzy/lib/python3.12/site-packages /usr/bin/python3 -W ignore:setup.py install is deprecated -W ignore:easy_install command is deprecated setup.py egg_info --egg-base ../../build/sorting_perception build --build-base /home/rcli/ws_sorting_final/build/sorting_perception/build install --record /home/rcli/ws_sorting_final/build/sorting_perception/install.log --single-version-externally-managed install_data
[1.836s] DEBUG:colcon.colcon_core.event_handler.log_command:Invoking command in '/home/rcli/ws_sorting_final/src/sorting_scene': DEBUGINFOD_URLS=https://debuginfod.ubuntu.com PYTHONPATH=/home/rcli/ws_sorting_final/build/sorting_scene/prefix_override:/usr/lib/python3/dist-packages/colcon_core/task/python/colcon_distutils_commands:/home/rcli/ws_sorting_final/install/sorting_scene/lib/python3.12/site-packages:/home/rcli/ws_sorting_final/install/sorting_interfaces/lib/python3.12/site-packages:/home/rcli/ws_sorting_final/install/sorting_scene/lib/python3.12/site-packages:/home/rcli/ws_sorting_final/install/sorting_perception/lib/python3.12/site-packages:/home/rcli/ws_sorting_final/install/sorting_orchestrator/lib/python3.12/site-packages:/home/rcli/ws_sorting_final/install/sorting_executor_py/lib/python3.12/site-packages:/home/rcli/ws_sorting_final/install/sorting_gazebo/lib/python3.12/site-packages:/home/rcli/ws_sorting_final/install/sorting_bringup/lib/python3.12/site-packages:/opt/ros/jazzy/lib/python3.12/site-packages /usr/bin/python3 -W ignore:setup.py install is deprecated -W ignore:easy_install command is deprecated setup.py egg_info --egg-base ../../build/sorting_scene build --build-base /home/rcli/ws_sorting_final/build/sorting_scene/build install --record /home/rcli/ws_sorting_final/build/sorting_scene/install.log --single-version-externally-managed install_data
[2.144s] Level 1:colcon.colcon_core.environment:checking '/home/rcli/ws_sorting_final/install/sorting_orchestrator' for CMake module files
[2.144s] DEBUG:colcon.colcon_core.event_handler.log_command:Invoked command in '/home/rcli/ws_sorting_final/src/sorting_orchestrator' returned '0': DEBUGINFOD_URLS=https://debuginfod.ubuntu.com PYTHONPATH=/home/rcli/ws_sorting_final/build/sorting_orchestrator/prefix_override:/usr/lib/python3/dist-packages/colcon_core/task/python/colcon_distutils_commands:/home/rcli/ws_sorting_final/install/sorting_orchestrator/lib/python3.12/site-packages:/home/rcli/ws_sorting_final/install/sorting_interfaces/lib/python3.12/site-packages:/home/rcli/ws_sorting_final/install/sorting_scene/lib/python3.12/site-packages:/home/rcli/ws_sorting_final/install/sorting_perception/lib/python3.12/site-packages:/home/rcli/ws_sorting_final/install/sorting_orchestrator/lib/python3.12/site-packages:/home/rcli/ws_sorting_final/install/sorting_executor_py/lib/python3.12/site-packages:/home/rcli/ws_sorting_final/install/sorting_gazebo/lib/python3.12/site-packages:/home/rcli/ws_sorting_final/install/sorting_bringup/lib/python3.12/site-packages:/opt/ros/jazzy/lib/python3.12/site-packages /usr/bin/python3 -W ignore:setup.py install is deprecated -W ignore:easy_install command is deprecated setup.py egg_info --egg-base ../../build/sorting_orchestrator build --build-base /home/rcli/ws_sorting_final/build/sorting_orchestrator/build install --record /home/rcli/ws_sorting_final/build/sorting_orchestrator/install.log --single-version-externally-managed install_data
[2.144s] Level 1:colcon.colcon_core.environment:checking '/home/rcli/ws_sorting_final/install/sorting_orchestrator' for CMake config files
[2.145s] Level 1:colcon.colcon_core.environment:checking '/home/rcli/ws_sorting_final/install/sorting_orchestrator/lib'
[2.145s] Level 1:colcon.colcon_core.environment:checking '/home/rcli/ws_sorting_final/install/sorting_orchestrator/bin'
[2.145s] Level 1:colcon.colcon_core.environment:checking '/home/rcli/ws_sorting_final/install/sorting_orchestrator/lib/pkgconfig/sorting_orchestrator.pc'
[2.145s] Level 1:colcon.colcon_core.environment:checking '/home/rcli/ws_sorting_final/install/sorting_orchestrator/lib/python3.12/site-packages'
[2.145s] Level 1:colcon.colcon_core.shell:create_environment_hook('sorting_orchestrator', 'pythonpath')
[2.145s] INFO:colcon.colcon_core.shell:Creating environment hook '/home/rcli/ws_sorting_final/install/sorting_orchestrator/share/sorting_orchestrator/hook/pythonpath.ps1'
[2.146s] INFO:colcon.colcon_core.shell:Creating environment descriptor '/home/rcli/ws_sorting_final/install/sorting_orchestrator/share/sorting_orchestrator/hook/pythonpath.dsv'
[2.146s] INFO:colcon.colcon_core.shell:Creating environment hook '/home/rcli/ws_sorting_final/install/sorting_orchestrator/share/sorting_orchestrator/hook/pythonpath.sh'
[2.146s] Level 1:colcon.colcon_core.environment:checking '/home/rcli/ws_sorting_final/install/sorting_orchestrator/bin'
[2.146s] Level 1:colcon.colcon_core.environment:create_environment_scripts_only(sorting_orchestrator)
[2.146s] INFO:colcon.colcon_core.shell:Creating package script '/home/rcli/ws_sorting_final/install/sorting_orchestrator/share/sorting_orchestrator/package.ps1'
[2.147s] INFO:colcon.colcon_core.shell:Creating package descriptor '/home/rcli/ws_sorting_final/install/sorting_orchestrator/share/sorting_orchestrator/package.dsv'
[2.147s] INFO:colcon.colcon_core.shell:Creating package script '/home/rcli/ws_sorting_final/install/sorting_orchestrator/share/sorting_orchestrator/package.sh'
[2.147s] INFO:colcon.colcon_core.shell:Creating package script '/home/rcli/ws_sorting_final/install/sorting_orchestrator/share/sorting_orchestrator/package.bash'
[2.147s] INFO:colcon.colcon_core.shell:Creating package script '/home/rcli/ws_sorting_final/install/sorting_orchestrator/share/sorting_orchestrator/package.zsh'
[2.148s] Level 1:colcon.colcon_core.environment:create_file_with_runtime_dependencies(/home/rcli/ws_sorting_final/install/sorting_orchestrator/share/colcon-core/packages/sorting_orchestrator)
[2.161s] Level 1:colcon.colcon_core.environment:checking '/home/rcli/ws_sorting_final/install/sorting_executor_py' for CMake module files
[2.161s] DEBUG:colcon.colcon_core.event_handler.log_command:Invoked command in '/home/rcli/ws_sorting_final/src/sorting_executor_py' returned '0': DEBUGINFOD_URLS=https://debuginfod.ubuntu.com PYTHONPATH=/home/rcli/ws_sorting_final/build/sorting_executor_py/prefix_override:/usr/lib/python3/dist-packages/colcon_core/task/python/colcon_distutils_commands:/home/rcli/ws_sorting_final/install/sorting_executor_py/lib/python3.12/site-packages:/home/rcli/ws_sorting_final/install/sorting_interfaces/lib/python3.12/site-packages:/home/rcli/ws_sorting_final/install/sorting_scene/lib/python3.12/site-packages:/home/rcli/ws_sorting_final/install/sorting_perception/lib/python3.12/site-packages:/home/rcli/ws_sorting_final/install/sorting_orchestrator/lib/python3.12/site-packages:/home/rcli/ws_sorting_final/install/sorting_executor_py/lib/python3.12/site-packages:/home/rcli/ws_sorting_final/install/sorting_gazebo/lib/python3.12/site-packages:/home/rcli/ws_sorting_final/install/sorting_bringup/lib/python3.12/site-packages:/opt/ros/jazzy/lib/python3.12/site-packages /usr/bin/python3 -W ignore:setup.py install is deprecated -W ignore:easy_install command is deprecated setup.py egg_info --egg-base ../../build/sorting_executor_py build --build-base /home/rcli/ws_sorting_final/build/sorting_executor_py/build install --record /home/rcli/ws_sorting_final/build/sorting_executor_py/install.log --single-version-externally-managed install_data
[2.161s] Level 1:colcon.colcon_core.environment:checking '/home/rcli/ws_sorting_final/install/sorting_executor_py' for CMake config files
[2.162s] Level 1:colcon.colcon_core.environment:checking '/home/rcli/ws_sorting_final/install/sorting_executor_py/lib'
[2.162s] Level 1:colcon.colcon_core.environment:checking '/home/rcli/ws_sorting_final/install/sorting_executor_py/bin'
[2.162s] Level 1:colcon.colcon_core.environment:checking '/home/rcli/ws_sorting_final/install/sorting_executor_py/lib/pkgconfig/sorting_executor_py.pc'
[2.162s] Level 1:colcon.colcon_core.environment:checking '/home/rcli/ws_sorting_final/install/sorting_executor_py/lib/python3.12/site-packages'
[2.162s] Level 1:colcon.colcon_core.shell:create_environment_hook('sorting_executor_py', 'pythonpath')
[2.162s] INFO:colcon.colcon_core.shell:Creating environment hook '/home/rcli/ws_sorting_final/install/sorting_executor_py/share/sorting_executor_py/hook/pythonpath.ps1'
[2.162s] INFO:colcon.colcon_core.shell:Creating environment descriptor '/home/rcli/ws_sorting_final/install/sorting_executor_py/share/sorting_executor_py/hook/pythonpath.dsv'
[2.163s] INFO:colcon.colcon_core.shell:Creating environment hook '/home/rcli/ws_sorting_final/install/sorting_executor_py/share/sorting_executor_py/hook/pythonpath.sh'
[2.163s] Level 1:colcon.colcon_core.environment:checking '/home/rcli/ws_sorting_final/install/sorting_executor_py/bin'
[2.163s] Level 1:colcon.colcon_core.environment:create_environment_scripts_only(sorting_executor_py)
[2.163s] INFO:colcon.colcon_core.shell:Creating package script '/home/rcli/ws_sorting_final/install/sorting_executor_py/share/sorting_executor_py/package.ps1'
[2.164s] INFO:colcon.colcon_core.shell:Creating package descriptor '/home/rcli/ws_sorting_final/install/sorting_executor_py/share/sorting_executor_py/package.dsv'
[2.164s] INFO:colcon.colcon_core.shell:Creating package script '/home/rcli/ws_sorting_final/install/sorting_executor_py/share/sorting_executor_py/package.sh'
[2.164s] INFO:colcon.colcon_core.shell:Creating package script '/home/rcli/ws_sorting_final/install/sorting_executor_py/share/sorting_executor_py/package.bash'
[2.164s] INFO:colcon.colcon_core.shell:Creating package script '/home/rcli/ws_sorting_final/install/sorting_executor_py/share/sorting_executor_py/package.zsh'
[2.164s] Level 1:colcon.colcon_core.environment:create_file_with_runtime_dependencies(/home/rcli/ws_sorting_final/install/sorting_executor_py/share/colcon-core/packages/sorting_executor_py)
[2.165s] Level 1:colcon.colcon_core.environment:checking '/home/rcli/ws_sorting_final/install/sorting_perception' for CMake module files
[2.166s] DEBUG:colcon.colcon_core.event_handler.log_command:Invoked command in '/home/rcli/ws_sorting_final/src/sorting_perception' returned '0': DEBUGINFOD_URLS=https://debuginfod.ubuntu.com PYTHONPATH=/home/rcli/ws_sorting_final/build/sorting_perception/prefix_override:/usr/lib/python3/dist-packages/colcon_core/task/python/colcon_distutils_commands:/home/rcli/ws_sorting_final/install/sorting_perception/lib/python3.12/site-packages:/home/rcli/ws_sorting_final/install/sorting_interfaces/lib/python3.12/site-packages:/home/rcli/ws_sorting_final/install/sorting_scene/lib/python3.12/site-packages:/home/rcli/ws_sorting_final/install/sorting_perception/lib/python3.12/site-packages:/home/rcli/ws_sorting_final/install/sorting_orchestrator/lib/python3.12/site-packages:/home/rcli/ws_sorting_final/install/sorting_executor_py/lib/python3.12/site-packages:/home/rcli/ws_sorting_final/install/sorting_gazebo/lib/python3.12/site-packages:/home/rcli/ws_sorting_final/install/sorting_bringup/lib/python3.12/site-packages:/opt/ros/jazzy/lib/python3.12/site-packages /usr/bin/python3 -W ignore:setup.py install is deprecated -W ignore:easy_install command is deprecated setup.py egg_info --egg-base ../../build/sorting_perception build --build-base /home/rcli/ws_sorting_final/build/sorting_perception/build install --record /home/rcli/ws_sorting_final/build/sorting_perception/install.log --single-version-externally-managed install_data
[2.166s] Level 1:colcon.colcon_core.environment:checking '/home/rcli/ws_sorting_final/install/sorting_perception' for CMake config files
[2.167s] Level 1:colcon.colcon_core.environment:checking '/home/rcli/ws_sorting_final/install/sorting_perception/lib'
[2.167s] Level 1:colcon.colcon_core.environment:checking '/home/rcli/ws_sorting_final/install/sorting_perception/bin'
[2.167s] Level 1:colcon.colcon_core.environment:checking '/home/rcli/ws_sorting_final/install/sorting_perception/lib/pkgconfig/sorting_perception.pc'
[2.167s] Level 1:colcon.colcon_core.environment:checking '/home/rcli/ws_sorting_final/install/sorting_perception/lib/python3.12/site-packages'
[2.167s] Level 1:colcon.colcon_core.shell:create_environment_hook('sorting_perception', 'pythonpath')
[2.167s] INFO:colcon.colcon_core.shell:Creating environment hook '/home/rcli/ws_sorting_final/install/sorting_perception/share/sorting_perception/hook/pythonpath.ps1'
[2.168s] INFO:colcon.colcon_core.shell:Creating environment descriptor '/home/rcli/ws_sorting_final/install/sorting_perception/share/sorting_perception/hook/pythonpath.dsv'
[2.168s] INFO:colcon.colcon_core.shell:Creating environment hook '/home/rcli/ws_sorting_final/install/sorting_perception/share/sorting_perception/hook/pythonpath.sh'
[2.169s] Level 1:colcon.colcon_core.environment:checking '/home/rcli/ws_sorting_final/install/sorting_perception/bin'
[2.169s] Level 1:colcon.colcon_core.environment:create_environment_scripts_only(sorting_perception)
[2.169s] INFO:colcon.colcon_core.shell:Creating package script '/home/rcli/ws_sorting_final/install/sorting_perception/share/sorting_perception/package.ps1'
[2.169s] INFO:colcon.colcon_core.shell:Creating package descriptor '/home/rcli/ws_sorting_final/install/sorting_perception/share/sorting_perception/package.dsv'
[2.169s] INFO:colcon.colcon_core.shell:Creating package script '/home/rcli/ws_sorting_final/install/sorting_perception/share/sorting_perception/package.sh'
[2.169s] INFO:colcon.colcon_core.shell:Creating package script '/home/rcli/ws_sorting_final/install/sorting_perception/share/sorting_perception/package.bash'
[2.170s] INFO:colcon.colcon_core.shell:Creating package script '/home/rcli/ws_sorting_final/install/sorting_perception/share/sorting_perception/package.zsh'
[2.170s] Level 1:colcon.colcon_core.environment:create_file_with_runtime_dependencies(/home/rcli/ws_sorting_final/install/sorting_perception/share/colcon-core/packages/sorting_perception)
[2.173s] Level 1:colcon.colcon_core.environment:checking '/home/rcli/ws_sorting_final/install/sorting_scene' for CMake module files
[2.173s] DEBUG:colcon.colcon_core.event_handler.log_command:Invoked command in '/home/rcli/ws_sorting_final/src/sorting_scene' returned '0': DEBUGINFOD_URLS=https://debuginfod.ubuntu.com PYTHONPATH=/home/rcli/ws_sorting_final/build/sorting_scene/prefix_override:/usr/lib/python3/dist-packages/colcon_core/task/python/colcon_distutils_commands:/home/rcli/ws_sorting_final/install/sorting_scene/lib/python3.12/site-packages:/home/rcli/ws_sorting_final/install/sorting_interfaces/lib/python3.12/site-packages:/home/rcli/ws_sorting_final/install/sorting_scene/lib/python3.12/site-packages:/home/rcli/ws_sorting_final/install/sorting_perception/lib/python3.12/site-packages:/home/rcli/ws_sorting_final/install/sorting_orchestrator/lib/python3.12/site-packages:/home/rcli/ws_sorting_final/install/sorting_executor_py/lib/python3.12/site-packages:/home/rcli/ws_sorting_final/install/sorting_gazebo/lib/python3.12/site-packages:/home/rcli/ws_sorting_final/install/sorting_bringup/lib/python3.12/site-packages:/opt/ros/jazzy/lib/python3.12/site-packages /usr/bin/python3 -W ignore:setup.py install is deprecated -W ignore:easy_install command is deprecated setup.py egg_info --egg-base ../../build/sorting_scene build --build-base /home/rcli/ws_sorting_final/build/sorting_scene/build install --record /home/rcli/ws_sorting_final/build/sorting_scene/install.log --single-version-externally-managed install_data
[2.173s] Level 1:colcon.colcon_core.environment:checking '/home/rcli/ws_sorting_final/install/sorting_scene' for CMake config files
[2.174s] Level 1:colcon.colcon_core.environment:checking '/home/rcli/ws_sorting_final/install/sorting_scene/lib'
[2.174s] Level 1:colcon.colcon_core.environment:checking '/home/rcli/ws_sorting_final/install/sorting_scene/bin'
[2.174s] Level 1:colcon.colcon_core.environment:checking '/home/rcli/ws_sorting_final/install/sorting_scene/lib/pkgconfig/sorting_scene.pc'
[2.174s] Level 1:colcon.colcon_core.environment:checking '/home/rcli/ws_sorting_final/install/sorting_scene/lib/python3.12/site-packages'
[2.174s] Level 1:colcon.colcon_core.shell:create_environment_hook('sorting_scene', 'pythonpath')
[2.174s] INFO:colcon.colcon_core.shell:Creating environment hook '/home/rcli/ws_sorting_final/install/sorting_scene/share/sorting_scene/hook/pythonpath.ps1'
[2.174s] INFO:colcon.colcon_core.shell:Creating environment descriptor '/home/rcli/ws_sorting_final/install/sorting_scene/share/sorting_scene/hook/pythonpath.dsv'
[2.174s] INFO:colcon.colcon_core.shell:Creating environment hook '/home/rcli/ws_sorting_final/install/sorting_scene/share/sorting_scene/hook/pythonpath.sh'
[2.175s] Level 1:colcon.colcon_core.environment:checking '/home/rcli/ws_sorting_final/install/sorting_scene/bin'
[2.175s] Level 1:colcon.colcon_core.environment:create_environment_scripts_only(sorting_scene)
[2.175s] INFO:colcon.colcon_core.shell:Creating package script '/home/rcli/ws_sorting_final/install/sorting_scene/share/sorting_scene/package.ps1'
[2.175s] INFO:colcon.colcon_core.shell:Creating package descriptor '/home/rcli/ws_sorting_final/install/sorting_scene/share/sorting_scene/package.dsv'
[2.175s] INFO:colcon.colcon_core.shell:Creating package script '/home/rcli/ws_sorting_final/install/sorting_scene/share/sorting_scene/package.sh'
[2.176s] INFO:colcon.colcon_core.shell:Creating package script '/home/rcli/ws_sorting_final/install/sorting_scene/share/sorting_scene/package.bash'
[2.176s] INFO:colcon.colcon_core.shell:Creating package script '/home/rcli/ws_sorting_final/install/sorting_scene/share/sorting_scene/package.zsh'
[2.176s] Level 1:colcon.colcon_core.environment:create_file_with_runtime_dependencies(/home/rcli/ws_sorting_final/install/sorting_scene/share/colcon-core/packages/sorting_scene)
[2.176s] DEBUG:colcon.colcon_parallel_executor.executor.parallel:closing loop
[2.176s] DEBUG:colcon.colcon_parallel_executor.executor.parallel:loop closed
[2.176s] DEBUG:colcon.colcon_parallel_executor.executor.parallel:run_until_complete finished with '0'
[2.176s] DEBUG:colcon.colcon_core.event_reactor:joining thread
[2.181s] INFO:colcon.colcon_core.plugin_system:Skipping extension 'colcon_notification.desktop_notification.terminal_notifier': Not used on non-Darwin systems
[2.181s] INFO:colcon.colcon_core.plugin_system:Skipping extension 'colcon_notification.desktop_notification.win32': Not used on non-Windows systems
[2.181s] INFO:colcon.colcon_notification.desktop_notification:Sending desktop notification using 'notify2'
[2.189s] DEBUG:colcon.colcon_core.event_reactor:joined thread
[2.189s] INFO:colcon.colcon_core.shell:Creating prefix script '/home/rcli/ws_sorting_final/install/local_setup.ps1'
[2.190s] INFO:colcon.colcon_core.shell:Creating prefix util module '/home/rcli/ws_sorting_final/install/_local_setup_util_ps1.py'
[2.190s] INFO:colcon.colcon_core.shell:Creating prefix chain script '/home/rcli/ws_sorting_final/install/setup.ps1'
[2.191s] INFO:colcon.colcon_core.shell:Creating prefix script '/home/rcli/ws_sorting_final/install/local_setup.sh'
[2.191s] INFO:colcon.colcon_core.shell:Creating prefix util module '/home/rcli/ws_sorting_final/install/_local_setup_util_sh.py'
[2.191s] INFO:colcon.colcon_core.shell:Creating prefix chain script '/home/rcli/ws_sorting_final/install/setup.sh'
[2.192s] INFO:colcon.colcon_core.shell:Creating prefix script '/home/rcli/ws_sorting_final/install/local_setup.bash'
[2.192s] INFO:colcon.colcon_core.shell:Creating prefix chain script '/home/rcli/ws_sorting_final/install/setup.bash'
[2.192s] INFO:colcon.colcon_core.shell:Creating prefix script '/home/rcli/ws_sorting_final/install/local_setup.zsh'
[2.193s] INFO:colcon.colcon_core.shell:Creating prefix chain script '/home/rcli/ws_sorting_final/install/setup.zsh'
