-- The C compiler identification is GNU 13.3.0
-- The CXX compiler identification is GNU 13.3.0
-- Detecting C compiler ABI info
-- Detecting C compiler ABI info - done
-- Check for working C compiler: /usr/bin/cc - skipped
-- Detecting C compile features
-- Detecting C compile features - done
-- Detecting CXX compiler ABI info
-- Detecting CXX compiler ABI info - done
-- Check for working CXX compiler: /usr/bin/c++ - skipped
-- Detecting CXX compile features
-- Detecting CXX compile features - done
-- Found ament_cmake: 2.5.5 (/opt/ros/jazzy/share/ament_cmake/cmake)
-- Found Python3: /usr/bin/python3 (found version "3.12.3") found components: Interpreter 
-- Found rosidl_default_generators: 1.6.0 (/opt/ros/jazzy/share/rosidl_default_generators/cmake)
-- Using all available rosidl_typesupport_c: rosidl_typesupport_fastrtps_c;rosidl_typesupport_introspection_c
-- Using all available rosidl_typesupport_cpp: rosidl_typesupport_fastrtps_cpp;rosidl_typesupport_introspection_cpp
-- Found rosidl_adapter: 4.6.7 (/opt/ros/jazzy/share/rosidl_adapter/cmake)
-- Found std_msgs: 5.3.6 (/opt/ros/jazzy/share/std_msgs/cmake)
-- Found geometry_msgs: 5.3.6 (/opt/ros/jazzy/share/geometry_msgs/cmake)
-- Found ament_cmake_ros: 0.12.0 (/opt/ros/jazzy/share/ament_cmake_ros/cmake)
-- Using all available rosidl_typesupport_c: rosidl_typesupport_fastrtps_c;rosidl_typesupport_introspection_c
-- Using all available rosidl_typesupport_cpp: rosidl_typesupport_fastrtps_cpp;rosidl_typesupport_introspection_cpp
-- Found python_cmake_module: 0.11.1 (/opt/ros/jazzy/share/python_cmake_module/cmake)
-- Found PythonExtra: /usr/bin/python3  
-- Found Python3: /usr/bin/python3 (found version "3.12.3") found components: Interpreter Development NumPy Development.Module Development.Embed 
-- Configuring done (2.6s)
-- Generating done (0.0s)
-- Build files have been written to: /home/rcli/ws_sorting_final/build/sorting_interfaces
[  1%] [34m[1mGenerating type hashes for ROS interfaces[0m
[  1%] Built target ament_cmake_python_copy_sorting_interfaces
running egg_info
creating sorting_interfaces.egg-info
[  1%] Built target sorting_interfaces__rosidl_generator_type_description
writing sorting_interfaces.egg-info/PKG-INFO
writing dependency_links to sorting_interfaces.egg-info/dependency_links.txt
writing top-level names to sorting_interfaces.egg-info/top_level.txt
writing manifest file 'sorting_interfaces.egg-info/SOURCES.txt'
[  3%] [34m[1mGenerating C code for ROS interfaces[0m
[  4%] [34m[1mGenerating C++ code for ROS interfaces[0m
reading manifest file 'sorting_interfaces.egg-info/SOURCES.txt'
writing manifest file 'sorting_interfaces.egg-info/SOURCES.txt'
[  4%] Built target ament_cmake_python_build_sorting_interfaces_egg
[  4%] Built target sorting_interfaces__cpp
[ 12%] [32mBuilding C object CMakeFiles/sorting_interfaces__rosidl_generator_c.dir/rosidl_generator_c/sorting_interfaces/msg/detail/detected_object_array__functions.c.o[0m
[ 12%] [32mBuilding C object CMakeFiles/sorting_interfaces__rosidl_generator_c.dir/rosidl_generator_c/sorting_interfaces/msg/detail/sort_task__functions.c.o[0m
[ 12%] [32mBuilding C object CMakeFiles/sorting_interfaces__rosidl_generator_c.dir/rosidl_generator_c/sorting_interfaces/msg/detail/detected_object_array__description.c.o[0m
[ 12%] [32mBuilding C object CMakeFiles/sorting_interfaces__rosidl_generator_c.dir/rosidl_generator_c/sorting_interfaces/msg/detail/sort_task__type_support.c.o[0m
[ 12%] [32mBuilding C object CMakeFiles/sorting_interfaces__rosidl_generator_c.dir/rosidl_generator_c/sorting_interfaces/msg/detail/sort_task__description.c.o[0m
[ 14%] [32mBuilding C object CMakeFiles/sorting_interfaces__rosidl_generator_c.dir/rosidl_generator_c/sorting_interfaces/msg/detail/execution_status__type_support.c.o[0m
[ 15%] [32mBuilding C object CMakeFiles/sorting_interfaces__rosidl_generator_c.dir/rosidl_generator_c/sorting_interfaces/msg/detail/execution_status__functions.c.o[0m
[ 17%] [32mBuilding C object CMakeFiles/sorting_interfaces__rosidl_generator_c.dir/rosidl_generator_c/sorting_interfaces/msg/detail/detected_object__functions.c.o[0m
[ 18%] [32mBuilding C object CMakeFiles/sorting_interfaces__rosidl_generator_c.dir/rosidl_generator_c/sorting_interfaces/msg/detail/detected_object_array__type_support.c.o[0m
[ 21%] [32mBuilding C object CMakeFiles/sorting_interfaces__rosidl_generator_c.dir/rosidl_generator_c/sorting_interfaces/msg/detail/execution_status__description.c.o[0m
[ 21%] [32mBuilding C object CMakeFiles/sorting_interfaces__rosidl_generator_c.dir/rosidl_generator_c/sorting_interfaces/msg/detail/detected_object__description.c.o[0m
[ 23%] [32mBuilding C object CMakeFiles/sorting_interfaces__rosidl_generator_c.dir/rosidl_generator_c/sorting_interfaces/msg/detail/detected_object__type_support.c.o[0m
[ 25%] [32m[1mLinking C shared library libsorting_interfaces__rosidl_generator_c.so[0m
[ 25%] Built target sorting_interfaces__rosidl_generator_c
[ 26%] [34m[1mGenerating C++ type support for eProsima Fast-RTPS[0m
[ 31%] [34m[1mGenerating C type support for eProsima Fast-RTPS[0m
[ 31%] [34m[1mGenerating C++ introspection for ROS interfaces[0m
[ 31%] [34m[1mGenerating C type support dispatch for ROS interfaces[0m
[ 32%] [34m[1mGenerating C++ type support dispatch for ROS interfaces[0m
[ 34%] [34m[1mGenerating C introspection for ROS interfaces[0m
[ 35%] [32mBuilding CXX object CMakeFiles/sorting_interfaces__rosidl_typesupport_c.dir/rosidl_typesupport_c/sorting_interfaces/msg/sort_task__type_support.cpp.o[0m
[ 39%] [32mBuilding CXX object CMakeFiles/sorting_interfaces__rosidl_typesupport_c.dir/rosidl_typesupport_c/sorting_interfaces/msg/execution_status__type_support.cpp.o[0m
[ 39%] [32mBuilding CXX object CMakeFiles/sorting_interfaces__rosidl_typesupport_c.dir/rosidl_typesupport_c/sorting_interfaces/msg/detected_object_array__type_support.cpp.o[0m
[ 40%] [32mBuilding CXX object CMakeFiles/sorting_interfaces__rosidl_typesupport_c.dir/rosidl_typesupport_c/sorting_interfaces/msg/detected_object__type_support.cpp.o[0m
[ 42%] [32mBuilding CXX object CMakeFiles/sorting_interfaces__rosidl_typesupport_cpp.dir/rosidl_typesupport_cpp/sorting_interfaces/msg/detected_object_array__type_support.cpp.o[0m
[ 43%] [32mBuilding CXX object CMakeFiles/sorting_interfaces__rosidl_typesupport_cpp.dir/rosidl_typesupport_cpp/sorting_interfaces/msg/execution_status__type_support.cpp.o[0m
[ 45%] [32mBuilding CXX object CMakeFiles/sorting_interfaces__rosidl_typesupport_cpp.dir/rosidl_typesupport_cpp/sorting_interfaces/msg/detected_object__type_support.cpp.o[0m
[ 46%] [32mBuilding CXX object CMakeFiles/sorting_interfaces__rosidl_typesupport_cpp.dir/rosidl_typesupport_cpp/sorting_interfaces/msg/sort_task__type_support.cpp.o[0m
[ 48%] [32mBuilding CXX object CMakeFiles/sorting_interfaces__rosidl_typesupport_introspection_cpp.dir/rosidl_typesupport_introspection_cpp/sorting_interfaces/msg/detail/detected_object_array__type_support.cpp.o[0m
[ 50%] [32mBuilding CXX object CMakeFiles/sorting_interfaces__rosidl_typesupport_introspection_cpp.dir/rosidl_typesupport_introspection_cpp/sorting_interfaces/msg/detail/execution_status__type_support.cpp.o[0m
[ 51%] [32mBuilding CXX object CMakeFiles/sorting_interfaces__rosidl_typesupport_introspection_cpp.dir/rosidl_typesupport_introspection_cpp/sorting_interfaces/msg/detail/detected_object__type_support.cpp.o[0m
[ 53%] [32mBuilding CXX object CMakeFiles/sorting_interfaces__rosidl_typesupport_introspection_cpp.dir/rosidl_typesupport_introspection_cpp/sorting_interfaces/msg/detail/sort_task__type_support.cpp.o[0m
[ 57%] [32mBuilding C object CMakeFiles/sorting_interfaces__rosidl_typesupport_introspection_c.dir/rosidl_typesupport_introspection_c/sorting_interfaces/msg/detail/execution_status__type_support.c.o[0m
[ 57%] [32mBuilding C object CMakeFiles/sorting_interfaces__rosidl_typesupport_introspection_c.dir/rosidl_typesupport_introspection_c/sorting_interfaces/msg/detail/detected_object_array__type_support.c.o[0m
[ 57%] [32mBuilding C object CMakeFiles/sorting_interfaces__rosidl_typesupport_introspection_c.dir/rosidl_typesupport_introspection_c/sorting_interfaces/msg/detail/detected_object__type_support.c.o[0m
[ 59%] [32mBuilding C object CMakeFiles/sorting_interfaces__rosidl_typesupport_introspection_c.dir/rosidl_typesupport_introspection_c/sorting_interfaces/msg/detail/sort_task__type_support.c.o[0m
[ 60%] [32m[1mLinking CXX shared library libsorting_interfaces__rosidl_typesupport_c.so[0m
[ 64%] [32mBuilding CXX object CMakeFiles/sorting_interfaces__rosidl_typesupport_fastrtps_cpp.dir/rosidl_typesupport_fastrtps_cpp/sorting_interfaces/msg/detail/dds_fastrtps/detected_object__type_support.cpp.o[0m
[ 64%] [32mBuilding CXX object CMakeFiles/sorting_interfaces__rosidl_typesupport_fastrtps_cpp.dir/rosidl_typesupport_fastrtps_cpp/sorting_interfaces/msg/detail/dds_fastrtps/detected_object_array__type_support.cpp.o[0m
[ 65%] [32mBuilding CXX object CMakeFiles/sorting_interfaces__rosidl_typesupport_fastrtps_cpp.dir/rosidl_typesupport_fastrtps_cpp/sorting_interfaces/msg/detail/dds_fastrtps/sort_task__type_support.cpp.o[0m
[ 67%] [32mBuilding CXX object CMakeFiles/sorting_interfaces__rosidl_typesupport_fastrtps_cpp.dir/rosidl_typesupport_fastrtps_cpp/sorting_interfaces/msg/detail/dds_fastrtps/execution_status__type_support.cpp.o[0m
[ 68%] [32mBuilding CXX object CMakeFiles/sorting_interfaces__rosidl_typesupport_fastrtps_c.dir/rosidl_typesupport_fastrtps_c/sorting_interfaces/msg/detail/sort_task__type_support_c.cpp.o[0m
[ 70%] [32mBuilding CXX object CMakeFiles/sorting_interfaces__rosidl_typesupport_fastrtps_c.dir/rosidl_typesupport_fastrtps_c/sorting_interfaces/msg/detail/detected_object_array__type_support_c.cpp.o[0m
[ 71%] [32mBuilding CXX object CMakeFiles/sorting_interfaces__rosidl_typesupport_fastrtps_c.dir/rosidl_typesupport_fastrtps_c/sorting_interfaces/msg/detail/execution_status__type_support_c.cpp.o[0m
[ 73%] [32mBuilding CXX object CMakeFiles/sorting_interfaces__rosidl_typesupport_fastrtps_c.dir/rosidl_typesupport_fastrtps_c/sorting_interfaces/msg/detail/detected_object__type_support_c.cpp.o[0m
[ 75%] [32m[1mLinking C shared library libsorting_interfaces__rosidl_typesupport_introspection_c.so[0m
[ 75%] Built target sorting_interfaces__rosidl_typesupport_c
[ 75%] Built target sorting_interfaces__rosidl_typesupport_introspection_c
[ 76%] [32m[1mLinking CXX shared library libsorting_interfaces__rosidl_typesupport_introspection_cpp.so[0m
[ 78%] [32m[1mLinking CXX shared library libsorting_interfaces__rosidl_typesupport_cpp.so[0m
[ 78%] Built target sorting_interfaces__rosidl_typesupport_cpp
[ 78%] Built target sorting_interfaces__rosidl_typesupport_introspection_cpp
[ 79%] [32m[1mLinking CXX shared library libsorting_interfaces__rosidl_typesupport_fastrtps_c.so[0m
[ 81%] [32m[1mLinking CXX shared library libsorting_interfaces__rosidl_typesupport_fastrtps_cpp.so[0m
[ 81%] Built target sorting_interfaces__rosidl_typesupport_fastrtps_cpp
[ 81%] Built target sorting_interfaces__rosidl_typesupport_fastrtps_c
[ 81%] Built target sorting_interfaces
[ 82%] [34m[1mGenerating Python code for ROS interfaces[0m
[ 82%] Built target sorting_interfaces__py
[ 84%] [32mBuilding C object CMakeFiles/sorting_interfaces__rosidl_generator_py.dir/rosidl_generator_py/sorting_interfaces/msg/_detected_object_s.c.o[0m
[ 89%] [32mBuilding C object CMakeFiles/sorting_interfaces__rosidl_generator_py.dir/rosidl_generator_py/sorting_interfaces/msg/_detected_object_array_s.c.o[0m
[ 89%] [32mBuilding C object CMakeFiles/sorting_interfaces__rosidl_generator_py.dir/rosidl_generator_py/sorting_interfaces/msg/_sort_task_s.c.o[0m
[ 89%] [32mBuilding C object CMakeFiles/sorting_interfaces__rosidl_generator_py.dir/rosidl_generator_py/sorting_interfaces/msg/_execution_status_s.c.o[0m
[ 90%] [32m[1mLinking C shared library libsorting_interfaces__rosidl_generator_py.so[0m
[ 90%] Built target sorting_interfaces__rosidl_generator_py
[ 92%] [32mBuilding C object CMakeFiles/sorting_interfaces_s__rosidl_typesupport_c.dir/rosidl_generator_py/sorting_interfaces/_sorting_interfaces_s.ep.rosidl_typesupport_c.c.o[0m
[ 95%] [32mBuilding C object CMakeFiles/sorting_interfaces_s__rosidl_typesupport_fastrtps_c.dir/rosidl_generator_py/sorting_interfaces/_sorting_interfaces_s.ep.rosidl_typesupport_fastrtps_c.c.o[0m
[ 95%] [32mBuilding C object CMakeFiles/sorting_interfaces_s__rosidl_typesupport_introspection_c.dir/rosidl_generator_py/sorting_interfaces/_sorting_interfaces_s.ep.rosidl_typesupport_introspection_c.c.o[0m
[ 96%] [32m[1mLinking C shared module rosidl_generator_py/sorting_interfaces/sorting_interfaces_s__rosidl_typesupport_c.so[0m
[ 98%] [32m[1mLinking C shared module rosidl_generator_py/sorting_interfaces/sorting_interfaces_s__rosidl_typesupport_introspection_c.so[0m
[100%] [32m[1mLinking C shared module rosidl_generator_py/sorting_interfaces/sorting_interfaces_s__rosidl_typesupport_fastrtps_c.so[0m
[100%] Built target sorting_interfaces_s__rosidl_typesupport_c
[100%] Built target sorting_interfaces_s__rosidl_typesupport_fastrtps_c
[100%] Built target sorting_interfaces_s__rosidl_typesupport_introspection_c
-- Install configuration: ""
-- Installing: /home/rcli/ws_sorting_final/install/sorting_interfaces/share/ament_index/resource_index/rosidl_interfaces/sorting_interfaces
-- Installing: /home/rcli/ws_sorting_final/install/sorting_interfaces/share/sorting_interfaces/msg/DetectedObject.json
-- Installing: /home/rcli/ws_sorting_final/install/sorting_interfaces/share/sorting_interfaces/msg/DetectedObjectArray.json
-- Installing: /home/rcli/ws_sorting_final/install/sorting_interfaces/share/sorting_interfaces/msg/SortTask.json
-- Installing: /home/rcli/ws_sorting_final/install/sorting_interfaces/share/sorting_interfaces/msg/ExecutionStatus.json
-- Installing: /home/rcli/ws_sorting_final/install/sorting_interfaces/include/sorting_interfaces/sorting_interfaces
-- Installing: /home/rcli/ws_sorting_final/install/sorting_interfaces/include/sorting_interfaces/sorting_interfaces/msg
-- Installing: /home/rcli/ws_sorting_final/install/sorting_interfaces/include/sorting_interfaces/sorting_interfaces/msg/detail
-- Installing: /home/rcli/ws_sorting_final/install/sorting_interfaces/include/sorting_interfaces/sorting_interfaces/msg/detail/detected_object__struct.h
-- Installing: /home/rcli/ws_sorting_final/install/sorting_interfaces/include/sorting_interfaces/sorting_interfaces/msg/detail/detected_object__functions.c
-- Installing: /home/rcli/ws_sorting_final/install/sorting_interfaces/include/sorting_interfaces/sorting_interfaces/msg/detail/detected_object_array__description.c
-- Installing: /home/rcli/ws_sorting_final/install/sorting_interfaces/include/sorting_interfaces/sorting_interfaces/msg/detail/detected_object_array__functions.c
-- Installing: /home/rcli/ws_sorting_final/install/sorting_interfaces/include/sorting_interfaces/sorting_interfaces/msg/detail/detected_object_array__type_support.c
-- Installing: /home/rcli/ws_sorting_final/install/sorting_interfaces/include/sorting_interfaces/sorting_interfaces/msg/detail/detected_object__description.c
-- Installing: /home/rcli/ws_sorting_final/install/sorting_interfaces/include/sorting_interfaces/sorting_interfaces/msg/detail/sort_task__functions.c
-- Installing: /home/rcli/ws_sorting_final/install/sorting_interfaces/include/sorting_interfaces/sorting_interfaces/msg/detail/execution_status__type_support.c
-- Installing: /home/rcli/ws_sorting_final/install/sorting_interfaces/include/sorting_interfaces/sorting_interfaces/msg/detail/execution_status__description.c
-- Installing: /home/rcli/ws_sorting_final/install/sorting_interfaces/include/sorting_interfaces/sorting_interfaces/msg/detail/detected_object__type_support.h
-- Installing: /home/rcli/ws_sorting_final/install/sorting_interfaces/include/sorting_interfaces/sorting_interfaces/msg/detail/sort_task__struct.h
-- Installing: /home/rcli/ws_sorting_final/install/sorting_interfaces/include/sorting_interfaces/sorting_interfaces/msg/detail/sort_task__description.c
-- Installing: /home/rcli/ws_sorting_final/install/sorting_interfaces/include/sorting_interfaces/sorting_interfaces/msg/detail/sort_task__functions.h
-- Installing: /home/rcli/ws_sorting_final/install/sorting_interfaces/include/sorting_interfaces/sorting_interfaces/msg/detail/execution_status__functions.h
-- Installing: /home/rcli/ws_sorting_final/install/sorting_interfaces/include/sorting_interfaces/sorting_interfaces/msg/detail/execution_status__functions.c
-- Installing: /home/rcli/ws_sorting_final/install/sorting_interfaces/include/sorting_interfaces/sorting_interfaces/msg/detail/detected_object_array__functions.h
-- Installing: /home/rcli/ws_sorting_final/install/sorting_interfaces/include/sorting_interfaces/sorting_interfaces/msg/detail/execution_status__struct.h
-- Installing: /home/rcli/ws_sorting_final/install/sorting_interfaces/include/sorting_interfaces/sorting_interfaces/msg/detail/detected_object__functions.h
-- Installing: /home/rcli/ws_sorting_final/install/sorting_interfaces/include/sorting_interfaces/sorting_interfaces/msg/detail/detected_object_array__type_support.h
-- Installing: /home/rcli/ws_sorting_final/install/sorting_interfaces/include/sorting_interfaces/sorting_interfaces/msg/detail/execution_status__type_support.h
-- Installing: /home/rcli/ws_sorting_final/install/sorting_interfaces/include/sorting_interfaces/sorting_interfaces/msg/detail/sort_task__type_support.h
-- Installing: /home/rcli/ws_sorting_final/install/sorting_interfaces/include/sorting_interfaces/sorting_interfaces/msg/detail/sort_task__type_support.c
-- Installing: /home/rcli/ws_sorting_final/install/sorting_interfaces/include/sorting_interfaces/sorting_interfaces/msg/detail/detected_object_array__struct.h
-- Installing: /home/rcli/ws_sorting_final/install/sorting_interfaces/include/sorting_interfaces/sorting_interfaces/msg/detail/detected_object__type_support.c
-- Installing: /home/rcli/ws_sorting_final/install/sorting_interfaces/include/sorting_interfaces/sorting_interfaces/msg/execution_status.h
-- Installing: /home/rcli/ws_sorting_final/install/sorting_interfaces/include/sorting_interfaces/sorting_interfaces/msg/rosidl_generator_c__visibility_control.h
-- Installing: /home/rcli/ws_sorting_final/install/sorting_interfaces/include/sorting_interfaces/sorting_interfaces/msg/sort_task.h
-- Installing: /home/rcli/ws_sorting_final/install/sorting_interfaces/include/sorting_interfaces/sorting_interfaces/msg/detected_object_array.h
-- Installing: /home/rcli/ws_sorting_final/install/sorting_interfaces/include/sorting_interfaces/sorting_interfaces/msg/detected_object.h
-- Installing: /home/rcli/ws_sorting_final/install/sorting_interfaces/share/sorting_interfaces/environment/library_path.sh
-- Installing: /home/rcli/ws_sorting_final/install/sorting_interfaces/share/sorting_interfaces/environment/library_path.dsv
-- Installing: /home/rcli/ws_sorting_final/install/sorting_interfaces/lib/libsorting_interfaces__rosidl_generator_c.so
-- Set non-toolchain portion of runtime path of "/home/rcli/ws_sorting_final/install/sorting_interfaces/lib/libsorting_interfaces__rosidl_generator_c.so" to ""
-- Up-to-date: /home/rcli/ws_sorting_final/install/sorting_interfaces/include/sorting_interfaces/sorting_interfaces
-- Up-to-date: /home/rcli/ws_sorting_final/install/sorting_interfaces/include/sorting_interfaces/sorting_interfaces/msg
-- Up-to-date: /home/rcli/ws_sorting_final/install/sorting_interfaces/include/sorting_interfaces/sorting_interfaces/msg/detail
-- Installing: /home/rcli/ws_sorting_final/install/sorting_interfaces/include/sorting_interfaces/sorting_interfaces/msg/detail/detected_object__rosidl_typesupport_fastrtps_c.h
-- Installing: /home/rcli/ws_sorting_final/install/sorting_interfaces/include/sorting_interfaces/sorting_interfaces/msg/detail/detected_object_array__rosidl_typesupport_fastrtps_c.h
-- Installing: /home/rcli/ws_sorting_final/install/sorting_interfaces/include/sorting_interfaces/sorting_interfaces/msg/detail/execution_status__rosidl_typesupport_fastrtps_c.h
-- Installing: /home/rcli/ws_sorting_final/install/sorting_interfaces/include/sorting_interfaces/sorting_interfaces/msg/detail/sort_task__rosidl_typesupport_fastrtps_c.h
-- Installing: /home/rcli/ws_sorting_final/install/sorting_interfaces/include/sorting_interfaces/sorting_interfaces/msg/rosidl_typesupport_fastrtps_c__visibility_control.h
-- Installing: /home/rcli/ws_sorting_final/install/sorting_interfaces/lib/libsorting_interfaces__rosidl_typesupport_fastrtps_c.so
-- Set non-toolchain portion of runtime path of "/home/rcli/ws_sorting_final/install/sorting_interfaces/lib/libsorting_interfaces__rosidl_typesupport_fastrtps_c.so" to ""
-- Up-to-date: /home/rcli/ws_sorting_final/install/sorting_interfaces/include/sorting_interfaces/sorting_interfaces
-- Up-to-date: /home/rcli/ws_sorting_final/install/sorting_interfaces/include/sorting_interfaces/sorting_interfaces/msg
-- Up-to-date: /home/rcli/ws_sorting_final/install/sorting_interfaces/include/sorting_interfaces/sorting_interfaces/msg/detail
-- Installing: /home/rcli/ws_sorting_final/install/sorting_interfaces/include/sorting_interfaces/sorting_interfaces/msg/detail/detected_object_array__type_support.c
-- Installing: /home/rcli/ws_sorting_final/install/sorting_interfaces/include/sorting_interfaces/sorting_interfaces/msg/detail/execution_status__type_support.c
-- Installing: /home/rcli/ws_sorting_final/install/sorting_interfaces/include/sorting_interfaces/sorting_interfaces/msg/detail/detected_object__rosidl_typesupport_introspection_c.h
-- Installing: /home/rcli/ws_sorting_final/install/sorting_interfaces/include/sorting_interfaces/sorting_interfaces/msg/detail/sort_task__rosidl_typesupport_introspection_c.h
-- Installing: /home/rcli/ws_sorting_final/install/sorting_interfaces/include/sorting_interfaces/sorting_interfaces/msg/detail/execution_status__rosidl_typesupport_introspection_c.h
-- Installing: /home/rcli/ws_sorting_final/install/sorting_interfaces/include/sorting_interfaces/sorting_interfaces/msg/detail/detected_object_array__rosidl_typesupport_introspection_c.h
-- Installing: /home/rcli/ws_sorting_final/install/sorting_interfaces/include/sorting_interfaces/sorting_interfaces/msg/detail/sort_task__type_support.c
-- Installing: /home/rcli/ws_sorting_final/install/sorting_interfaces/include/sorting_interfaces/sorting_interfaces/msg/detail/detected_object__type_support.c
-- Installing: /home/rcli/ws_sorting_final/install/sorting_interfaces/include/sorting_interfaces/sorting_interfaces/msg/rosidl_typesupport_introspection_c__visibility_control.h
-- Installing: /home/rcli/ws_sorting_final/install/sorting_interfaces/lib/libsorting_interfaces__rosidl_typesupport_introspection_c.so
-- Set non-toolchain portion of runtime path of "/home/rcli/ws_sorting_final/install/sorting_interfaces/lib/libsorting_interfaces__rosidl_typesupport_introspection_c.so" to ""
-- Installing: /home/rcli/ws_sorting_final/install/sorting_interfaces/lib/libsorting_interfaces__rosidl_typesupport_c.so
-- Set non-toolchain portion of runtime path of "/home/rcli/ws_sorting_final/install/sorting_interfaces/lib/libsorting_interfaces__rosidl_typesupport_c.so" to ""
-- Up-to-date: /home/rcli/ws_sorting_final/install/sorting_interfaces/include/sorting_interfaces/sorting_interfaces
-- Up-to-date: /home/rcli/ws_sorting_final/install/sorting_interfaces/include/sorting_interfaces/sorting_interfaces/msg
-- Up-to-date: /home/rcli/ws_sorting_final/install/sorting_interfaces/include/sorting_interfaces/sorting_interfaces/msg/detail
-- Installing: /home/rcli/ws_sorting_final/install/sorting_interfaces/include/sorting_interfaces/sorting_interfaces/msg/detail/execution_status__struct.hpp
-- Installing: /home/rcli/ws_sorting_final/install/sorting_interfaces/include/sorting_interfaces/sorting_interfaces/msg/detail/sort_task__type_support.hpp
-- Installing: /home/rcli/ws_sorting_final/install/sorting_interfaces/include/sorting_interfaces/sorting_interfaces/msg/detail/sort_task__builder.hpp
-- Installing: /home/rcli/ws_sorting_final/install/sorting_interfaces/include/sorting_interfaces/sorting_interfaces/msg/detail/detected_object_array__type_support.hpp
-- Installing: /home/rcli/ws_sorting_final/install/sorting_interfaces/include/sorting_interfaces/sorting_interfaces/msg/detail/detected_object__traits.hpp
-- Installing: /home/rcli/ws_sorting_final/install/sorting_interfaces/include/sorting_interfaces/sorting_interfaces/msg/detail/detected_object__struct.hpp
-- Installing: /home/rcli/ws_sorting_final/install/sorting_interfaces/include/sorting_interfaces/sorting_interfaces/msg/detail/execution_status__builder.hpp
-- Installing: /home/rcli/ws_sorting_final/install/sorting_interfaces/include/sorting_interfaces/sorting_interfaces/msg/detail/execution_status__type_support.hpp
-- Installing: /home/rcli/ws_sorting_final/install/sorting_interfaces/include/sorting_interfaces/sorting_interfaces/msg/detail/detected_object_array__builder.hpp
-- Installing: /home/rcli/ws_sorting_final/install/sorting_interfaces/include/sorting_interfaces/sorting_interfaces/msg/detail/detected_object_array__traits.hpp
-- Installing: /home/rcli/ws_sorting_final/install/sorting_interfaces/include/sorting_interfaces/sorting_interfaces/msg/detail/detected_object__type_support.hpp
-- Installing: /home/rcli/ws_sorting_final/install/sorting_interfaces/include/sorting_interfaces/sorting_interfaces/msg/detail/detected_object_array__struct.hpp
-- Installing: /home/rcli/ws_sorting_final/install/sorting_interfaces/include/sorting_interfaces/sorting_interfaces/msg/detail/sort_task__traits.hpp
-- Installing: /home/rcli/ws_sorting_final/install/sorting_interfaces/include/sorting_interfaces/sorting_interfaces/msg/detail/execution_status__traits.hpp
-- Installing: /home/rcli/ws_sorting_final/install/sorting_interfaces/include/sorting_interfaces/sorting_interfaces/msg/detail/detected_object__builder.hpp
-- Installing: /home/rcli/ws_sorting_final/install/sorting_interfaces/include/sorting_interfaces/sorting_interfaces/msg/detail/sort_task__struct.hpp
-- Installing: /home/rcli/ws_sorting_final/install/sorting_interfaces/include/sorting_interfaces/sorting_interfaces/msg/detected_object_array.hpp
-- Installing: /home/rcli/ws_sorting_final/install/sorting_interfaces/include/sorting_interfaces/sorting_interfaces/msg/execution_status.hpp
-- Installing: /home/rcli/ws_sorting_final/install/sorting_interfaces/include/sorting_interfaces/sorting_interfaces/msg/detected_object.hpp
-- Installing: /home/rcli/ws_sorting_final/install/sorting_interfaces/include/sorting_interfaces/sorting_interfaces/msg/rosidl_generator_cpp__visibility_control.hpp
-- Installing: /home/rcli/ws_sorting_final/install/sorting_interfaces/include/sorting_interfaces/sorting_interfaces/msg/sort_task.hpp
-- Up-to-date: /home/rcli/ws_sorting_final/install/sorting_interfaces/include/sorting_interfaces/sorting_interfaces
-- Up-to-date: /home/rcli/ws_sorting_final/install/sorting_interfaces/include/sorting_interfaces/sorting_interfaces/msg
-- Installing: /home/rcli/ws_sorting_final/install/sorting_interfaces/include/sorting_interfaces/sorting_interfaces/msg/rosidl_typesupport_fastrtps_cpp__visibility_control.h
-- Up-to-date: /home/rcli/ws_sorting_final/install/sorting_interfaces/include/sorting_interfaces/sorting_interfaces/msg/detail
-- Installing: /home/rcli/ws_sorting_final/install/sorting_interfaces/include/sorting_interfaces/sorting_interfaces/msg/detail/execution_status__rosidl_typesupport_fastrtps_cpp.hpp
-- Installing: /home/rcli/ws_sorting_final/install/sorting_interfaces/include/sorting_interfaces/sorting_interfaces/msg/detail/detected_object__rosidl_typesupport_fastrtps_cpp.hpp
-- Installing: /home/rcli/ws_sorting_final/install/sorting_interfaces/include/sorting_interfaces/sorting_interfaces/msg/detail/sort_task__rosidl_typesupport_fastrtps_cpp.hpp
-- Installing: /home/rcli/ws_sorting_final/install/sorting_interfaces/include/sorting_interfaces/sorting_interfaces/msg/detail/detected_object_array__rosidl_typesupport_fastrtps_cpp.hpp
-- Installing: /home/rcli/ws_sorting_final/install/sorting_interfaces/include/sorting_interfaces/sorting_interfaces/msg/detail/dds_fastrtps
-- Installing: /home/rcli/ws_sorting_final/install/sorting_interfaces/lib/libsorting_interfaces__rosidl_typesupport_fastrtps_cpp.so
-- Set non-toolchain portion of runtime path of "/home/rcli/ws_sorting_final/install/sorting_interfaces/lib/libsorting_interfaces__rosidl_typesupport_fastrtps_cpp.so" to ""
-- Up-to-date: /home/rcli/ws_sorting_final/install/sorting_interfaces/include/sorting_interfaces/sorting_interfaces
-- Up-to-date: /home/rcli/ws_sorting_final/install/sorting_interfaces/include/sorting_interfaces/sorting_interfaces/msg
-- Up-to-date: /home/rcli/ws_sorting_final/install/sorting_interfaces/include/sorting_interfaces/sorting_interfaces/msg/detail
-- Installing: /home/rcli/ws_sorting_final/install/sorting_interfaces/include/sorting_interfaces/sorting_interfaces/msg/detail/execution_status__rosidl_typesupport_introspection_cpp.hpp
-- Installing: /home/rcli/ws_sorting_final/install/sorting_interfaces/include/sorting_interfaces/sorting_interfaces/msg/detail/execution_status__type_support.cpp
-- Installing: /home/rcli/ws_sorting_final/install/sorting_interfaces/include/sorting_interfaces/sorting_interfaces/msg/detail/sort_task__rosidl_typesupport_introspection_cpp.hpp
-- Installing: /home/rcli/ws_sorting_final/install/sorting_interfaces/include/sorting_interfaces/sorting_interfaces/msg/detail/detected_object_array__rosidl_typesupport_introspection_cpp.hpp
-- Installing: /home/rcli/ws_sorting_final/install/sorting_interfaces/include/sorting_interfaces/sorting_interfaces/msg/detail/sort_task__type_support.cpp
-- Installing: /home/rcli/ws_sorting_final/install/sorting_interfaces/include/sorting_interfaces/sorting_interfaces/msg/detail/detected_object_array__type_support.cpp
-- Installing: /home/rcli/ws_sorting_final/install/sorting_interfaces/include/sorting_interfaces/sorting_interfaces/msg/detail/detected_object__type_support.cpp
-- Installing: /home/rcli/ws_sorting_final/install/sorting_interfaces/include/sorting_interfaces/sorting_interfaces/msg/detail/detected_object__rosidl_typesupport_introspection_cpp.hpp
-- Installing: /home/rcli/ws_sorting_final/install/sorting_interfaces/lib/libsorting_interfaces__rosidl_typesupport_introspection_cpp.so
-- Set non-toolchain portion of runtime path of "/home/rcli/ws_sorting_final/install/sorting_interfaces/lib/libsorting_interfaces__rosidl_typesupport_introspection_cpp.so" to ""
-- Installing: /home/rcli/ws_sorting_final/install/sorting_interfaces/lib/libsorting_interfaces__rosidl_typesupport_cpp.so
-- Set non-toolchain portion of runtime path of "/home/rcli/ws_sorting_final/install/sorting_interfaces/lib/libsorting_interfaces__rosidl_typesupport_cpp.so" to ""
-- Installing: /home/rcli/ws_sorting_final/install/sorting_interfaces/share/sorting_interfaces/environment/pythonpath.sh
-- Installing: /home/rcli/ws_sorting_final/install/sorting_interfaces/share/sorting_interfaces/environment/pythonpath.dsv
-- Installing: /home/rcli/ws_sorting_final/install/sorting_interfaces/lib/python3.12/site-packages/sorting_interfaces-0.0.0-py3.12.egg-info
-- Installing: /home/rcli/ws_sorting_final/install/sorting_interfaces/lib/python3.12/site-packages/sorting_interfaces-0.0.0-py3.12.egg-info/top_level.txt
-- Installing: /home/rcli/ws_sorting_final/install/sorting_interfaces/lib/python3.12/site-packages/sorting_interfaces-0.0.0-py3.12.egg-info/PKG-INFO
-- Installing: /home/rcli/ws_sorting_final/install/sorting_interfaces/lib/python3.12/site-packages/sorting_interfaces-0.0.0-py3.12.egg-info/dependency_links.txt
-- Installing: /home/rcli/ws_sorting_final/install/sorting_interfaces/lib/python3.12/site-packages/sorting_interfaces-0.0.0-py3.12.egg-info/SOURCES.txt
-- Installing: /home/rcli/ws_sorting_final/install/sorting_interfaces/lib/python3.12/site-packages/sorting_interfaces
-- Installing: /home/rcli/ws_sorting_final/install/sorting_interfaces/lib/python3.12/site-packages/sorting_interfaces/msg
-- Installing: /home/rcli/ws_sorting_final/install/sorting_interfaces/lib/python3.12/site-packages/sorting_interfaces/msg/_detected_object_array_s.c
-- Installing: /home/rcli/ws_sorting_final/install/sorting_interfaces/lib/python3.12/site-packages/sorting_interfaces/msg/_execution_status.py
-- Installing: /home/rcli/ws_sorting_final/install/sorting_interfaces/lib/python3.12/site-packages/sorting_interfaces/msg/_detected_object.py
-- Installing: /home/rcli/ws_sorting_final/install/sorting_interfaces/lib/python3.12/site-packages/sorting_interfaces/msg/_sort_task_s.c
-- Installing: /home/rcli/ws_sorting_final/install/sorting_interfaces/lib/python3.12/site-packages/sorting_interfaces/msg/_detected_object_array.py
-- Installing: /home/rcli/ws_sorting_final/install/sorting_interfaces/lib/python3.12/site-packages/sorting_interfaces/msg/_detected_object_s.c
-- Installing: /home/rcli/ws_sorting_final/install/sorting_interfaces/lib/python3.12/site-packages/sorting_interfaces/msg/_execution_status_s.c
-- Installing: /home/rcli/ws_sorting_final/install/sorting_interfaces/lib/python3.12/site-packages/sorting_interfaces/msg/__init__.py
-- Installing: /home/rcli/ws_sorting_final/install/sorting_interfaces/lib/python3.12/site-packages/sorting_interfaces/msg/_sort_task.py
-- Installing: /home/rcli/ws_sorting_final/install/sorting_interfaces/lib/python3.12/site-packages/sorting_interfaces/_sorting_interfaces_s.ep.rosidl_typesupport_introspection_c.c
-- Installing: /home/rcli/ws_sorting_final/install/sorting_interfaces/lib/python3.12/site-packages/sorting_interfaces/_sorting_interfaces_s.ep.rosidl_typesupport_fastrtps_c.c
-- Installing: /home/rcli/ws_sorting_final/install/sorting_interfaces/lib/python3.12/site-packages/sorting_interfaces/sorting_interfaces_s__rosidl_typesupport_c.so
-- Installing: /home/rcli/ws_sorting_final/install/sorting_interfaces/lib/python3.12/site-packages/sorting_interfaces/sorting_interfaces_s__rosidl_typesupport_fastrtps_c.so
-- Installing: /home/rcli/ws_sorting_final/install/sorting_interfaces/lib/python3.12/site-packages/sorting_interfaces/sorting_interfaces_s__rosidl_typesupport_introspection_c.so
-- Installing: /home/rcli/ws_sorting_final/install/sorting_interfaces/lib/python3.12/site-packages/sorting_interfaces/__init__.py
-- Installing: /home/rcli/ws_sorting_final/install/sorting_interfaces/lib/python3.12/site-packages/sorting_interfaces/_sorting_interfaces_s.ep.rosidl_typesupport_c.c
Listing '/home/rcli/ws_sorting_final/install/sorting_interfaces/lib/python3.12/site-packages/sorting_interfaces'...
Compiling '/home/rcli/ws_sorting_final/install/sorting_interfaces/lib/python3.12/site-packages/sorting_interfaces/__init__.py'...
Listing '/home/rcli/ws_sorting_final/install/sorting_interfaces/lib/python3.12/site-packages/sorting_interfaces/msg'...
Compiling '/home/rcli/ws_sorting_final/install/sorting_interfaces/lib/python3.12/site-packages/sorting_interfaces/msg/__init__.py'...
Compiling '/home/rcli/ws_sorting_final/install/sorting_interfaces/lib/python3.12/site-packages/sorting_interfaces/msg/_detected_object.py'...
Compiling '/home/rcli/ws_sorting_final/install/sorting_interfaces/lib/python3.12/site-packages/sorting_interfaces/msg/_detected_object_array.py'...
Compiling '/home/rcli/ws_sorting_final/install/sorting_interfaces/lib/python3.12/site-packages/sorting_interfaces/msg/_execution_status.py'...
Compiling '/home/rcli/ws_sorting_final/install/sorting_interfaces/lib/python3.12/site-packages/sorting_interfaces/msg/_sort_task.py'...
-- Installing: /home/rcli/ws_sorting_final/install/sorting_interfaces/lib/python3.12/site-packages/sorting_interfaces/sorting_interfaces_s__rosidl_typesupport_fastrtps_c.so
-- Set non-toolchain portion of runtime path of "/home/rcli/ws_sorting_final/install/sorting_interfaces/lib/python3.12/site-packages/sorting_interfaces/sorting_interfaces_s__rosidl_typesupport_fastrtps_c.so" to ""
-- Installing: /home/rcli/ws_sorting_final/install/sorting_interfaces/lib/python3.12/site-packages/sorting_interfaces/sorting_interfaces_s__rosidl_typesupport_introspection_c.so
-- Set non-toolchain portion of runtime path of "/home/rcli/ws_sorting_final/install/sorting_interfaces/lib/python3.12/site-packages/sorting_interfaces/sorting_interfaces_s__rosidl_typesupport_introspection_c.so" to ""
-- Installing: /home/rcli/ws_sorting_final/install/sorting_interfaces/lib/python3.12/site-packages/sorting_interfaces/sorting_interfaces_s__rosidl_typesupport_c.so
-- Set non-toolchain portion of runtime path of "/home/rcli/ws_sorting_final/install/sorting_interfaces/lib/python3.12/site-packages/sorting_interfaces/sorting_interfaces_s__rosidl_typesupport_c.so" to ""
-- Installing: /home/rcli/ws_sorting_final/install/sorting_interfaces/lib/libsorting_interfaces__rosidl_generator_py.so
-- Set non-toolchain portion of runtime path of "/home/rcli/ws_sorting_final/install/sorting_interfaces/lib/libsorting_interfaces__rosidl_generator_py.so" to ""
-- Installing: /home/rcli/ws_sorting_final/install/sorting_interfaces/share/sorting_interfaces/msg/DetectedObject.idl
-- Installing: /home/rcli/ws_sorting_final/install/sorting_interfaces/share/sorting_interfaces/msg/DetectedObjectArray.idl
-- Installing: /home/rcli/ws_sorting_final/install/sorting_interfaces/share/sorting_interfaces/msg/SortTask.idl
-- Installing: /home/rcli/ws_sorting_final/install/sorting_interfaces/share/sorting_interfaces/msg/ExecutionStatus.idl
-- Installing: /home/rcli/ws_sorting_final/install/sorting_interfaces/share/sorting_interfaces/msg/DetectedObject.msg
-- Installing: /home/rcli/ws_sorting_final/install/sorting_interfaces/share/sorting_interfaces/msg/DetectedObjectArray.msg
-- Installing: /home/rcli/ws_sorting_final/install/sorting_interfaces/share/sorting_interfaces/msg/SortTask.msg
-- Installing: /home/rcli/ws_sorting_final/install/sorting_interfaces/share/sorting_interfaces/msg/ExecutionStatus.msg
-- Installing: /home/rcli/ws_sorting_final/install/sorting_interfaces/share/ament_index/resource_index/package_run_dependencies/sorting_interfaces
-- Installing: /home/rcli/ws_sorting_final/install/sorting_interfaces/share/ament_index/resource_index/parent_prefix_path/sorting_interfaces
-- Installing: /home/rcli/ws_sorting_final/install/sorting_interfaces/share/sorting_interfaces/environment/ament_prefix_path.sh
-- Installing: /home/rcli/ws_sorting_final/install/sorting_interfaces/share/sorting_interfaces/environment/ament_prefix_path.dsv
-- Installing: /home/rcli/ws_sorting_final/install/sorting_interfaces/share/sorting_interfaces/environment/path.sh
-- Installing: /home/rcli/ws_sorting_final/install/sorting_interfaces/share/sorting_interfaces/environment/path.dsv
-- Installing: /home/rcli/ws_sorting_final/install/sorting_interfaces/share/sorting_interfaces/local_setup.bash
-- Installing: /home/rcli/ws_sorting_final/install/sorting_interfaces/share/sorting_interfaces/local_setup.sh
-- Installing: /home/rcli/ws_sorting_final/install/sorting_interfaces/share/sorting_interfaces/local_setup.zsh
-- Installing: /home/rcli/ws_sorting_final/install/sorting_interfaces/share/sorting_interfaces/local_setup.dsv
-- Installing: /home/rcli/ws_sorting_final/install/sorting_interfaces/share/sorting_interfaces/package.dsv
-- Installing: /home/rcli/ws_sorting_final/install/sorting_interfaces/share/ament_index/resource_index/packages/sorting_interfaces
-- Installing: /home/rcli/ws_sorting_final/install/sorting_interfaces/share/sorting_interfaces/cmake/export_sorting_interfaces__rosidl_generator_cExport.cmake
-- Installing: /home/rcli/ws_sorting_final/install/sorting_interfaces/share/sorting_interfaces/cmake/export_sorting_interfaces__rosidl_generator_cExport-noconfig.cmake
-- Installing: /home/rcli/ws_sorting_final/install/sorting_interfaces/share/sorting_interfaces/cmake/export_sorting_interfaces__rosidl_typesupport_fastrtps_cExport.cmake
-- Installing: /home/rcli/ws_sorting_final/install/sorting_interfaces/share/sorting_interfaces/cmake/export_sorting_interfaces__rosidl_typesupport_fastrtps_cExport-noconfig.cmake
-- Installing: /home/rcli/ws_sorting_final/install/sorting_interfaces/share/sorting_interfaces/cmake/sorting_interfaces__rosidl_typesupport_introspection_cExport.cmake
-- Installing: /home/rcli/ws_sorting_final/install/sorting_interfaces/share/sorting_interfaces/cmake/sorting_interfaces__rosidl_typesupport_introspection_cExport-noconfig.cmake
-- Installing: /home/rcli/ws_sorting_final/install/sorting_interfaces/share/sorting_interfaces/cmake/sorting_interfaces__rosidl_typesupport_cExport.cmake
-- Installing: /home/rcli/ws_sorting_final/install/sorting_interfaces/share/sorting_interfaces/cmake/sorting_interfaces__rosidl_typesupport_cExport-noconfig.cmake
-- Installing: /home/rcli/ws_sorting_final/install/sorting_interfaces/share/sorting_interfaces/cmake/export_sorting_interfaces__rosidl_generator_cppExport.cmake
-- Installing: /home/rcli/ws_sorting_final/install/sorting_interfaces/share/sorting_interfaces/cmake/export_sorting_interfaces__rosidl_typesupport_fastrtps_cppExport.cmake
-- Installing: /home/rcli/ws_sorting_final/install/sorting_interfaces/share/sorting_interfaces/cmake/export_sorting_interfaces__rosidl_typesupport_fastrtps_cppExport-noconfig.cmake
-- Installing: /home/rcli/ws_sorting_final/install/sorting_interfaces/share/sorting_interfaces/cmake/sorting_interfaces__rosidl_typesupport_introspection_cppExport.cmake
-- Installing: /home/rcli/ws_sorting_final/install/sorting_interfaces/share/sorting_interfaces/cmake/sorting_interfaces__rosidl_typesupport_introspection_cppExport-noconfig.cmake
-- Installing: /home/rcli/ws_sorting_final/install/sorting_interfaces/share/sorting_interfaces/cmake/sorting_interfaces__rosidl_typesupport_cppExport.cmake
-- Installing: /home/rcli/ws_sorting_final/install/sorting_interfaces/share/sorting_interfaces/cmake/sorting_interfaces__rosidl_typesupport_cppExport-noconfig.cmake
-- Installing: /home/rcli/ws_sorting_final/install/sorting_interfaces/share/sorting_interfaces/cmake/export_sorting_interfaces__rosidl_generator_pyExport.cmake
-- Installing: /home/rcli/ws_sorting_final/install/sorting_interfaces/share/sorting_interfaces/cmake/export_sorting_interfaces__rosidl_generator_pyExport-noconfig.cmake
-- Installing: /home/rcli/ws_sorting_final/install/sorting_interfaces/share/sorting_interfaces/cmake/rosidl_cmake-extras.cmake
-- Installing: /home/rcli/ws_sorting_final/install/sorting_interfaces/share/sorting_interfaces/cmake/ament_cmake_export_dependencies-extras.cmake
-- Installing: /home/rcli/ws_sorting_final/install/sorting_interfaces/share/sorting_interfaces/cmake/ament_cmake_export_include_directories-extras.cmake
-- Installing: /home/rcli/ws_sorting_final/install/sorting_interfaces/share/sorting_interfaces/cmake/ament_cmake_export_libraries-extras.cmake
-- Installing: /home/rcli/ws_sorting_final/install/sorting_interfaces/share/sorting_interfaces/cmake/ament_cmake_export_targets-extras.cmake
-- Installing: /home/rcli/ws_sorting_final/install/sorting_interfaces/share/sorting_interfaces/cmake/rosidl_cmake_export_typesupport_targets-extras.cmake
-- Installing: /home/rcli/ws_sorting_final/install/sorting_interfaces/share/sorting_interfaces/cmake/rosidl_cmake_export_typesupport_libraries-extras.cmake
-- Installing: /home/rcli/ws_sorting_final/install/sorting_interfaces/share/sorting_interfaces/cmake/sorting_interfacesConfig.cmake
-- Installing: /home/rcli/ws_sorting_final/install/sorting_interfaces/share/sorting_interfaces/cmake/sorting_interfacesConfig-version.cmake
-- Installing: /home/rcli/ws_sorting_final/install/sorting_interfaces/share/sorting_interfaces/package.xml
