[3.568s] Invoking command in '/home/rcli/ws_sorting_final/src/sorting_perception': DEBUGINFOD_URLS=https://debuginfod.ubuntu.com PYTHONPATH=/home/rcli/ws_sorting_final/build/sorting_perception/prefix_override:/usr/lib/python3/dist-packages/colcon_core/task/python/colcon_distutils_commands:/home/rcli/ws_sorting_final/install/sorting_perception/lib/python3.12/site-packages:/home/rcli/ws_sorting_final/install/sorting_interfaces/lib/python3.12/site-packages:/home/rcli/ws_sorting_final/install/sorting_scene/lib/python3.12/site-packages:/home/rcli/ws_sorting_final/install/sorting_perception/lib/python3.12/site-packages:/home/rcli/ws_sorting_final/install/sorting_orchestrator/lib/python3.12/site-packages:/home/rcli/ws_sorting_final/install/sorting_executor_py/lib/python3.12/site-packages:/home/rcli/ws_sorting_final/install/sorting_gazebo/lib/python3.12/site-packages:/home/rcli/ws_sorting_final/install/sorting_bringup/lib/python3.12/site-packages:/opt/ros/jazzy/lib/python3.12/site-packages /usr/bin/python3 -W ignore:setup.py install is deprecated -W ignore:easy_install command is deprecated setup.py egg_info --egg-base ../../build/sorting_perception build --build-base /home/rcli/ws_sorting_final/build/sorting_perception/build install --record /home/rcli/ws_sorting_final/build/sorting_perception/install.log --single-version-externally-managed install_data
[4.593s] running egg_info
[4.669s] writing ../../build/sorting_perception/sorting_perception.egg-info/PKG-INFO
[4.670s] writing dependency_links to ../../build/sorting_perception/sorting_perception.egg-info/dependency_links.txt
[4.670s] writing entry points to ../../build/sorting_perception/sorting_perception.egg-info/entry_points.txt
[4.671s] writing requirements to ../../build/sorting_perception/sorting_perception.egg-info/requires.txt
[4.671s] writing top-level names to ../../build/sorting_perception/sorting_perception.egg-info/top_level.txt
[4.815s] reading manifest file '../../build/sorting_perception/sorting_perception.egg-info/SOURCES.txt'
[4.816s] adding license file 'LICENSE'
[4.817s] writing manifest file '../../build/sorting_perception/sorting_perception.egg-info/SOURCES.txt'
[4.818s] running build
[4.818s] running build_py
[4.819s] copying sorting_perception/real_perception.py -> /home/rcli/ws_sorting_final/build/sorting_perception/build/lib/sorting_perception
[4.819s] running install
[4.844s] running install_lib
[4.916s] copying /home/rcli/ws_sorting_final/build/sorting_perception/build/lib/sorting_perception/real_perception.py -> /home/rcli/ws_sorting_final/install/sorting_perception/lib/python3.12/site-packages/sorting_perception
[4.918s] byte-compiling /home/rcli/ws_sorting_final/install/sorting_perception/lib/python3.12/site-packages/sorting_perception/real_perception.py to real_perception.cpython-312.pyc
[4.922s] running install_data
[4.923s] running install_egg_info
[5.003s] removing '/home/rcli/ws_sorting_final/install/sorting_perception/lib/python3.12/site-packages/sorting_perception-0.0.0-py3.12.egg-info' (and everything under it)
[5.003s] Copying ../../build/sorting_perception/sorting_perception.egg-info to /home/rcli/ws_sorting_final/install/sorting_perception/lib/python3.12/site-packages/sorting_perception-0.0.0-py3.12.egg-info
[5.006s] running install_scripts
[5.504s] Installing real_perception script to /home/rcli/ws_sorting_final/install/sorting_perception/lib/sorting_perception
[5.505s] writing list of installed files to '/home/rcli/ws_sorting_final/build/sorting_perception/install.log'
[5.580s] Invoked command in '/home/rcli/ws_sorting_final/src/sorting_perception' returned '0': DEBUGINFOD_URLS=https://debuginfod.ubuntu.com PYTHONPATH=/home/rcli/ws_sorting_final/build/sorting_perception/prefix_override:/usr/lib/python3/dist-packages/colcon_core/task/python/colcon_distutils_commands:/home/rcli/ws_sorting_final/install/sorting_perception/lib/python3.12/site-packages:/home/rcli/ws_sorting_final/install/sorting_interfaces/lib/python3.12/site-packages:/home/rcli/ws_sorting_final/install/sorting_scene/lib/python3.12/site-packages:/home/rcli/ws_sorting_final/install/sorting_perception/lib/python3.12/site-packages:/home/rcli/ws_sorting_final/install/sorting_orchestrator/lib/python3.12/site-packages:/home/rcli/ws_sorting_final/install/sorting_executor_py/lib/python3.12/site-packages:/home/rcli/ws_sorting_final/install/sorting_gazebo/lib/python3.12/site-packages:/home/rcli/ws_sorting_final/install/sorting_bringup/lib/python3.12/site-packages:/opt/ros/jazzy/lib/python3.12/site-packages /usr/bin/python3 -W ignore:setup.py install is deprecated -W ignore:easy_install command is deprecated setup.py egg_info --egg-base ../../build/sorting_perception build --build-base /home/rcli/ws_sorting_final/build/sorting_perception/build install --record /home/rcli/ws_sorting_final/build/sorting_perception/install.log --single-version-externally-managed install_data
