[0.975s] Invoking command in '/home/rcli/ws_sorting_final/src/sorting_scene': AMENT_PREFIX_PATH=/home/rcli/ws_sorting_final/install/sorting_interfaces:${AMENT_PREFIX_PATH} CMAKE_PREFIX_PATH=/home/rcli/ws_sorting_final/install/sorting_interfaces:${CMAKE_PREFIX_PATH} DEBUGINFOD_URLS=https://debuginfod.ubuntu.com LD_LIBRARY_PATH=/home/rcli/ws_sorting_final/install/sorting_interfaces/lib:${LD_LIBRARY_PATH} PYTHONPATH=/home/rcli/ws_sorting_final/build/sorting_scene/prefix_override:/usr/lib/python3/dist-packages/colcon_core/task/python/colcon_distutils_commands:/home/rcli/ws_sorting_final/install/sorting_scene/lib/python3.12/site-packages:/home/rcli/ws_sorting_final/install/sorting_interfaces/lib/python3.12/site-packages:${PYTHONPATH} /usr/bin/python3 -W ignore:setup.py install is deprecated -W ignore:easy_install command is deprecated setup.py egg_info --egg-base ../../build/sorting_scene build --build-base /home/rcli/ws_sorting_final/build/sorting_scene/build install --record /home/rcli/ws_sorting_final/build/sorting_scene/install.log --single-version-externally-managed install_data
[1.175s] running egg_info
[1.175s] creating ../../build/sorting_scene/sorting_scene.egg-info
[1.187s] writing ../../build/sorting_scene/sorting_scene.egg-info/PKG-INFO
[1.187s] writing dependency_links to ../../build/sorting_scene/sorting_scene.egg-info/dependency_links.txt
[1.187s] writing requirements to ../../build/sorting_scene/sorting_scene.egg-info/requires.txt
[1.187s] writing top-level names to ../../build/sorting_scene/sorting_scene.egg-info/top_level.txt
[1.187s] writing manifest file '../../build/sorting_scene/sorting_scene.egg-info/SOURCES.txt'
[1.213s] reading manifest file '../../build/sorting_scene/sorting_scene.egg-info/SOURCES.txt'
[1.213s] adding license file 'LICENSE'
[1.213s] writing manifest file '../../build/sorting_scene/sorting_scene.egg-info/SOURCES.txt'
[1.213s] running build
[1.213s] running build_py
[1.214s] creating /home/rcli/ws_sorting_final/build/sorting_scene/build
[1.214s] creating /home/rcli/ws_sorting_final/build/sorting_scene/build/lib
[1.214s] creating /home/rcli/ws_sorting_final/build/sorting_scene/build/lib/sorting_scene
[1.214s] copying sorting_scene/__init__.py -> /home/rcli/ws_sorting_final/build/sorting_scene/build/lib/sorting_scene
[1.214s] running install
[1.219s] running install_lib
[1.232s] creating /home/rcli/ws_sorting_final/install/sorting_scene/lib/python3.12/site-packages/sorting_scene
[1.232s] copying /home/rcli/ws_sorting_final/build/sorting_scene/build/lib/sorting_scene/__init__.py -> /home/rcli/ws_sorting_final/install/sorting_scene/lib/python3.12/site-packages/sorting_scene
[1.233s] byte-compiling /home/rcli/ws_sorting_final/install/sorting_scene/lib/python3.12/site-packages/sorting_scene/__init__.py to __init__.cpython-312.pyc
[1.233s] running install_data
[1.233s] creating /home/rcli/ws_sorting_final/install/sorting_scene/share/ament_index
[1.233s] creating /home/rcli/ws_sorting_final/install/sorting_scene/share/ament_index/resource_index
[1.233s] creating /home/rcli/ws_sorting_final/install/sorting_scene/share/ament_index/resource_index/packages
[1.233s] copying resource/sorting_scene -> /home/rcli/ws_sorting_final/install/sorting_scene/share/ament_index/resource_index/packages
[1.233s] copying package.xml -> /home/rcli/ws_sorting_final/install/sorting_scene/share/sorting_scene
[1.233s] running install_egg_info
[1.247s] Copying ../../build/sorting_scene/sorting_scene.egg-info to /home/rcli/ws_sorting_final/install/sorting_scene/lib/python3.12/site-packages/sorting_scene-0.0.0-py3.12.egg-info
[1.247s] running install_scripts
[1.334s] writing list of installed files to '/home/rcli/ws_sorting_final/build/sorting_scene/install.log'
[1.363s] Invoked command in '/home/rcli/ws_sorting_final/src/sorting_scene' returned '0': AMENT_PREFIX_PATH=/home/rcli/ws_sorting_final/install/sorting_interfaces:${AMENT_PREFIX_PATH} CMAKE_PREFIX_PATH=/home/rcli/ws_sorting_final/install/sorting_interfaces:${CMAKE_PREFIX_PATH} DEBUGINFOD_URLS=https://debuginfod.ubuntu.com LD_LIBRARY_PATH=/home/rcli/ws_sorting_final/install/sorting_interfaces/lib:${LD_LIBRARY_PATH} PYTHONPATH=/home/rcli/ws_sorting_final/build/sorting_scene/prefix_override:/usr/lib/python3/dist-packages/colcon_core/task/python/colcon_distutils_commands:/home/rcli/ws_sorting_final/install/sorting_scene/lib/python3.12/site-packages:/home/rcli/ws_sorting_final/install/sorting_interfaces/lib/python3.12/site-packages:${PYTHONPATH} /usr/bin/python3 -W ignore:setup.py install is deprecated -W ignore:easy_install command is deprecated setup.py egg_info --egg-base ../../build/sorting_scene build --build-base /home/rcli/ws_sorting_final/build/sorting_scene/build install --record /home/rcli/ws_sorting_final/build/sorting_scene/install.log --single-version-externally-managed install_data
