[1.424s] Invoking command in '/home/rcli/ws_sorting_final/src/sorting_bringup': DEBUGINFOD_URLS=https://debuginfod.ubuntu.com PYTHONPATH=/home/rcli/ws_sorting_final/build/sorting_bringup/prefix_override:/usr/lib/python3/dist-packages/colcon_core/task/python/colcon_distutils_commands:/home/rcli/ws_sorting_final/install/sorting_bringup/lib/python3.12/site-packages:${PYTHONPATH} /usr/bin/python3 -W ignore:setup.py install is deprecated -W ignore:easy_install command is deprecated setup.py egg_info --egg-base ../../build/sorting_bringup build --build-base /home/rcli/ws_sorting_final/build/sorting_bringup/build install --record /home/rcli/ws_sorting_final/build/sorting_bringup/install.log --single-version-externally-managed install_data
[1.710s] running egg_info
[1.731s] writing ../../build/sorting_bringup/sorting_bringup.egg-info/PKG-INFO
[1.731s] writing dependency_links to ../../build/sorting_bringup/sorting_bringup.egg-info/dependency_links.txt
[1.731s] writing requirements to ../../build/sorting_bringup/sorting_bringup.egg-info/requires.txt
[1.731s] writing top-level names to ../../build/sorting_bringup/sorting_bringup.egg-info/top_level.txt
[1.772s] reading manifest file '../../build/sorting_bringup/sorting_bringup.egg-info/SOURCES.txt'
[1.772s] adding license file 'LICENSE'
[1.773s] writing manifest file '../../build/sorting_bringup/sorting_bringup.egg-info/SOURCES.txt'
[1.773s] running build
[1.773s] running build_py
[1.773s] running install
[1.780s] running install_lib
[1.801s] running install_data
[1.801s] running install_egg_info
[1.823s] removing '/home/rcli/ws_sorting_final/install/sorting_bringup/lib/python3.12/site-packages/sorting_bringup-0.0.0-py3.12.egg-info' (and everything under it)
[1.823s] Copying ../../build/sorting_bringup/sorting_bringup.egg-info to /home/rcli/ws_sorting_final/install/sorting_bringup/lib/python3.12/site-packages/sorting_bringup-0.0.0-py3.12.egg-info
[1.823s] running install_scripts
[1.961s] writing list of installed files to '/home/rcli/ws_sorting_final/build/sorting_bringup/install.log'
[1.992s] Invoked command in '/home/rcli/ws_sorting_final/src/sorting_bringup' returned '0': DEBUGINFOD_URLS=https://debuginfod.ubuntu.com PYTHONPATH=/home/rcli/ws_sorting_final/build/sorting_bringup/prefix_override:/usr/lib/python3/dist-packages/colcon_core/task/python/colcon_distutils_commands:/home/rcli/ws_sorting_final/install/sorting_bringup/lib/python3.12/site-packages:${PYTHONPATH} /usr/bin/python3 -W ignore:setup.py install is deprecated -W ignore:easy_install command is deprecated setup.py egg_info --egg-base ../../build/sorting_bringup build --build-base /home/rcli/ws_sorting_final/build/sorting_bringup/build install --record /home/rcli/ws_sorting_final/build/sorting_bringup/install.log --single-version-externally-managed install_data
