[0.648s] Invoking command in '/home/rcli/ws_sorting_final/src/sorting_executor_py': DEBUGINFOD_URLS=https://debuginfod.ubuntu.com PYTHONPATH=/home/rcli/ws_sorting_final/build/sorting_executor_py/prefix_override:/usr/lib/python3/dist-packages/colcon_core/task/python/colcon_distutils_commands:/home/rcli/ws_sorting_final/install/sorting_executor_py/lib/python3.12/site-packages:/home/rcli/ws_sorting_final/install/sorting_interfaces/lib/python3.12/site-packages:/home/rcli/ws_sorting_final/install/sorting_scene/lib/python3.12/site-packages:/home/rcli/ws_sorting_final/install/sorting_perception/lib/python3.12/site-packages:/home/rcli/ws_sorting_final/install/sorting_orchestrator/lib/python3.12/site-packages:/home/rcli/ws_sorting_final/install/sorting_executor_py/lib/python3.12/site-packages:/home/rcli/ws_sorting_final/install/sorting_gazebo/lib/python3.12/site-packages:/home/rcli/ws_sorting_final/install/sorting_bringup/lib/python3.12/site-packages:/opt/ros/jazzy/lib/python3.12/site-packages /usr/bin/python3 -W ignore:setup.py install is deprecated -W ignore:easy_install command is deprecated setup.py egg_info --egg-base ../../build/sorting_executor_py build --build-base /home/rcli/ws_sorting_final/build/sorting_executor_py/build install --record /home/rcli/ws_sorting_final/build/sorting_executor_py/install.log --single-version-externally-managed install_data
[0.868s] running egg_info
[0.883s] writing ../../build/sorting_executor_py/sorting_executor_py.egg-info/PKG-INFO
[0.883s] writing dependency_links to ../../build/sorting_executor_py/sorting_executor_py.egg-info/dependency_links.txt
[0.883s] writing entry points to ../../build/sorting_executor_py/sorting_executor_py.egg-info/entry_points.txt
[0.883s] writing requirements to ../../build/sorting_executor_py/sorting_executor_py.egg-info/requires.txt
[0.883s] writing top-level names to ../../build/sorting_executor_py/sorting_executor_py.egg-info/top_level.txt
[0.915s] reading manifest file '../../build/sorting_executor_py/sorting_executor_py.egg-info/SOURCES.txt'
[0.915s] adding license file 'LICENSE'
[0.915s] writing manifest file '../../build/sorting_executor_py/sorting_executor_py.egg-info/SOURCES.txt'
[0.915s] running build
[0.915s] running build_py
[0.916s] copying sorting_executor_py/sorting_executor.py -> /home/rcli/ws_sorting_final/build/sorting_executor_py/build/lib/sorting_executor_py
[0.916s] running install
[0.922s] running install_lib
[0.937s] copying /home/rcli/ws_sorting_final/build/sorting_executor_py/build/lib/sorting_executor_py/sorting_executor.py -> /home/rcli/ws_sorting_final/install/sorting_executor_py/lib/python3.12/site-packages/sorting_executor_py
[0.937s] byte-compiling /home/rcli/ws_sorting_final/install/sorting_executor_py/lib/python3.12/site-packages/sorting_executor_py/sorting_executor.py to sorting_executor.cpython-312.pyc
[0.939s] running install_data
[0.939s] running install_egg_info
[0.956s] removing '/home/rcli/ws_sorting_final/install/sorting_executor_py/lib/python3.12/site-packages/sorting_executor_py-0.0.0-py3.12.egg-info' (and everything under it)
[0.956s] Copying ../../build/sorting_executor_py/sorting_executor_py.egg-info to /home/rcli/ws_sorting_final/install/sorting_executor_py/lib/python3.12/site-packages/sorting_executor_py-0.0.0-py3.12.egg-info
[0.957s] running install_scripts
[1.064s] Installing sorting_executor script to /home/rcli/ws_sorting_final/install/sorting_executor_py/lib/sorting_executor_py
[1.064s] writing list of installed files to '/home/rcli/ws_sorting_final/build/sorting_executor_py/install.log'
[1.084s] Invoked command in '/home/rcli/ws_sorting_final/src/sorting_executor_py' returned '0': DEBUGINFOD_URLS=https://debuginfod.ubuntu.com PYTHONPATH=/home/rcli/ws_sorting_final/build/sorting_executor_py/prefix_override:/usr/lib/python3/dist-packages/colcon_core/task/python/colcon_distutils_commands:/home/rcli/ws_sorting_final/install/sorting_executor_py/lib/python3.12/site-packages:/home/rcli/ws_sorting_final/install/sorting_interfaces/lib/python3.12/site-packages:/home/rcli/ws_sorting_final/install/sorting_scene/lib/python3.12/site-packages:/home/rcli/ws_sorting_final/install/sorting_perception/lib/python3.12/site-packages:/home/rcli/ws_sorting_final/install/sorting_orchestrator/lib/python3.12/site-packages:/home/rcli/ws_sorting_final/install/sorting_executor_py/lib/python3.12/site-packages:/home/rcli/ws_sorting_final/install/sorting_gazebo/lib/python3.12/site-packages:/home/rcli/ws_sorting_final/install/sorting_bringup/lib/python3.12/site-packages:/opt/ros/jazzy/lib/python3.12/site-packages /usr/bin/python3 -W ignore:setup.py install is deprecated -W ignore:easy_install command is deprecated setup.py egg_info --egg-base ../../build/sorting_executor_py build --build-base /home/rcli/ws_sorting_final/build/sorting_executor_py/build install --record /home/rcli/ws_sorting_final/build/sorting_executor_py/install.log --single-version-externally-managed install_data
