[0.540s] Invoking command in '/home/rcli/ws_sorting_final/src/sorting_bringup': DEBUGINFOD_URLS=https://debuginfod.ubuntu.com PYTHONPATH=/home/rcli/ws_sorting_final/build/sorting_bringup/prefix_override:/usr/lib/python3/dist-packages/colcon_core/task/python/colcon_distutils_commands:/home/rcli/ws_sorting_final/install/sorting_bringup/lib/python3.12/site-packages:${PYTHONPATH} /usr/bin/python3 -W ignore:setup.py install is deprecated -W ignore:easy_install command is deprecated setup.py egg_info --egg-base ../../build/sorting_bringup build --build-base /home/rcli/ws_sorting_final/build/sorting_bringup/build install --record /home/rcli/ws_sorting_final/build/sorting_bringup/install.log --single-version-externally-managed install_data
[0.717s] running egg_info
[0.729s] writing ../../build/sorting_bringup/sorting_bringup.egg-info/PKG-INFO
[0.729s] writing dependency_links to ../../build/sorting_bringup/sorting_bringup.egg-info/dependency_links.txt
[0.729s] writing requirements to ../../build/sorting_bringup/sorting_bringup.egg-info/requires.txt
[0.729s] writing top-level names to ../../build/sorting_bringup/sorting_bringup.egg-info/top_level.txt
[0.754s] reading manifest file '../../build/sorting_bringup/sorting_bringup.egg-info/SOURCES.txt'
[0.754s] adding license file 'LICENSE'
[0.754s] writing manifest file '../../build/sorting_bringup/sorting_bringup.egg-info/SOURCES.txt'
[0.754s] running build
[0.754s] running build_py
[0.755s] running install
[0.759s] running install_lib
[0.772s] running install_data
[0.772s] copying launch/panda_gz_moveit.launch.py -> /home/rcli/ws_sorting_final/install/sorting_bringup/share/sorting_bringup/launch
[0.772s] copying launch/panda_executor.launch.py -> /home/rcli/ws_sorting_final/install/sorting_bringup/share/sorting_bringup/launch
[0.772s] copying launch/show_panda_in_gazebo.launch.py -> /home/rcli/ws_sorting_final/install/sorting_bringup/share/sorting_bringup/launch
[0.772s] copying config/panda_gz_controllers.yaml -> /home/rcli/ws_sorting_final/install/sorting_bringup/share/sorting_bringup/config
[0.772s] copying urdf/panda_gz.urdf.xacro -> /home/rcli/ws_sorting_final/install/sorting_bringup/share/sorting_bringup/urdf
[0.772s] running install_egg_info
[0.786s] removing '/home/rcli/ws_sorting_final/install/sorting_bringup/lib/python3.12/site-packages/sorting_bringup-0.0.0-py3.12.egg-info' (and everything under it)
[0.786s] Copying ../../build/sorting_bringup/sorting_bringup.egg-info to /home/rcli/ws_sorting_final/install/sorting_bringup/lib/python3.12/site-packages/sorting_bringup-0.0.0-py3.12.egg-info
[0.786s] running install_scripts
[0.870s] writing list of installed files to '/home/rcli/ws_sorting_final/build/sorting_bringup/install.log'
[0.885s] Invoked command in '/home/rcli/ws_sorting_final/src/sorting_bringup' returned '0': DEBUGINFOD_URLS=https://debuginfod.ubuntu.com PYTHONPATH=/home/rcli/ws_sorting_final/build/sorting_bringup/prefix_override:/usr/lib/python3/dist-packages/colcon_core/task/python/colcon_distutils_commands:/home/rcli/ws_sorting_final/install/sorting_bringup/lib/python3.12/site-packages:${PYTHONPATH} /usr/bin/python3 -W ignore:setup.py install is deprecated -W ignore:easy_install command is deprecated setup.py egg_info --egg-base ../../build/sorting_bringup build --build-base /home/rcli/ws_sorting_final/build/sorting_bringup/build install --record /home/rcli/ws_sorting_final/build/sorting_bringup/install.log --single-version-externally-managed install_data
