[1.707s] Invoking command in '/home/rcli/ws_sorting_final/src/sorting_orchestrator': DEBUGINFOD_URLS=https://debuginfod.ubuntu.com PYTHONPATH=/home/rcli/ws_sorting_final/build/sorting_orchestrator/prefix_override:/usr/lib/python3/dist-packages/colcon_core/task/python/colcon_distutils_commands:/home/rcli/ws_sorting_final/install/sorting_orchestrator/lib/python3.12/site-packages:/home/rcli/ws_sorting_final/install/sorting_interfaces/lib/python3.12/site-packages:/home/rcli/ws_sorting_final/install/sorting_scene/lib/python3.12/site-packages:/home/rcli/ws_sorting_final/install/sorting_perception/lib/python3.12/site-packages:/home/rcli/ws_sorting_final/install/sorting_orchestrator/lib/python3.12/site-packages:/home/rcli/ws_sorting_final/install/sorting_executor_py/lib/python3.12/site-packages:/home/rcli/ws_sorting_final/install/sorting_gazebo/lib/python3.12/site-packages:/home/rcli/ws_sorting_final/install/sorting_bringup/lib/python3.12/site-packages:/opt/ros/jazzy/lib/python3.12/site-packages /usr/bin/python3 -W ignore:setup.py install is deprecated -W ignore:easy_install command is deprecated setup.py egg_info --egg-base ../../build/sorting_orchestrator build --build-base /home/rcli/ws_sorting_final/build/sorting_orchestrator/build install --record /home/rcli/ws_sorting_final/build/sorting_orchestrator/install.log --single-version-externally-managed install_data
[1.972s] running egg_info
[1.992s] writing ../../build/sorting_orchestrator/sorting_orchestrator.egg-info/PKG-INFO
[1.992s] writing dependency_links to ../../build/sorting_orchestrator/sorting_orchestrator.egg-info/dependency_links.txt
[1.993s] writing entry points to ../../build/sorting_orchestrator/sorting_orchestrator.egg-info/entry_points.txt
[1.993s] writing requirements to ../../build/sorting_orchestrator/sorting_orchestrator.egg-info/requires.txt
[1.993s] writing top-level names to ../../build/sorting_orchestrator/sorting_orchestrator.egg-info/top_level.txt
[2.037s] reading manifest file '../../build/sorting_orchestrator/sorting_orchestrator.egg-info/SOURCES.txt'
[2.037s] adding license file 'LICENSE'
[2.038s] writing manifest file '../../build/sorting_orchestrator/sorting_orchestrator.egg-info/SOURCES.txt'
[2.038s] running build
[2.038s] running build_py
[2.038s] copying sorting_orchestrator/sorting_orchestrator.py -> /home/rcli/ws_sorting_final/build/sorting_orchestrator/build/lib/sorting_orchestrator
[2.039s] running install
[2.046s] running install_lib
[2.067s] copying /home/rcli/ws_sorting_final/build/sorting_orchestrator/build/lib/sorting_orchestrator/sorting_orchestrator.py -> /home/rcli/ws_sorting_final/install/sorting_orchestrator/lib/python3.12/site-packages/sorting_orchestrator
[2.067s] byte-compiling /home/rcli/ws_sorting_final/install/sorting_orchestrator/lib/python3.12/site-packages/sorting_orchestrator/sorting_orchestrator.py to sorting_orchestrator.cpython-312.pyc
[2.069s] running install_data
[2.069s] running install_egg_info
[2.090s] removing '/home/rcli/ws_sorting_final/install/sorting_orchestrator/lib/python3.12/site-packages/sorting_orchestrator-0.0.0-py3.12.egg-info' (and everything under it)
[2.090s] Copying ../../build/sorting_orchestrator/sorting_orchestrator.egg-info to /home/rcli/ws_sorting_final/install/sorting_orchestrator/lib/python3.12/site-packages/sorting_orchestrator-0.0.0-py3.12.egg-info
[2.090s] running install_scripts
[2.201s] Installing sorting_orchestrator script to /home/rcli/ws_sorting_final/install/sorting_orchestrator/lib/sorting_orchestrator
[2.201s] writing list of installed files to '/home/rcli/ws_sorting_final/build/sorting_orchestrator/install.log'
[2.223s] Invoked command in '/home/rcli/ws_sorting_final/src/sorting_orchestrator' returned '0': DEBUGINFOD_URLS=https://debuginfod.ubuntu.com PYTHONPATH=/home/rcli/ws_sorting_final/build/sorting_orchestrator/prefix_override:/usr/lib/python3/dist-packages/colcon_core/task/python/colcon_distutils_commands:/home/rcli/ws_sorting_final/install/sorting_orchestrator/lib/python3.12/site-packages:/home/rcli/ws_sorting_final/install/sorting_interfaces/lib/python3.12/site-packages:/home/rcli/ws_sorting_final/install/sorting_scene/lib/python3.12/site-packages:/home/rcli/ws_sorting_final/install/sorting_perception/lib/python3.12/site-packages:/home/rcli/ws_sorting_final/install/sorting_orchestrator/lib/python3.12/site-packages:/home/rcli/ws_sorting_final/install/sorting_executor_py/lib/python3.12/site-packages:/home/rcli/ws_sorting_final/install/sorting_gazebo/lib/python3.12/site-packages:/home/rcli/ws_sorting_final/install/sorting_bringup/lib/python3.12/site-packages:/opt/ros/jazzy/lib/python3.12/site-packages /usr/bin/python3 -W ignore:setup.py install is deprecated -W ignore:easy_install command is deprecated setup.py egg_info --egg-base ../../build/sorting_orchestrator build --build-base /home/rcli/ws_sorting_final/build/sorting_orchestrator/build install --record /home/rcli/ws_sorting_final/build/sorting_orchestrator/install.log --single-version-externally-managed install_data
