running egg_info
writing ../../build/sorting_executor_py/sorting_executor_py.egg-info/PKG-INFO
writing dependency_links to ../../build/sorting_executor_py/sorting_executor_py.egg-info/dependency_links.txt
writing entry points to ../../build/sorting_executor_py/sorting_executor_py.egg-info/entry_points.txt
writing requirements to ../../build/sorting_executor_py/sorting_executor_py.egg-info/requires.txt
writing top-level names to ../../build/sorting_executor_py/sorting_executor_py.egg-info/top_level.txt
reading manifest file '../../build/sorting_executor_py/sorting_executor_py.egg-info/SOURCES.txt'
adding license file 'LICENSE'
writing manifest file '../../build/sorting_executor_py/sorting_executor_py.egg-info/SOURCES.txt'
running build
running build_py
copying sorting_executor_py/sorting_executor.py -> /home/rcli/ws_sorting_final/build/sorting_executor_py/build/lib/sorting_executor_py
running install
running install_lib
copying /home/rcli/ws_sorting_final/build/sorting_executor_py/build/lib/sorting_executor_py/sorting_executor.py -> /home/rcli/ws_sorting_final/install/sorting_executor_py/lib/python3.12/site-packages/sorting_executor_py
byte-compiling /home/rcli/ws_sorting_final/install/sorting_executor_py/lib/python3.12/site-packages/sorting_executor_py/sorting_executor.py to sorting_executor.cpython-312.pyc
running install_data
copying config/moveit_py.yaml -> /home/rcli/ws_sorting_final/install/sorting_executor_py/share/sorting_executor_py/config
running install_egg_info
removing '/home/rcli/ws_sorting_final/install/sorting_executor_py/lib/python3.12/site-packages/sorting_executor_py-0.0.0-py3.12.egg-info' (and everything under it)
Copying ../../build/sorting_executor_py/sorting_executor_py.egg-info to /home/rcli/ws_sorting_final/install/sorting_executor_py/lib/python3.12/site-packages/sorting_executor_py-0.0.0-py3.12.egg-info
running install_scripts
Installing sorting_executor script to /home/rcli/ws_sorting_final/install/sorting_executor_py/lib/sorting_executor_py
writing list of installed files to '/home/rcli/ws_sorting_final/build/sorting_executor_py/install.log'
