[0.908s] Invoking command in '/home/rcli/ws_sorting_final/src/sorting_gazebo': DEBUGINFOD_URLS=https://debuginfod.ubuntu.com PYTHONPATH=/home/rcli/ws_sorting_final/build/sorting_gazebo/prefix_override:/usr/lib/python3/dist-packages/colcon_core/task/python/colcon_distutils_commands:/home/rcli/ws_sorting_final/install/sorting_gazebo/lib/python3.12/site-packages:${PYTHONPATH} /usr/bin/python3 -W ignore:setup.py install is deprecated -W ignore:easy_install command is deprecated setup.py egg_info --egg-base ../../build/sorting_gazebo build --build-base /home/rcli/ws_sorting_final/build/sorting_gazebo/build install --record /home/rcli/ws_sorting_final/build/sorting_gazebo/install.log --single-version-externally-managed install_data
[1.089s] running egg_info
[1.102s] writing ../../build/sorting_gazebo/sorting_gazebo.egg-info/PKG-INFO
[1.102s] writing dependency_links to ../../build/sorting_gazebo/sorting_gazebo.egg-info/dependency_links.txt
[1.102s] writing requirements to ../../build/sorting_gazebo/sorting_gazebo.egg-info/requires.txt
[1.103s] writing top-level names to ../../build/sorting_gazebo/sorting_gazebo.egg-info/top_level.txt
[1.130s] reading manifest file '../../build/sorting_gazebo/sorting_gazebo.egg-info/SOURCES.txt'
[1.130s] adding license file 'LICENSE'
[1.131s] writing manifest file '../../build/sorting_gazebo/sorting_gazebo.egg-info/SOURCES.txt'
[1.131s] running build
[1.131s] running build_py
[1.131s] running install
[1.136s] running install_lib
[1.150s] running install_data
[1.150s] running install_egg_info
[1.165s] removing '/home/rcli/ws_sorting_final/install/sorting_gazebo/lib/python3.12/site-packages/sorting_gazebo-0.0.0-py3.12.egg-info' (and everything under it)
[1.165s] Copying ../../build/sorting_gazebo/sorting_gazebo.egg-info to /home/rcli/ws_sorting_final/install/sorting_gazebo/lib/python3.12/site-packages/sorting_gazebo-0.0.0-py3.12.egg-info
[1.165s] running install_scripts
[1.259s] writing list of installed files to '/home/rcli/ws_sorting_final/build/sorting_gazebo/install.log'
[1.285s] Invoked command in '/home/rcli/ws_sorting_final/src/sorting_gazebo' returned '0': DEBUGINFOD_URLS=https://debuginfod.ubuntu.com PYTHONPATH=/home/rcli/ws_sorting_final/build/sorting_gazebo/prefix_override:/usr/lib/python3/dist-packages/colcon_core/task/python/colcon_distutils_commands:/home/rcli/ws_sorting_final/install/sorting_gazebo/lib/python3.12/site-packages:${PYTHONPATH} /usr/bin/python3 -W ignore:setup.py install is deprecated -W ignore:easy_install command is deprecated setup.py egg_info --egg-base ../../build/sorting_gazebo build --build-base /home/rcli/ws_sorting_final/build/sorting_gazebo/build install --record /home/rcli/ws_sorting_final/build/sorting_gazebo/install.log --single-version-externally-managed install_data
