running egg_info
creating ../../build/sorting_bringup/sorting_bringup.egg-info
writing ../../build/sorting_bringup/sorting_bringup.egg-info/PKG-INFO
writing dependency_links to ../../build/sorting_bringup/sorting_bringup.egg-info/dependency_links.txt
writing requirements to ../../build/sorting_bringup/sorting_bringup.egg-info/requires.txt
writing top-level names to ../../build/sorting_bringup/sorting_bringup.egg-info/top_level.txt
writing manifest file '../../build/sorting_bringup/sorting_bringup.egg-info/SOURCES.txt'
reading manifest file '../../build/sorting_bringup/sorting_bringup.egg-info/SOURCES.txt'
adding license file 'LICENSE'
writing manifest file '../../build/sorting_bringup/sorting_bringup.egg-info/SOURCES.txt'
running build
running build_py
creating /home/rcli/ws_sorting_final/build/sorting_bringup/build
creating /home/rcli/ws_sorting_final/build/sorting_bringup/build/lib
creating /home/rcli/ws_sorting_final/build/sorting_bringup/build/lib/sorting_bringup
copying sorting_bringup/__init__.py -> /home/rcli/ws_sorting_final/build/sorting_bringup/build/lib/sorting_bringup
running install
running install_lib
creating /home/rcli/ws_sorting_final/install/sorting_bringup/lib/python3.12/site-packages/sorting_bringup
copying /home/rcli/ws_sorting_final/build/sorting_bringup/build/lib/sorting_bringup/__init__.py -> /home/rcli/ws_sorting_final/install/sorting_bringup/lib/python3.12/site-packages/sorting_bringup
byte-compiling /home/rcli/ws_sorting_final/install/sorting_bringup/lib/python3.12/site-packages/sorting_bringup/__init__.py to __init__.cpython-312.pyc
running install_data
creating /home/rcli/ws_sorting_final/install/sorting_bringup/share/ament_index
creating /home/rcli/ws_sorting_final/install/sorting_bringup/share/ament_index/resource_index
creating /home/rcli/ws_sorting_final/install/sorting_bringup/share/ament_index/resource_index/packages
copying resource/sorting_bringup -> /home/rcli/ws_sorting_final/install/sorting_bringup/share/ament_index/resource_index/packages
copying package.xml -> /home/rcli/ws_sorting_final/install/sorting_bringup/share/sorting_bringup
running install_egg_info
Copying ../../build/sorting_bringup/sorting_bringup.egg-info to /home/rcli/ws_sorting_final/install/sorting_bringup/lib/python3.12/site-packages/sorting_bringup-0.0.0-py3.12.egg-info
running install_scripts
writing list of installed files to '/home/rcli/ws_sorting_final/build/sorting_bringup/install.log'
