running egg_info
creating ../../build/sorting_gazebo/sorting_gazebo.egg-info
writing ../../build/sorting_gazebo/sorting_gazebo.egg-info/PKG-INFO
writing dependency_links to ../../build/sorting_gazebo/sorting_gazebo.egg-info/dependency_links.txt
writing requirements to ../../build/sorting_gazebo/sorting_gazebo.egg-info/requires.txt
writing top-level names to ../../build/sorting_gazebo/sorting_gazebo.egg-info/top_level.txt
writing manifest file '../../build/sorting_gazebo/sorting_gazebo.egg-info/SOURCES.txt'
reading manifest file '../../build/sorting_gazebo/sorting_gazebo.egg-info/SOURCES.txt'
adding license file 'LICENSE'
writing manifest file '../../build/sorting_gazebo/sorting_gazebo.egg-info/SOURCES.txt'
running build
running build_py
creating /home/rcli/ws_sorting_final/build/sorting_gazebo/build
creating /home/rcli/ws_sorting_final/build/sorting_gazebo/build/lib
creating /home/rcli/ws_sorting_final/build/sorting_gazebo/build/lib/sorting_gazebo
copying sorting_gazebo/__init__.py -> /home/rcli/ws_sorting_final/build/sorting_gazebo/build/lib/sorting_gazebo
running install
running install_lib
creating /home/rcli/ws_sorting_final/install/sorting_gazebo/lib/python3.12/site-packages/sorting_gazebo
copying /home/rcli/ws_sorting_final/build/sorting_gazebo/build/lib/sorting_gazebo/__init__.py -> /home/rcli/ws_sorting_final/install/sorting_gazebo/lib/python3.12/site-packages/sorting_gazebo
byte-compiling /home/rcli/ws_sorting_final/install/sorting_gazebo/lib/python3.12/site-packages/sorting_gazebo/__init__.py to __init__.cpython-312.pyc
running install_data
creating /home/rcli/ws_sorting_final/install/sorting_gazebo/share/ament_index
creating /home/rcli/ws_sorting_final/install/sorting_gazebo/share/ament_index/resource_index
creating /home/rcli/ws_sorting_final/install/sorting_gazebo/share/ament_index/resource_index/packages
copying resource/sorting_gazebo -> /home/rcli/ws_sorting_final/install/sorting_gazebo/share/ament_index/resource_index/packages
copying package.xml -> /home/rcli/ws_sorting_final/install/sorting_gazebo/share/sorting_gazebo
running install_egg_info
Copying ../../build/sorting_gazebo/sorting_gazebo.egg-info to /home/rcli/ws_sorting_final/install/sorting_gazebo/lib/python3.12/site-packages/sorting_gazebo-0.0.0-py3.12.egg-info
running install_scripts
writing list of installed files to '/home/rcli/ws_sorting_final/build/sorting_gazebo/install.log'
