[1.091s] Invoking command in '/home/rcli/ws_sorting_final/src/sorting_bringup': DEBUGINFOD_URLS=https://debuginfod.ubuntu.com PYTHONPATH=/home/rcli/ws_sorting_final/build/sorting_bringup/prefix_override:/usr/lib/python3/dist-packages/colcon_core/task/python/colcon_distutils_commands:/home/rcli/ws_sorting_final/install/sorting_bringup/lib/python3.12/site-packages:${PYTHONPATH} /usr/bin/python3 -W ignore:setup.py install is deprecated -W ignore:easy_install command is deprecated setup.py egg_info --egg-base ../../build/sorting_bringup build --build-base /home/rcli/ws_sorting_final/build/sorting_bringup/build install --record /home/rcli/ws_sorting_final/build/sorting_bringup/install.log --single-version-externally-managed install_data
[1.246s] running egg_info
[1.256s] writing ../../build/sorting_bringup/sorting_bringup.egg-info/PKG-INFO
[1.257s] writing dependency_links to ../../build/sorting_bringup/sorting_bringup.egg-info/dependency_links.txt
[1.257s] writing requirements to ../../build/sorting_bringup/sorting_bringup.egg-info/requires.txt
[1.257s] writing top-level names to ../../build/sorting_bringup/sorting_bringup.egg-info/top_level.txt
[1.278s] reading manifest file '../../build/sorting_bringup/sorting_bringup.egg-info/SOURCES.txt'
[1.278s] adding license file 'LICENSE'
[1.278s] writing manifest file '../../build/sorting_bringup/sorting_bringup.egg-info/SOURCES.txt'
[1.279s] running build
[1.279s] running build_py
[1.279s] running install
[1.283s] running install_lib
[1.292s] running install_data
[1.292s] copying launch/panda_gz_moveit.launch.py -> /home/rcli/ws_sorting_final/install/sorting_bringup/share/sorting_bringup/launch
[1.293s] copying urdf/panda_gz.urdf.xacro -> /home/rcli/ws_sorting_final/install/sorting_bringup/share/sorting_bringup/urdf
[1.293s] running install_egg_info
[1.304s] removing '/home/rcli/ws_sorting_final/install/sorting_bringup/lib/python3.12/site-packages/sorting_bringup-0.0.0-py3.12.egg-info' (and everything under it)
[1.304s] Copying ../../build/sorting_bringup/sorting_bringup.egg-info to /home/rcli/ws_sorting_final/install/sorting_bringup/lib/python3.12/site-packages/sorting_bringup-0.0.0-py3.12.egg-info
[1.304s] running install_scripts
[1.374s] writing list of installed files to '/home/rcli/ws_sorting_final/build/sorting_bringup/install.log'
[1.387s] Invoked command in '/home/rcli/ws_sorting_final/src/sorting_bringup' returned '0': DEBUGINFOD_URLS=https://debuginfod.ubuntu.com PYTHONPATH=/home/rcli/ws_sorting_final/build/sorting_bringup/prefix_override:/usr/lib/python3/dist-packages/colcon_core/task/python/colcon_distutils_commands:/home/rcli/ws_sorting_final/install/sorting_bringup/lib/python3.12/site-packages:${PYTHONPATH} /usr/bin/python3 -W ignore:setup.py install is deprecated -W ignore:easy_install command is deprecated setup.py egg_info --egg-base ../../build/sorting_bringup build --build-base /home/rcli/ws_sorting_final/build/sorting_bringup/build install --record /home/rcli/ws_sorting_final/build/sorting_bringup/install.log --single-version-externally-managed install_data
